checking for RDTSCP instruction...Success.  Using RDTSCP for time
RDTSCP Timing Probe: 2429824089 ticks per second
=== WatchVrf - position + Object Console telemetry (R3 / groundwork 0.6) ===
    federation=CWIX-2024 appNumber=3555 duration=360s sample=5s

[..] bridge.Start() - joining the federation...
Using MAK Technologies' RTI version 4.6.1 HLA 1516-2010 for Microsoft Visual C++ version 14.0 Release Mode.
Connected to RTI Assistant.
Loading Config File: C:\MAK\makRti4.6.1\rid.mtl
INFO[Util] 12:33:33.651 T:45160 MAK::DtInitializer::loadConfigScript: Loading config file: vrfLegion.lua
[OK] joined; discovering + sampling (POS,t,uuid,lat,lon,alt ; CON,t,uuid,level,msg ; TSK,t,marking,taskType ; RPT,t,text)...
POS,3,VRF_UUID:35197492-1871-5f80-90f8-22c7128f7754,58.702866,16.498625,51.0
POS,3,VRF_UUID:5a3ca430-fa6b-51cb-9849-f759b5a005e4,58.702821,16.499229,51.0
POS,3,VRF_UUID:684975b6-6a71-59ac-b409-ba5f70b5ad18,NaN,-90.000000,NaN
POS,3,VRF_UUID:70b8d836-2557-5678-81b6-3143e6479cde,58.702956,16.499229,51.0
POS,3,VRF_UUID:90cd086b-9f79-5408-8422-fea741fb53d9,58.702866,16.499833,51.0
POS,3,VRF_UUID:c267ce3b-a998-5041-b6fc-804c671f7b58,58.702597,16.499229,51.0
POS,3,VRF_UUID:cde66adc-7a34-a14d-bd51-a3df4032e6a1,NaN,-90.000000,NaN
POS,3,VRF_UUID:f864e51f-e571-704f-92e4-108201ec1049,NaN,-90.000000,NaN
# t=3s reflected=9 readable=8
POS,8,VRF_UUID:35197492-1871-5f80-90f8-22c7128f7754,58.702866,16.498625,51.0
POS,8,VRF_UUID:5a3ca430-fa6b-51cb-9849-f759b5a005e4,58.702821,16.499229,51.0
POS,8,VRF_UUID:684975b6-6a71-59ac-b409-ba5f70b5ad18,NaN,-90.000000,NaN
POS,8,VRF_UUID:70b8d836-2557-5678-81b6-3143e6479cde,58.702956,16.499229,51.0
POS,8,VRF_UUID:90cd086b-9f79-5408-8422-fea741fb53d9,58.702866,16.499833,51.0
POS,8,VRF_UUID:c267ce3b-a998-5041-b6fc-804c671f7b58,58.702597,16.499229,51.0
POS,8,VRF_UUID:cde66adc-7a34-a14d-bd51-a3df4032e6a1,NaN,-90.000000,NaN
POS,8,VRF_UUID:f864e51f-e571-704f-92e4-108201ec1049,NaN,-90.000000,NaN
# t=8s reflected=9 readable=8
POS,13.1,VRF_UUID:35197492-1871-5f80-90f8-22c7128f7754,58.702866,16.498625,51.0
POS,13.1,VRF_UUID:5a3ca430-fa6b-51cb-9849-f759b5a005e4,58.702821,16.499229,51.0
POS,13.1,VRF_UUID:684975b6-6a71-59ac-b409-ba5f70b5ad18,NaN,-90.000000,NaN
POS,13.1,VRF_UUID:70b8d836-2557-5678-81b6-3143e6479cde,58.702956,16.499229,51.0
POS,13.1,VRF_UUID:90cd086b-9f79-5408-8422-fea741fb53d9,58.702866,16.499833,51.0
POS,13.1,VRF_UUID:c267ce3b-a998-5041-b6fc-804c671f7b58,58.702597,16.499229,51.0
POS,13.1,VRF_UUID:cde66adc-7a34-a14d-bd51-a3df4032e6a1,NaN,-90.000000,NaN
POS,13.1,VRF_UUID:f864e51f-e571-704f-92e4-108201ec1049,NaN,-90.000000,NaN
# t=13.1s reflected=9 readable=8
POS,18.1,VRF_UUID:35197492-1871-5f80-90f8-22c7128f7754,58.702866,16.498625,51.0
POS,18.1,VRF_UUID:5a3ca430-fa6b-51cb-9849-f759b5a005e4,58.702821,16.499229,51.0
POS,18.1,VRF_UUID:684975b6-6a71-59ac-b409-ba5f70b5ad18,NaN,-90.000000,NaN
POS,18.1,VRF_UUID:70b8d836-2557-5678-81b6-3143e6479cde,58.702956,16.499229,51.0
POS,18.1,VRF_UUID:90cd086b-9f79-5408-8422-fea741fb53d9,58.702866,16.499833,51.0
POS,18.1,VRF_UUID:c267ce3b-a998-5041-b6fc-804c671f7b58,58.702597,16.499229,51.0
POS,18.1,VRF_UUID:cde66adc-7a34-a14d-bd51-a3df4032e6a1,NaN,-90.000000,NaN
POS,18.1,VRF_UUID:f864e51f-e571-704f-92e4-108201ec1049,NaN,-90.000000,NaN
# t=18.1s reflected=9 readable=8
POS,23.1,VRF_UUID:35197492-1871-5f80-90f8-22c7128f7754,58.702866,16.498625,51.0
POS,23.1,VRF_UUID:5a3ca430-fa6b-51cb-9849-f759b5a005e4,58.702821,16.499229,51.0
POS,23.1,VRF_UUID:684975b6-6a71-59ac-b409-ba5f70b5ad18,NaN,-90.000000,NaN
POS,23.1,VRF_UUID:70b8d836-2557-5678-81b6-3143e6479cde,58.702956,16.499229,51.0
POS,23.1,VRF_UUID:90cd086b-9f79-5408-8422-fea741fb53d9,58.702866,16.499833,51.0
POS,23.1,VRF_UUID:c267ce3b-a998-5041-b6fc-804c671f7b58,58.702597,16.499229,51.0
POS,23.1,VRF_UUID:cde66adc-7a34-a14d-bd51-a3df4032e6a1,NaN,-90.000000,NaN
POS,23.1,VRF_UUID:f864e51f-e571-704f-92e4-108201ec1049,NaN,-90.000000,NaN
# t=23.1s reflected=9 readable=8
POS,28.2,VRF_UUID:35197492-1871-5f80-90f8-22c7128f7754,58.702866,16.498625,51.0
POS,28.2,VRF_UUID:5a3ca430-fa6b-51cb-9849-f759b5a005e4,58.702821,16.499229,51.0
POS,28.2,VRF_UUID:684975b6-6a71-59ac-b409-ba5f70b5ad18,NaN,-90.000000,NaN
POS,28.2,VRF_UUID:70b8d836-2557-5678-81b6-3143e6479cde,58.702956,16.499229,51.0
POS,28.2,VRF_UUID:90cd086b-9f79-5408-8422-fea741fb53d9,58.702866,16.499833,51.0
POS,28.2,VRF_UUID:c267ce3b-a998-5041-b6fc-804c671f7b58,58.702597,16.499229,51.0
POS,28.2,VRF_UUID:cde66adc-7a34-a14d-bd51-a3df4032e6a1,NaN,-90.000000,NaN
POS,28.2,VRF_UUID:f864e51f-e571-704f-92e4-108201ec1049,NaN,-90.000000,NaN
# t=28.2s reflected=9 readable=8
POS,33.2,VRF_UUID:35197492-1871-5f80-90f8-22c7128f7754,58.702866,16.498625,51.0
POS,33.2,VRF_UUID:5a3ca430-fa6b-51cb-9849-f759b5a005e4,58.702821,16.499229,51.0
POS,33.2,VRF_UUID:684975b6-6a71-59ac-b409-ba5f70b5ad18,NaN,-90.000000,NaN
POS,33.2,VRF_UUID:70b8d836-2557-5678-81b6-3143e6479cde,58.702956,16.499229,51.0
POS,33.2,VRF_UUID:90cd086b-9f79-5408-8422-fea741fb53d9,58.702866,16.499833,51.0
POS,33.2,VRF_UUID:c267ce3b-a998-5041-b6fc-804c671f7b58,58.702597,16.499229,51.0
POS,33.2,VRF_UUID:cde66adc-7a34-a14d-bd51-a3df4032e6a1,NaN,-90.000000,NaN
POS,33.2,VRF_UUID:f864e51f-e571-704f-92e4-108201ec1049,NaN,-90.000000,NaN
# t=33.2s reflected=9 readable=8
POS,38.2,VRF_UUID:35197492-1871-5f80-90f8-22c7128f7754,58.702866,16.498625,51.0
POS,38.2,VRF_UUID:5a3ca430-fa6b-51cb-9849-f759b5a005e4,58.702821,16.499229,51.0
POS,38.2,VRF_UUID:684975b6-6a71-59ac-b409-ba5f70b5ad18,NaN,-90.000000,NaN
POS,38.2,VRF_UUID:70b8d836-2557-5678-81b6-3143e6479cde,58.702956,16.499229,51.0
POS,38.2,VRF_UUID:90cd086b-9f79-5408-8422-fea741fb53d9,58.702866,16.499833,51.0
POS,38.2,VRF_UUID:c267ce3b-a998-5041-b6fc-804c671f7b58,58.702597,16.499229,51.0
POS,38.2,VRF_UUID:cde66adc-7a34-a14d-bd51-a3df4032e6a1,NaN,-90.000000,NaN
POS,38.2,VRF_UUID:f864e51f-e571-704f-92e4-108201ec1049,NaN,-90.000000,NaN
# t=38.2s reflected=9 readable=8
POS,43.2,VRF_UUID:35197492-1871-5f80-90f8-22c7128f7754,58.702866,16.498625,51.0
POS,43.2,VRF_UUID:5a3ca430-fa6b-51cb-9849-f759b5a005e4,58.702821,16.499229,51.0
POS,43.2,VRF_UUID:684975b6-6a71-59ac-b409-ba5f70b5ad18,NaN,-90.000000,NaN
POS,43.2,VRF_UUID:70b8d836-2557-5678-81b6-3143e6479cde,58.702956,16.499229,51.0
POS,43.2,VRF_UUID:90cd086b-9f79-5408-8422-fea741fb53d9,58.702866,16.499833,51.0
POS,43.2,VRF_UUID:c267ce3b-a998-5041-b6fc-804c671f7b58,58.702597,16.499229,51.0
POS,43.2,VRF_UUID:cde66adc-7a34-a14d-bd51-a3df4032e6a1,NaN,-90.000000,NaN
POS,43.2,VRF_UUID:f864e51f-e571-704f-92e4-108201ec1049,NaN,-90.000000,NaN
# t=43.2s reflected=9 readable=8
POS,48.2,VRF_UUID:35197492-1871-5f80-90f8-22c7128f7754,58.702866,16.498625,51.0
POS,48.2,VRF_UUID:5a3ca430-fa6b-51cb-9849-f759b5a005e4,58.702821,16.499229,51.0
POS,48.2,VRF_UUID:684975b6-6a71-59ac-b409-ba5f70b5ad18,NaN,-90.000000,NaN
POS,48.2,VRF_UUID:70b8d836-2557-5678-81b6-3143e6479cde,58.702956,16.499229,51.0
POS,48.2,VRF_UUID:90cd086b-9f79-5408-8422-fea741fb53d9,58.702866,16.499833,51.0
POS,48.2,VRF_UUID:c267ce3b-a998-5041-b6fc-804c671f7b58,58.702597,16.499229,51.0
POS,48.2,VRF_UUID:cde66adc-7a34-a14d-bd51-a3df4032e6a1,NaN,-90.000000,NaN
POS,48.2,VRF_UUID:f864e51f-e571-704f-92e4-108201ec1049,NaN,-90.000000,NaN
# t=48.2s reflected=9 readable=8
POS,53.2,VRF_UUID:35197492-1871-5f80-90f8-22c7128f7754,58.702866,16.498625,51.0
POS,53.2,VRF_UUID:5a3ca430-fa6b-51cb-9849-f759b5a005e4,58.702821,16.499229,51.0
POS,53.2,VRF_UUID:684975b6-6a71-59ac-b409-ba5f70b5ad18,NaN,-90.000000,NaN
POS,53.2,VRF_UUID:70b8d836-2557-5678-81b6-3143e6479cde,58.702956,16.499229,51.0
POS,53.2,VRF_UUID:90cd086b-9f79-5408-8422-fea741fb53d9,58.702866,16.499833,51.0
POS,53.2,VRF_UUID:c267ce3b-a998-5041-b6fc-804c671f7b58,58.702597,16.499229,51.0
POS,53.2,VRF_UUID:cde66adc-7a34-a14d-bd51-a3df4032e6a1,NaN,-90.000000,NaN
POS,53.2,VRF_UUID:f864e51f-e571-704f-92e4-108201ec1049,NaN,-90.000000,NaN
# t=53.2s reflected=9 readable=8
POS,58.3,VRF_UUID:35197492-1871-5f80-90f8-22c7128f7754,58.702866,16.498625,51.0
POS,58.3,VRF_UUID:5a3ca430-fa6b-51cb-9849-f759b5a005e4,58.702821,16.499229,51.0
POS,58.3,VRF_UUID:684975b6-6a71-59ac-b409-ba5f70b5ad18,NaN,-90.000000,NaN
POS,58.3,VRF_UUID:70b8d836-2557-5678-81b6-3143e6479cde,58.702956,16.499229,51.0
POS,58.3,VRF_UUID:90cd086b-9f79-5408-8422-fea741fb53d9,58.702866,16.499833,51.0
POS,58.3,VRF_UUID:c267ce3b-a998-5041-b6fc-804c671f7b58,58.702597,16.499229,51.0
POS,58.3,VRF_UUID:cde66adc-7a34-a14d-bd51-a3df4032e6a1,NaN,-90.000000,NaN
POS,58.3,VRF_UUID:f864e51f-e571-704f-92e4-108201ec1049,NaN,-90.000000,NaN
# t=58.3s reflected=9 readable=8
POS,63.3,VRF_UUID:35197492-1871-5f80-90f8-22c7128f7754,58.702866,16.498625,51.0
POS,63.3,VRF_UUID:5a3ca430-fa6b-51cb-9849-f759b5a005e4,58.702821,16.499229,51.0
POS,63.3,VRF_UUID:684975b6-6a71-59ac-b409-ba5f70b5ad18,NaN,-90.000000,NaN
POS,63.3,VRF_UUID:70b8d836-2557-5678-81b6-3143e6479cde,58.702956,16.499229,51.0
POS,63.3,VRF_UUID:90cd086b-9f79-5408-8422-fea741fb53d9,58.702866,16.499833,51.0
POS,63.3,VRF_UUID:c267ce3b-a998-5041-b6fc-804c671f7b58,58.702597,16.499229,51.0
POS,63.3,VRF_UUID:cde66adc-7a34-a14d-bd51-a3df4032e6a1,NaN,-90.000000,NaN
POS,63.3,VRF_UUID:f864e51f-e571-704f-92e4-108201ec1049,NaN,-90.000000,NaN
# t=63.3s reflected=9 readable=8
POS,68.3,VRF_UUID:35197492-1871-5f80-90f8-22c7128f7754,58.702866,16.498625,51.0
POS,68.3,VRF_UUID:5a3ca430-fa6b-51cb-9849-f759b5a005e4,58.702821,16.499229,51.0
POS,68.3,VRF_UUID:684975b6-6a71-59ac-b409-ba5f70b5ad18,NaN,-90.000000,NaN
POS,68.3,VRF_UUID:70b8d836-2557-5678-81b6-3143e6479cde,58.702956,16.499229,51.0
POS,68.3,VRF_UUID:90cd086b-9f79-5408-8422-fea741fb53d9,58.702866,16.499833,51.0
POS,68.3,VRF_UUID:c267ce3b-a998-5041-b6fc-804c671f7b58,58.702597,16.499229,51.0
POS,68.3,VRF_UUID:cde66adc-7a34-a14d-bd51-a3df4032e6a1,NaN,-90.000000,NaN
POS,68.3,VRF_UUID:f864e51f-e571-704f-92e4-108201ec1049,NaN,-90.000000,NaN
# t=68.3s reflected=9 readable=8
POS,73.3,VRF_UUID:35197492-1871-5f80-90f8-22c7128f7754,58.702866,16.498625,51.0
POS,73.3,VRF_UUID:5a3ca430-fa6b-51cb-9849-f759b5a005e4,58.702821,16.499229,51.0
POS,73.3,VRF_UUID:684975b6-6a71-59ac-b409-ba5f70b5ad18,NaN,-90.000000,NaN
POS,73.3,VRF_UUID:70b8d836-2557-5678-81b6-3143e6479cde,58.702956,16.499229,51.0
POS,73.3,VRF_UUID:90cd086b-9f79-5408-8422-fea741fb53d9,58.702866,16.499833,51.0
POS,73.3,VRF_UUID:c267ce3b-a998-5041-b6fc-804c671f7b58,58.702597,16.499229,51.0
POS,73.3,VRF_UUID:cde66adc-7a34-a14d-bd51-a3df4032e6a1,NaN,-90.000000,NaN
POS,73.3,VRF_UUID:f864e51f-e571-704f-92e4-108201ec1049,NaN,-90.000000,NaN
# t=73.3s reflected=9 readable=8
POS,78.3,VRF_UUID:35197492-1871-5f80-90f8-22c7128f7754,58.702866,16.498625,51.0
POS,78.3,VRF_UUID:5a3ca430-fa6b-51cb-9849-f759b5a005e4,58.702821,16.499229,51.0
POS,78.3,VRF_UUID:684975b6-6a71-59ac-b409-ba5f70b5ad18,NaN,-90.000000,NaN
POS,78.3,VRF_UUID:70b8d836-2557-5678-81b6-3143e6479cde,58.702956,16.499229,51.0
POS,78.3,VRF_UUID:90cd086b-9f79-5408-8422-fea741fb53d9,58.702866,16.499833,51.0
POS,78.3,VRF_UUID:c267ce3b-a998-5041-b6fc-804c671f7b58,58.702597,16.499229,51.0
POS,78.3,VRF_UUID:cde66adc-7a34-a14d-bd51-a3df4032e6a1,NaN,-90.000000,NaN
POS,78.3,VRF_UUID:f864e51f-e571-704f-92e4-108201ec1049,NaN,-90.000000,NaN
# t=78.3s reflected=9 readable=8
POS,83.3,VRF_UUID:35197492-1871-5f80-90f8-22c7128f7754,58.702866,16.498625,51.0
POS,83.3,VRF_UUID:5a3ca430-fa6b-51cb-9849-f759b5a005e4,58.702821,16.499229,51.0
POS,83.3,VRF_UUID:684975b6-6a71-59ac-b409-ba5f70b5ad18,NaN,-90.000000,NaN
POS,83.3,VRF_UUID:70b8d836-2557-5678-81b6-3143e6479cde,58.702956,16.499229,51.0
POS,83.3,VRF_UUID:90cd086b-9f79-5408-8422-fea741fb53d9,58.702866,16.499833,51.0
POS,83.3,VRF_UUID:c267ce3b-a998-5041-b6fc-804c671f7b58,58.702597,16.499229,51.0
POS,83.3,VRF_UUID:cde66adc-7a34-a14d-bd51-a3df4032e6a1,NaN,-90.000000,NaN
POS,83.3,VRF_UUID:f864e51f-e571-704f-92e4-108201ec1049,NaN,-90.000000,NaN
# t=83.3s reflected=9 readable=8
POS,88.3,VRF_UUID:35197492-1871-5f80-90f8-22c7128f7754,58.702866,16.498625,51.0
POS,88.3,VRF_UUID:5a3ca430-fa6b-51cb-9849-f759b5a005e4,58.702821,16.499229,51.0
POS,88.3,VRF_UUID:684975b6-6a71-59ac-b409-ba5f70b5ad18,NaN,-90.000000,NaN
POS,88.3,VRF_UUID:70b8d836-2557-5678-81b6-3143e6479cde,58.702956,16.499229,51.0
POS,88.3,VRF_UUID:90cd086b-9f79-5408-8422-fea741fb53d9,58.702866,16.499833,51.0
POS,88.3,VRF_UUID:c267ce3b-a998-5041-b6fc-804c671f7b58,58.702597,16.499229,51.0
POS,88.3,VRF_UUID:cde66adc-7a34-a14d-bd51-a3df4032e6a1,NaN,-90.000000,NaN
POS,88.3,VRF_UUID:f864e51f-e571-704f-92e4-108201ec1049,NaN,-90.000000,NaN
# t=88.3s reflected=9 readable=8
POS,93.4,VRF_UUID:35197492-1871-5f80-90f8-22c7128f7754,58.702866,16.498625,51.0
POS,93.4,VRF_UUID:5a3ca430-fa6b-51cb-9849-f759b5a005e4,58.702821,16.499229,51.0
POS,93.4,VRF_UUID:684975b6-6a71-59ac-b409-ba5f70b5ad18,NaN,-90.000000,NaN
POS,93.4,VRF_UUID:70b8d836-2557-5678-81b6-3143e6479cde,58.702956,16.499229,51.0
POS,93.4,VRF_UUID:90cd086b-9f79-5408-8422-fea741fb53d9,58.702866,16.499833,51.0
POS,93.4,VRF_UUID:c267ce3b-a998-5041-b6fc-804c671f7b58,58.702597,16.499229,51.0
POS,93.4,VRF_UUID:cde66adc-7a34-a14d-bd51-a3df4032e6a1,NaN,-90.000000,NaN
POS,93.4,VRF_UUID:f864e51f-e571-704f-92e4-108201ec1049,NaN,-90.000000,NaN
# t=93.4s reflected=9 readable=8
POS,98.4,VRF_UUID:35197492-1871-5f80-90f8-22c7128f7754,58.702866,16.498625,51.0
POS,98.4,VRF_UUID:5a3ca430-fa6b-51cb-9849-f759b5a005e4,58.702821,16.499229,51.0
POS,98.4,VRF_UUID:684975b6-6a71-59ac-b409-ba5f70b5ad18,NaN,-90.000000,NaN
POS,98.4,VRF_UUID:70b8d836-2557-5678-81b6-3143e6479cde,58.702956,16.499229,51.0
POS,98.4,VRF_UUID:90cd086b-9f79-5408-8422-fea741fb53d9,58.702866,16.499833,51.0
POS,98.4,VRF_UUID:c267ce3b-a998-5041-b6fc-804c671f7b58,58.702597,16.499229,51.0
POS,98.4,VRF_UUID:cde66adc-7a34-a14d-bd51-a3df4032e6a1,NaN,-90.000000,NaN
POS,98.4,VRF_UUID:f864e51f-e571-704f-92e4-108201ec1049,NaN,-90.000000,NaN
# t=98.4s reflected=9 readable=8
POS,103.4,VRF_UUID:35197492-1871-5f80-90f8-22c7128f7754,58.702866,16.498625,51.0
POS,103.4,VRF_UUID:5a3ca430-fa6b-51cb-9849-f759b5a005e4,58.702821,16.499229,51.0
POS,103.4,VRF_UUID:684975b6-6a71-59ac-b409-ba5f70b5ad18,NaN,-90.000000,NaN
POS,103.4,VRF_UUID:70b8d836-2557-5678-81b6-3143e6479cde,58.702956,16.499229,51.0
POS,103.4,VRF_UUID:90cd086b-9f79-5408-8422-fea741fb53d9,58.702866,16.499833,51.0
POS,103.4,VRF_UUID:c267ce3b-a998-5041-b6fc-804c671f7b58,58.702597,16.499229,51.0
POS,103.4,VRF_UUID:cde66adc-7a34-a14d-bd51-a3df4032e6a1,NaN,-90.000000,NaN
POS,103.4,VRF_UUID:f864e51f-e571-704f-92e4-108201ec1049,NaN,-90.000000,NaN
# t=103.4s reflected=9 readable=8
POS,108.5,VRF_UUID:35197492-1871-5f80-90f8-22c7128f7754,58.702866,16.498625,51.0
POS,108.5,VRF_UUID:5a3ca430-fa6b-51cb-9849-f759b5a005e4,58.702821,16.499229,51.0
POS,108.5,VRF_UUID:684975b6-6a71-59ac-b409-ba5f70b5ad18,NaN,-90.000000,NaN
POS,108.5,VRF_UUID:70b8d836-2557-5678-81b6-3143e6479cde,58.702956,16.499229,51.0
POS,108.5,VRF_UUID:90cd086b-9f79-5408-8422-fea741fb53d9,58.702866,16.499833,51.0
POS,108.5,VRF_UUID:c267ce3b-a998-5041-b6fc-804c671f7b58,58.702597,16.499229,51.0
POS,108.5,VRF_UUID:cde66adc-7a34-a14d-bd51-a3df4032e6a1,NaN,-90.000000,NaN
POS,108.5,VRF_UUID:f864e51f-e571-704f-92e4-108201ec1049,NaN,-90.000000,NaN
# t=108.5s reflected=9 readable=8
POS,113.5,VRF_UUID:35197492-1871-5f80-90f8-22c7128f7754,58.702866,16.498625,51.0
POS,113.5,VRF_UUID:5a3ca430-fa6b-51cb-9849-f759b5a005e4,58.702821,16.499229,51.0
POS,113.5,VRF_UUID:684975b6-6a71-59ac-b409-ba5f70b5ad18,NaN,-90.000000,NaN
POS,113.5,VRF_UUID:70b8d836-2557-5678-81b6-3143e6479cde,58.702956,16.499229,51.0
POS,113.5,VRF_UUID:90cd086b-9f79-5408-8422-fea741fb53d9,58.702866,16.499833,51.0
POS,113.5,VRF_UUID:c267ce3b-a998-5041-b6fc-804c671f7b58,58.702597,16.499229,51.0
POS,113.5,VRF_UUID:cde66adc-7a34-a14d-bd51-a3df4032e6a1,NaN,-90.000000,NaN
POS,113.5,VRF_UUID:f864e51f-e571-704f-92e4-108201ec1049,NaN,-90.000000,NaN
# t=113.5s reflected=9 readable=8
POS,118.5,VRF_UUID:35197492-1871-5f80-90f8-22c7128f7754,58.702866,16.498625,51.0
POS,118.5,VRF_UUID:5a3ca430-fa6b-51cb-9849-f759b5a005e4,58.702821,16.499229,51.0
POS,118.5,VRF_UUID:684975b6-6a71-59ac-b409-ba5f70b5ad18,NaN,-90.000000,NaN
POS,118.5,VRF_UUID:70b8d836-2557-5678-81b6-3143e6479cde,58.702956,16.499229,51.0
POS,118.5,VRF_UUID:90cd086b-9f79-5408-8422-fea741fb53d9,58.702866,16.499833,51.0
POS,118.5,VRF_UUID:c267ce3b-a998-5041-b6fc-804c671f7b58,58.702597,16.499229,51.0
POS,118.5,VRF_UUID:cde66adc-7a34-a14d-bd51-a3df4032e6a1,NaN,-90.000000,NaN
POS,118.5,VRF_UUID:f864e51f-e571-704f-92e4-108201ec1049,NaN,-90.000000,NaN
# t=118.5s reflected=9 readable=8
POS,123.6,VRF_UUID:35197492-1871-5f80-90f8-22c7128f7754,58.702866,16.498625,51.0
POS,123.6,VRF_UUID:5a3ca430-fa6b-51cb-9849-f759b5a005e4,58.702821,16.499229,51.0
POS,123.6,VRF_UUID:684975b6-6a71-59ac-b409-ba5f70b5ad18,NaN,-90.000000,NaN
POS,123.6,VRF_UUID:70b8d836-2557-5678-81b6-3143e6479cde,58.702956,16.499229,51.0
POS,123.6,VRF_UUID:90cd086b-9f79-5408-8422-fea741fb53d9,58.702866,16.499833,51.0
POS,123.6,VRF_UUID:c267ce3b-a998-5041-b6fc-804c671f7b58,58.702597,16.499229,51.0
POS,123.6,VRF_UUID:cde66adc-7a34-a14d-bd51-a3df4032e6a1,NaN,-90.000000,NaN
POS,123.6,VRF_UUID:f864e51f-e571-704f-92e4-108201ec1049,NaN,-90.000000,NaN
# t=123.6s reflected=9 readable=8
POS,128.6,VRF_UUID:35197492-1871-5f80-90f8-22c7128f7754,58.702866,16.498625,51.0
POS,128.6,VRF_UUID:5a3ca430-fa6b-51cb-9849-f759b5a005e4,58.702821,16.499229,51.0
POS,128.6,VRF_UUID:684975b6-6a71-59ac-b409-ba5f70b5ad18,NaN,-90.000000,NaN
POS,128.6,VRF_UUID:70b8d836-2557-5678-81b6-3143e6479cde,58.702956,16.499229,51.0
POS,128.6,VRF_UUID:90cd086b-9f79-5408-8422-fea741fb53d9,58.702866,16.499833,51.0
POS,128.6,VRF_UUID:c267ce3b-a998-5041-b6fc-804c671f7b58,58.702597,16.499229,51.0
POS,128.6,VRF_UUID:cde66adc-7a34-a14d-bd51-a3df4032e6a1,NaN,-90.000000,NaN
POS,128.6,VRF_UUID:f864e51f-e571-704f-92e4-108201ec1049,NaN,-90.000000,NaN
# t=128.6s reflected=9 readable=8
POS,133.6,VRF_UUID:35197492-1871-5f80-90f8-22c7128f7754,58.702866,16.498625,51.0
POS,133.6,VRF_UUID:5a3ca430-fa6b-51cb-9849-f759b5a005e4,58.702821,16.499229,51.0
POS,133.6,VRF_UUID:684975b6-6a71-59ac-b409-ba5f70b5ad18,NaN,-90.000000,NaN
POS,133.6,VRF_UUID:70b8d836-2557-5678-81b6-3143e6479cde,58.702956,16.499229,51.0
POS,133.6,VRF_UUID:90cd086b-9f79-5408-8422-fea741fb53d9,58.702866,16.499833,51.0
POS,133.6,VRF_UUID:c267ce3b-a998-5041-b6fc-804c671f7b58,58.702597,16.499229,51.0
POS,133.6,VRF_UUID:cde66adc-7a34-a14d-bd51-a3df4032e6a1,NaN,-90.000000,NaN
POS,133.6,VRF_UUID:f864e51f-e571-704f-92e4-108201ec1049,NaN,-90.000000,NaN
# t=133.6s reflected=9 readable=8
POS,138.6,VRF_UUID:35197492-1871-5f80-90f8-22c7128f7754,58.702866,16.498625,51.0
POS,138.6,VRF_UUID:5a3ca430-fa6b-51cb-9849-f759b5a005e4,58.702821,16.499229,51.0
POS,138.6,VRF_UUID:684975b6-6a71-59ac-b409-ba5f70b5ad18,NaN,-90.000000,NaN
POS,138.6,VRF_UUID:70b8d836-2557-5678-81b6-3143e6479cde,58.702956,16.499229,51.0
POS,138.6,VRF_UUID:90cd086b-9f79-5408-8422-fea741fb53d9,58.702866,16.499833,51.0
POS,138.6,VRF_UUID:c267ce3b-a998-5041-b6fc-804c671f7b58,58.702597,16.499229,51.0
POS,138.6,VRF_UUID:cde66adc-7a34-a14d-bd51-a3df4032e6a1,NaN,-90.000000,NaN
POS,138.6,VRF_UUID:f864e51f-e571-704f-92e4-108201ec1049,NaN,-90.000000,NaN
# t=138.6s reflected=9 readable=8
POS,143.6,VRF_UUID:35197492-1871-5f80-90f8-22c7128f7754,58.702866,16.498625,51.0
POS,143.6,VRF_UUID:5a3ca430-fa6b-51cb-9849-f759b5a005e4,58.702821,16.499229,51.0
POS,143.6,VRF_UUID:684975b6-6a71-59ac-b409-ba5f70b5ad18,NaN,-90.000000,NaN
POS,143.6,VRF_UUID:70b8d836-2557-5678-81b6-3143e6479cde,58.702956,16.499229,51.0
POS,143.6,VRF_UUID:90cd086b-9f79-5408-8422-fea741fb53d9,58.702866,16.499833,51.0
POS,143.6,VRF_UUID:c267ce3b-a998-5041-b6fc-804c671f7b58,58.702597,16.499229,51.0
POS,143.6,VRF_UUID:cde66adc-7a34-a14d-bd51-a3df4032e6a1,NaN,-90.000000,NaN
POS,143.6,VRF_UUID:f864e51f-e571-704f-92e4-108201ec1049,NaN,-90.000000,NaN
# t=143.6s reflected=9 readable=8
POS,148.6,VRF_UUID:35197492-1871-5f80-90f8-22c7128f7754,58.702866,16.498625,51.0
POS,148.6,VRF_UUID:5a3ca430-fa6b-51cb-9849-f759b5a005e4,58.702821,16.499229,51.0
POS,148.6,VRF_UUID:684975b6-6a71-59ac-b409-ba5f70b5ad18,NaN,-90.000000,NaN
POS,148.6,VRF_UUID:70b8d836-2557-5678-81b6-3143e6479cde,58.702956,16.499229,51.0
POS,148.6,VRF_UUID:90cd086b-9f79-5408-8422-fea741fb53d9,58.702866,16.499833,51.0
POS,148.6,VRF_UUID:c267ce3b-a998-5041-b6fc-804c671f7b58,58.702597,16.499229,51.0
POS,148.6,VRF_UUID:cde66adc-7a34-a14d-bd51-a3df4032e6a1,NaN,-90.000000,NaN
POS,148.6,VRF_UUID:f864e51f-e571-704f-92e4-108201ec1049,NaN,-90.000000,NaN
# t=148.6s reflected=9 readable=8
POS,153.6,VRF_UUID:35197492-1871-5f80-90f8-22c7128f7754,58.702866,16.498625,51.0
POS,153.6,VRF_UUID:5a3ca430-fa6b-51cb-9849-f759b5a005e4,58.702821,16.499229,51.0
POS,153.6,VRF_UUID:684975b6-6a71-59ac-b409-ba5f70b5ad18,NaN,-90.000000,NaN
POS,153.6,VRF_UUID:70b8d836-2557-5678-81b6-3143e6479cde,58.702956,16.499229,51.0
POS,153.6,VRF_UUID:90cd086b-9f79-5408-8422-fea741fb53d9,58.702866,16.499833,51.0
POS,153.6,VRF_UUID:c267ce3b-a998-5041-b6fc-804c671f7b58,58.702597,16.499229,51.0
POS,153.6,VRF_UUID:cde66adc-7a34-a14d-bd51-a3df4032e6a1,NaN,-90.000000,NaN
POS,153.6,VRF_UUID:f864e51f-e571-704f-92e4-108201ec1049,NaN,-90.000000,NaN
# t=153.6s reflected=9 readable=8
POS,158.6,VRF_UUID:35197492-1871-5f80-90f8-22c7128f7754,58.702866,16.498625,51.0
POS,158.6,VRF_UUID:5a3ca430-fa6b-51cb-9849-f759b5a005e4,58.702821,16.499229,51.0
POS,158.6,VRF_UUID:684975b6-6a71-59ac-b409-ba5f70b5ad18,NaN,-90.000000,NaN
POS,158.6,VRF_UUID:70b8d836-2557-5678-81b6-3143e6479cde,58.702956,16.499229,51.0
POS,158.6,VRF_UUID:90cd086b-9f79-5408-8422-fea741fb53d9,58.702866,16.499833,51.0
POS,158.6,VRF_UUID:c267ce3b-a998-5041-b6fc-804c671f7b58,58.702597,16.499229,51.0
POS,158.6,VRF_UUID:cde66adc-7a34-a14d-bd51-a3df4032e6a1,NaN,-90.000000,NaN
POS,158.6,VRF_UUID:f864e51f-e571-704f-92e4-108201ec1049,NaN,-90.000000,NaN
# t=158.6s reflected=9 readable=8
POS,163.6,VRF_UUID:35197492-1871-5f80-90f8-22c7128f7754,58.702866,16.498625,51.0
POS,163.6,VRF_UUID:5a3ca430-fa6b-51cb-9849-f759b5a005e4,58.702821,16.499229,51.0
POS,163.6,VRF_UUID:684975b6-6a71-59ac-b409-ba5f70b5ad18,NaN,-90.000000,NaN
POS,163.6,VRF_UUID:70b8d836-2557-5678-81b6-3143e6479cde,58.702956,16.499229,51.0
POS,163.6,VRF_UUID:90cd086b-9f79-5408-8422-fea741fb53d9,58.702866,16.499833,51.0
POS,163.6,VRF_UUID:c267ce3b-a998-5041-b6fc-804c671f7b58,58.702597,16.499229,51.0
POS,163.6,VRF_UUID:cde66adc-7a34-a14d-bd51-a3df4032e6a1,NaN,-90.000000,NaN
POS,163.6,VRF_UUID:f864e51f-e571-704f-92e4-108201ec1049,NaN,-90.000000,NaN
# t=163.6s reflected=9 readable=8
POS,168.7,VRF_UUID:35197492-1871-5f80-90f8-22c7128f7754,58.702866,16.498625,51.0
POS,168.7,VRF_UUID:5a3ca430-fa6b-51cb-9849-f759b5a005e4,58.702821,16.499229,51.0
POS,168.7,VRF_UUID:684975b6-6a71-59ac-b409-ba5f70b5ad18,NaN,-90.000000,NaN
POS,168.7,VRF_UUID:70b8d836-2557-5678-81b6-3143e6479cde,58.702956,16.499229,51.0
POS,168.7,VRF_UUID:90cd086b-9f79-5408-8422-fea741fb53d9,58.702866,16.499833,51.0
POS,168.7,VRF_UUID:c267ce3b-a998-5041-b6fc-804c671f7b58,58.702597,16.499229,51.0
POS,168.7,VRF_UUID:cde66adc-7a34-a14d-bd51-a3df4032e6a1,NaN,-90.000000,NaN
POS,168.7,VRF_UUID:f864e51f-e571-704f-92e4-108201ec1049,NaN,-90.000000,NaN
# t=168.7s reflected=9 readable=8
POS,173.7,VRF_UUID:35197492-1871-5f80-90f8-22c7128f7754,58.702866,16.498625,51.0
POS,173.7,VRF_UUID:5a3ca430-fa6b-51cb-9849-f759b5a005e4,58.702821,16.499229,51.0
POS,173.7,VRF_UUID:684975b6-6a71-59ac-b409-ba5f70b5ad18,NaN,-90.000000,NaN
POS,173.7,VRF_UUID:70b8d836-2557-5678-81b6-3143e6479cde,58.702956,16.499229,51.0
POS,173.7,VRF_UUID:90cd086b-9f79-5408-8422-fea741fb53d9,58.702866,16.499833,51.0
POS,173.7,VRF_UUID:c267ce3b-a998-5041-b6fc-804c671f7b58,58.702597,16.499229,51.0
POS,173.7,VRF_UUID:cde66adc-7a34-a14d-bd51-a3df4032e6a1,NaN,-90.000000,NaN
POS,173.7,VRF_UUID:f864e51f-e571-704f-92e4-108201ec1049,NaN,-90.000000,NaN
# t=173.7s reflected=9 readable=8
POS,178.7,VRF_UUID:35197492-1871-5f80-90f8-22c7128f7754,58.702866,16.498625,51.0
POS,178.7,VRF_UUID:5a3ca430-fa6b-51cb-9849-f759b5a005e4,58.702821,16.499229,51.0
POS,178.7,VRF_UUID:684975b6-6a71-59ac-b409-ba5f70b5ad18,NaN,-90.000000,NaN
POS,178.7,VRF_UUID:70b8d836-2557-5678-81b6-3143e6479cde,58.702956,16.499229,51.0
POS,178.7,VRF_UUID:90cd086b-9f79-5408-8422-fea741fb53d9,58.702866,16.499833,51.0
POS,178.7,VRF_UUID:c267ce3b-a998-5041-b6fc-804c671f7b58,58.702597,16.499229,51.0
POS,178.7,VRF_UUID:cde66adc-7a34-a14d-bd51-a3df4032e6a1,NaN,-90.000000,NaN
POS,178.7,VRF_UUID:f864e51f-e571-704f-92e4-108201ec1049,NaN,-90.000000,NaN
# t=178.7s reflected=9 readable=8
POS,183.7,VRF_UUID:35197492-1871-5f80-90f8-22c7128f7754,58.702866,16.498625,51.0
POS,183.7,VRF_UUID:5a3ca430-fa6b-51cb-9849-f759b5a005e4,58.702821,16.499229,51.0
POS,183.7,VRF_UUID:684975b6-6a71-59ac-b409-ba5f70b5ad18,NaN,-90.000000,NaN
POS,183.7,VRF_UUID:70b8d836-2557-5678-81b6-3143e6479cde,58.702956,16.499229,51.0
POS,183.7,VRF_UUID:90cd086b-9f79-5408-8422-fea741fb53d9,58.702866,16.499833,51.0
POS,183.7,VRF_UUID:c267ce3b-a998-5041-b6fc-804c671f7b58,58.702597,16.499229,51.0
POS,183.7,VRF_UUID:cde66adc-7a34-a14d-bd51-a3df4032e6a1,NaN,-90.000000,NaN
POS,183.7,VRF_UUID:f864e51f-e571-704f-92e4-108201ec1049,NaN,-90.000000,NaN
# t=183.7s reflected=9 readable=8
POS,188.7,VRF_UUID:35197492-1871-5f80-90f8-22c7128f7754,58.702866,16.498625,51.0
POS,188.7,VRF_UUID:5a3ca430-fa6b-51cb-9849-f759b5a005e4,58.702821,16.499229,51.0
POS,188.7,VRF_UUID:684975b6-6a71-59ac-b409-ba5f70b5ad18,NaN,-90.000000,NaN
POS,188.7,VRF_UUID:70b8d836-2557-5678-81b6-3143e6479cde,58.702956,16.499229,51.0
POS,188.7,VRF_UUID:90cd086b-9f79-5408-8422-fea741fb53d9,58.702866,16.499833,51.0
POS,188.7,VRF_UUID:c267ce3b-a998-5041-b6fc-804c671f7b58,58.702597,16.499229,51.0
POS,188.7,VRF_UUID:cde66adc-7a34-a14d-bd51-a3df4032e6a1,NaN,-90.000000,NaN
POS,188.7,VRF_UUID:f864e51f-e571-704f-92e4-108201ec1049,NaN,-90.000000,NaN
# t=188.7s reflected=9 readable=8
POS,193.8,VRF_UUID:35197492-1871-5f80-90f8-22c7128f7754,58.702866,16.498625,51.0
POS,193.8,VRF_UUID:5a3ca430-fa6b-51cb-9849-f759b5a005e4,58.702821,16.499229,51.0
POS,193.8,VRF_UUID:684975b6-6a71-59ac-b409-ba5f70b5ad18,NaN,-90.000000,NaN
POS,193.8,VRF_UUID:70b8d836-2557-5678-81b6-3143e6479cde,58.702956,16.499229,51.0
POS,193.8,VRF_UUID:90cd086b-9f79-5408-8422-fea741fb53d9,58.702866,16.499833,51.0
POS,193.8,VRF_UUID:c267ce3b-a998-5041-b6fc-804c671f7b58,58.702597,16.499229,51.0
POS,193.8,VRF_UUID:cde66adc-7a34-a14d-bd51-a3df4032e6a1,NaN,-90.000000,NaN
POS,193.8,VRF_UUID:f864e51f-e571-704f-92e4-108201ec1049,NaN,-90.000000,NaN
# t=193.8s reflected=9 readable=8
POS,198.8,VRF_UUID:35197492-1871-5f80-90f8-22c7128f7754,58.702866,16.498625,51.0
POS,198.8,VRF_UUID:5a3ca430-fa6b-51cb-9849-f759b5a005e4,58.702821,16.499229,51.0
POS,198.8,VRF_UUID:684975b6-6a71-59ac-b409-ba5f70b5ad18,NaN,-90.000000,NaN
POS,198.8,VRF_UUID:70b8d836-2557-5678-81b6-3143e6479cde,58.702956,16.499229,51.0
POS,198.8,VRF_UUID:90cd086b-9f79-5408-8422-fea741fb53d9,58.702866,16.499833,51.0
POS,198.8,VRF_UUID:c267ce3b-a998-5041-b6fc-804c671f7b58,58.702597,16.499229,51.0
POS,198.8,VRF_UUID:cde66adc-7a34-a14d-bd51-a3df4032e6a1,NaN,-90.000000,NaN
POS,198.8,VRF_UUID:f864e51f-e571-704f-92e4-108201ec1049,NaN,-90.000000,NaN
# t=198.8s reflected=9 readable=8
POS,203.8,VRF_UUID:35197492-1871-5f80-90f8-22c7128f7754,58.702866,16.498625,51.0
POS,203.8,VRF_UUID:5a3ca430-fa6b-51cb-9849-f759b5a005e4,58.702821,16.499229,51.0
POS,203.8,VRF_UUID:684975b6-6a71-59ac-b409-ba5f70b5ad18,NaN,-90.000000,NaN
POS,203.8,VRF_UUID:70b8d836-2557-5678-81b6-3143e6479cde,58.702956,16.499229,51.0
POS,203.8,VRF_UUID:90cd086b-9f79-5408-8422-fea741fb53d9,58.702866,16.499833,51.0
POS,203.8,VRF_UUID:c267ce3b-a998-5041-b6fc-804c671f7b58,58.702597,16.499229,51.0
POS,203.8,VRF_UUID:cde66adc-7a34-a14d-bd51-a3df4032e6a1,NaN,-90.000000,NaN
POS,203.8,VRF_UUID:f864e51f-e571-704f-92e4-108201ec1049,NaN,-90.000000,NaN
# t=203.8s reflected=9 readable=8
POS,208.8,VRF_UUID:35197492-1871-5f80-90f8-22c7128f7754,58.702866,16.498625,51.0
POS,208.8,VRF_UUID:5a3ca430-fa6b-51cb-9849-f759b5a005e4,58.702821,16.499229,51.0
POS,208.8,VRF_UUID:684975b6-6a71-59ac-b409-ba5f70b5ad18,NaN,-90.000000,NaN
POS,208.8,VRF_UUID:70b8d836-2557-5678-81b6-3143e6479cde,58.702956,16.499229,51.0
POS,208.8,VRF_UUID:90cd086b-9f79-5408-8422-fea741fb53d9,58.702866,16.499833,51.0
POS,208.8,VRF_UUID:c267ce3b-a998-5041-b6fc-804c671f7b58,58.702597,16.499229,51.0
POS,208.8,VRF_UUID:cde66adc-7a34-a14d-bd51-a3df4032e6a1,NaN,-90.000000,NaN
POS,208.8,VRF_UUID:f864e51f-e571-704f-92e4-108201ec1049,NaN,-90.000000,NaN
# t=208.8s reflected=9 readable=8
POS,213.8,VRF_UUID:35197492-1871-5f80-90f8-22c7128f7754,58.702866,16.498625,51.0
POS,213.8,VRF_UUID:5a3ca430-fa6b-51cb-9849-f759b5a005e4,58.702821,16.499229,51.0
POS,213.8,VRF_UUID:684975b6-6a71-59ac-b409-ba5f70b5ad18,NaN,-90.000000,NaN
POS,213.8,VRF_UUID:70b8d836-2557-5678-81b6-3143e6479cde,58.702956,16.499229,51.0
POS,213.8,VRF_UUID:90cd086b-9f79-5408-8422-fea741fb53d9,58.702866,16.499833,51.0
POS,213.8,VRF_UUID:c267ce3b-a998-5041-b6fc-804c671f7b58,58.702597,16.499229,51.0
POS,213.8,VRF_UUID:cde66adc-7a34-a14d-bd51-a3df4032e6a1,NaN,-90.000000,NaN
POS,213.8,VRF_UUID:f864e51f-e571-704f-92e4-108201ec1049,NaN,-90.000000,NaN
# t=213.8s reflected=9 readable=8
POS,218.9,VRF_UUID:35197492-1871-5f80-90f8-22c7128f7754,58.702866,16.498625,51.0
POS,218.9,VRF_UUID:5a3ca430-fa6b-51cb-9849-f759b5a005e4,58.702821,16.499229,51.0
POS,218.9,VRF_UUID:684975b6-6a71-59ac-b409-ba5f70b5ad18,NaN,-90.000000,NaN
POS,218.9,VRF_UUID:70b8d836-2557-5678-81b6-3143e6479cde,58.702956,16.499229,51.0
POS,218.9,VRF_UUID:90cd086b-9f79-5408-8422-fea741fb53d9,58.702866,16.499833,51.0
POS,218.9,VRF_UUID:c267ce3b-a998-5041-b6fc-804c671f7b58,58.702597,16.499229,51.0
POS,218.9,VRF_UUID:cde66adc-7a34-a14d-bd51-a3df4032e6a1,NaN,-90.000000,NaN
POS,218.9,VRF_UUID:f864e51f-e571-704f-92e4-108201ec1049,NaN,-90.000000,NaN
# t=218.9s reflected=9 readable=8
POS,223.9,VRF_UUID:35197492-1871-5f80-90f8-22c7128f7754,58.702866,16.498625,51.0
POS,223.9,VRF_UUID:5a3ca430-fa6b-51cb-9849-f759b5a005e4,58.702821,16.499229,51.0
POS,223.9,VRF_UUID:684975b6-6a71-59ac-b409-ba5f70b5ad18,NaN,-90.000000,NaN
POS,223.9,VRF_UUID:70b8d836-2557-5678-81b6-3143e6479cde,58.702956,16.499229,51.0
POS,223.9,VRF_UUID:90cd086b-9f79-5408-8422-fea741fb53d9,58.702866,16.499833,51.0
POS,223.9,VRF_UUID:c267ce3b-a998-5041-b6fc-804c671f7b58,58.702597,16.499229,51.0
POS,223.9,VRF_UUID:cde66adc-7a34-a14d-bd51-a3df4032e6a1,NaN,-90.000000,NaN
POS,223.9,VRF_UUID:f864e51f-e571-704f-92e4-108201ec1049,NaN,-90.000000,NaN
# t=223.9s reflected=9 readable=8
POS,228.9,VRF_UUID:35197492-1871-5f80-90f8-22c7128f7754,58.702866,16.498625,51.0
POS,228.9,VRF_UUID:5a3ca430-fa6b-51cb-9849-f759b5a005e4,58.702821,16.499229,51.0
POS,228.9,VRF_UUID:684975b6-6a71-59ac-b409-ba5f70b5ad18,NaN,-90.000000,NaN
POS,228.9,VRF_UUID:70b8d836-2557-5678-81b6-3143e6479cde,58.702956,16.499229,51.0
POS,228.9,VRF_UUID:90cd086b-9f79-5408-8422-fea741fb53d9,58.702866,16.499833,51.0
POS,228.9,VRF_UUID:c267ce3b-a998-5041-b6fc-804c671f7b58,58.702597,16.499229,51.0
POS,228.9,VRF_UUID:cde66adc-7a34-a14d-bd51-a3df4032e6a1,NaN,-90.000000,NaN
POS,228.9,VRF_UUID:f864e51f-e571-704f-92e4-108201ec1049,NaN,-90.000000,NaN
# t=228.9s reflected=9 readable=8
POS,233.9,VRF_UUID:35197492-1871-5f80-90f8-22c7128f7754,58.702866,16.498625,51.0
POS,233.9,VRF_UUID:5a3ca430-fa6b-51cb-9849-f759b5a005e4,58.702821,16.499229,51.0
POS,233.9,VRF_UUID:684975b6-6a71-59ac-b409-ba5f70b5ad18,NaN,-90.000000,NaN
POS,233.9,VRF_UUID:70b8d836-2557-5678-81b6-3143e6479cde,58.702956,16.499229,51.0
POS,233.9,VRF_UUID:90cd086b-9f79-5408-8422-fea741fb53d9,58.702866,16.499833,51.0
POS,233.9,VRF_UUID:c267ce3b-a998-5041-b6fc-804c671f7b58,58.702597,16.499229,51.0
POS,233.9,VRF_UUID:cde66adc-7a34-a14d-bd51-a3df4032e6a1,NaN,-90.000000,NaN
POS,233.9,VRF_UUID:f864e51f-e571-704f-92e4-108201ec1049,NaN,-90.000000,NaN
# t=233.9s reflected=9 readable=8
POS,238.9,VRF_UUID:35197492-1871-5f80-90f8-22c7128f7754,58.702866,16.498625,51.0
POS,238.9,VRF_UUID:5a3ca430-fa6b-51cb-9849-f759b5a005e4,58.702821,16.499229,51.0
POS,238.9,VRF_UUID:684975b6-6a71-59ac-b409-ba5f70b5ad18,NaN,-90.000000,NaN
POS,238.9,VRF_UUID:70b8d836-2557-5678-81b6-3143e6479cde,58.702956,16.499229,51.0
POS,238.9,VRF_UUID:90cd086b-9f79-5408-8422-fea741fb53d9,58.702866,16.499833,51.0
POS,238.9,VRF_UUID:c267ce3b-a998-5041-b6fc-804c671f7b58,58.702597,16.499229,51.0
POS,238.9,VRF_UUID:cde66adc-7a34-a14d-bd51-a3df4032e6a1,NaN,-90.000000,NaN
POS,238.9,VRF_UUID:f864e51f-e571-704f-92e4-108201ec1049,NaN,-90.000000,NaN
# t=238.9s reflected=9 readable=8
POS,243.9,VRF_UUID:35197492-1871-5f80-90f8-22c7128f7754,58.702866,16.498625,51.0
POS,243.9,VRF_UUID:5a3ca430-fa6b-51cb-9849-f759b5a005e4,58.702821,16.499229,51.0
POS,243.9,VRF_UUID:684975b6-6a71-59ac-b409-ba5f70b5ad18,NaN,-90.000000,NaN
POS,243.9,VRF_UUID:70b8d836-2557-5678-81b6-3143e6479cde,58.702956,16.499229,51.0
POS,243.9,VRF_UUID:90cd086b-9f79-5408-8422-fea741fb53d9,58.702866,16.499833,51.0
POS,243.9,VRF_UUID:c267ce3b-a998-5041-b6fc-804c671f7b58,58.702597,16.499229,51.0
POS,243.9,VRF_UUID:cde66adc-7a34-a14d-bd51-a3df4032e6a1,NaN,-90.000000,NaN
POS,243.9,VRF_UUID:f864e51f-e571-704f-92e4-108201ec1049,NaN,-90.000000,NaN
# t=243.9s reflected=9 readable=8
POS,249,VRF_UUID:35197492-1871-5f80-90f8-22c7128f7754,58.702866,16.498625,51.0
POS,249,VRF_UUID:5a3ca430-fa6b-51cb-9849-f759b5a005e4,58.702821,16.499229,51.0
POS,249,VRF_UUID:684975b6-6a71-59ac-b409-ba5f70b5ad18,NaN,-90.000000,NaN
POS,249,VRF_UUID:70b8d836-2557-5678-81b6-3143e6479cde,58.702956,16.499229,51.0
POS,249,VRF_UUID:90cd086b-9f79-5408-8422-fea741fb53d9,58.702866,16.499833,51.0
POS,249,VRF_UUID:c267ce3b-a998-5041-b6fc-804c671f7b58,58.702597,16.499229,51.0
POS,249,VRF_UUID:cde66adc-7a34-a14d-bd51-a3df4032e6a1,NaN,-90.000000,NaN
POS,249,VRF_UUID:f864e51f-e571-704f-92e4-108201ec1049,NaN,-90.000000,NaN
# t=249s reflected=9 readable=8
POS,254,VRF_UUID:35197492-1871-5f80-90f8-22c7128f7754,58.702866,16.498625,51.0
POS,254,VRF_UUID:5a3ca430-fa6b-51cb-9849-f759b5a005e4,58.702821,16.499229,51.0
POS,254,VRF_UUID:684975b6-6a71-59ac-b409-ba5f70b5ad18,NaN,-90.000000,NaN
POS,254,VRF_UUID:70b8d836-2557-5678-81b6-3143e6479cde,58.702956,16.499229,51.0
POS,254,VRF_UUID:90cd086b-9f79-5408-8422-fea741fb53d9,58.702866,16.499833,51.0
POS,254,VRF_UUID:c267ce3b-a998-5041-b6fc-804c671f7b58,58.702597,16.499229,51.0
POS,254,VRF_UUID:cde66adc-7a34-a14d-bd51-a3df4032e6a1,NaN,-90.000000,NaN
POS,254,VRF_UUID:f864e51f-e571-704f-92e4-108201ec1049,NaN,-90.000000,NaN
# t=254s reflected=9 readable=8
POS,259,VRF_UUID:35197492-1871-5f80-90f8-22c7128f7754,58.702866,16.498625,51.0
POS,259,VRF_UUID:5a3ca430-fa6b-51cb-9849-f759b5a005e4,58.702821,16.499229,51.0
POS,259,VRF_UUID:684975b6-6a71-59ac-b409-ba5f70b5ad18,NaN,-90.000000,NaN
POS,259,VRF_UUID:70b8d836-2557-5678-81b6-3143e6479cde,58.702956,16.499229,51.0
POS,259,VRF_UUID:90cd086b-9f79-5408-8422-fea741fb53d9,58.702866,16.499833,51.0
POS,259,VRF_UUID:c267ce3b-a998-5041-b6fc-804c671f7b58,58.702597,16.499229,51.0
POS,259,VRF_UUID:cde66adc-7a34-a14d-bd51-a3df4032e6a1,NaN,-90.000000,NaN
POS,259,VRF_UUID:f864e51f-e571-704f-92e4-108201ec1049,NaN,-90.000000,NaN
# t=259s reflected=9 readable=8
POS,264,VRF_UUID:35197492-1871-5f80-90f8-22c7128f7754,58.702866,16.498625,51.0
POS,264,VRF_UUID:5a3ca430-fa6b-51cb-9849-f759b5a005e4,58.702821,16.499229,51.0
POS,264,VRF_UUID:684975b6-6a71-59ac-b409-ba5f70b5ad18,NaN,-90.000000,NaN
POS,264,VRF_UUID:70b8d836-2557-5678-81b6-3143e6479cde,58.702956,16.499229,51.0
POS,264,VRF_UUID:90cd086b-9f79-5408-8422-fea741fb53d9,58.702866,16.499833,51.0
POS,264,VRF_UUID:c267ce3b-a998-5041-b6fc-804c671f7b58,58.702597,16.499229,51.0
POS,264,VRF_UUID:cde66adc-7a34-a14d-bd51-a3df4032e6a1,NaN,-90.000000,NaN
POS,264,VRF_UUID:f864e51f-e571-704f-92e4-108201ec1049,NaN,-90.000000,NaN
# t=264s reflected=9 readable=8
POS,269,VRF_UUID:35197492-1871-5f80-90f8-22c7128f7754,58.702866,16.498625,51.0
POS,269,VRF_UUID:5a3ca430-fa6b-51cb-9849-f759b5a005e4,58.702821,16.499229,51.0
POS,269,VRF_UUID:684975b6-6a71-59ac-b409-ba5f70b5ad18,NaN,-90.000000,NaN
POS,269,VRF_UUID:70b8d836-2557-5678-81b6-3143e6479cde,58.702956,16.499229,51.0
POS,269,VRF_UUID:90cd086b-9f79-5408-8422-fea741fb53d9,58.702866,16.499833,51.0
POS,269,VRF_UUID:c267ce3b-a998-5041-b6fc-804c671f7b58,58.702597,16.499229,51.0
POS,269,VRF_UUID:cde66adc-7a34-a14d-bd51-a3df4032e6a1,NaN,-90.000000,NaN
POS,269,VRF_UUID:f864e51f-e571-704f-92e4-108201ec1049,NaN,-90.000000,NaN
# t=269s reflected=9 readable=8
POS,274,VRF_UUID:35197492-1871-5f80-90f8-22c7128f7754,58.702866,16.498625,51.0
POS,274,VRF_UUID:5a3ca430-fa6b-51cb-9849-f759b5a005e4,58.702821,16.499229,51.0
POS,274,VRF_UUID:684975b6-6a71-59ac-b409-ba5f70b5ad18,NaN,-90.000000,NaN
POS,274,VRF_UUID:70b8d836-2557-5678-81b6-3143e6479cde,58.702956,16.499229,51.0
POS,274,VRF_UUID:90cd086b-9f79-5408-8422-fea741fb53d9,58.702866,16.499833,51.0
POS,274,VRF_UUID:c267ce3b-a998-5041-b6fc-804c671f7b58,58.702597,16.499229,51.0
POS,274,VRF_UUID:cde66adc-7a34-a14d-bd51-a3df4032e6a1,NaN,-90.000000,NaN
POS,274,VRF_UUID:f864e51f-e571-704f-92e4-108201ec1049,NaN,-90.000000,NaN
# t=274s reflected=9 readable=8
POS,279,VRF_UUID:35197492-1871-5f80-90f8-22c7128f7754,58.702866,16.498625,51.0
POS,279,VRF_UUID:5a3ca430-fa6b-51cb-9849-f759b5a005e4,58.702821,16.499229,51.0
POS,279,VRF_UUID:684975b6-6a71-59ac-b409-ba5f70b5ad18,NaN,-90.000000,NaN
POS,279,VRF_UUID:70b8d836-2557-5678-81b6-3143e6479cde,58.702956,16.499229,51.0
POS,279,VRF_UUID:90cd086b-9f79-5408-8422-fea741fb53d9,58.702866,16.499833,51.0
POS,279,VRF_UUID:c267ce3b-a998-5041-b6fc-804c671f7b58,58.702597,16.499229,51.0
POS,279,VRF_UUID:cde66adc-7a34-a14d-bd51-a3df4032e6a1,NaN,-90.000000,NaN
POS,279,VRF_UUID:f864e51f-e571-704f-92e4-108201ec1049,NaN,-90.000000,NaN
# t=279s reflected=9 readable=8
POS,284,VRF_UUID:35197492-1871-5f80-90f8-22c7128f7754,58.702866,16.498625,51.0
POS,284,VRF_UUID:5a3ca430-fa6b-51cb-9849-f759b5a005e4,58.702821,16.499229,51.0
POS,284,VRF_UUID:684975b6-6a71-59ac-b409-ba5f70b5ad18,NaN,-90.000000,NaN
POS,284,VRF_UUID:70b8d836-2557-5678-81b6-3143e6479cde,58.702956,16.499229,51.0
POS,284,VRF_UUID:90cd086b-9f79-5408-8422-fea741fb53d9,58.702866,16.499833,51.0
POS,284,VRF_UUID:c267ce3b-a998-5041-b6fc-804c671f7b58,58.702597,16.499229,51.0
POS,284,VRF_UUID:cde66adc-7a34-a14d-bd51-a3df4032e6a1,NaN,-90.000000,NaN
POS,284,VRF_UUID:f864e51f-e571-704f-92e4-108201ec1049,NaN,-90.000000,NaN
# t=284s reflected=9 readable=8
POS,289,VRF_UUID:35197492-1871-5f80-90f8-22c7128f7754,58.702866,16.498625,51.0
POS,289,VRF_UUID:5a3ca430-fa6b-51cb-9849-f759b5a005e4,58.702821,16.499229,51.0
POS,289,VRF_UUID:684975b6-6a71-59ac-b409-ba5f70b5ad18,NaN,-90.000000,NaN
POS,289,VRF_UUID:70b8d836-2557-5678-81b6-3143e6479cde,58.702956,16.499229,51.0
POS,289,VRF_UUID:90cd086b-9f79-5408-8422-fea741fb53d9,58.702866,16.499833,51.0
POS,289,VRF_UUID:c267ce3b-a998-5041-b6fc-804c671f7b58,58.702597,16.499229,51.0
POS,289,VRF_UUID:cde66adc-7a34-a14d-bd51-a3df4032e6a1,NaN,-90.000000,NaN
POS,289,VRF_UUID:f864e51f-e571-704f-92e4-108201ec1049,NaN,-90.000000,NaN
# t=289s reflected=9 readable=8
POS,294.1,VRF_UUID:35197492-1871-5f80-90f8-22c7128f7754,58.702866,16.498625,51.0
POS,294.1,VRF_UUID:5a3ca430-fa6b-51cb-9849-f759b5a005e4,58.702821,16.499229,51.0
POS,294.1,VRF_UUID:684975b6-6a71-59ac-b409-ba5f70b5ad18,NaN,-90.000000,NaN
POS,294.1,VRF_UUID:70b8d836-2557-5678-81b6-3143e6479cde,58.702956,16.499229,51.0
POS,294.1,VRF_UUID:90cd086b-9f79-5408-8422-fea741fb53d9,58.702866,16.499833,51.0
POS,294.1,VRF_UUID:c267ce3b-a998-5041-b6fc-804c671f7b58,58.702597,16.499229,51.0
POS,294.1,VRF_UUID:cde66adc-7a34-a14d-bd51-a3df4032e6a1,NaN,-90.000000,NaN
POS,294.1,VRF_UUID:f864e51f-e571-704f-92e4-108201ec1049,NaN,-90.000000,NaN
# t=294.1s reflected=9 readable=8
POS,299.1,VRF_UUID:35197492-1871-5f80-90f8-22c7128f7754,58.702866,16.498625,51.0
POS,299.1,VRF_UUID:5a3ca430-fa6b-51cb-9849-f759b5a005e4,58.702821,16.499229,51.0
POS,299.1,VRF_UUID:684975b6-6a71-59ac-b409-ba5f70b5ad18,NaN,-90.000000,NaN
POS,299.1,VRF_UUID:70b8d836-2557-5678-81b6-3143e6479cde,58.702956,16.499229,51.0
POS,299.1,VRF_UUID:90cd086b-9f79-5408-8422-fea741fb53d9,58.702866,16.499833,51.0
POS,299.1,VRF_UUID:c267ce3b-a998-5041-b6fc-804c671f7b58,58.702597,16.499229,51.0
POS,299.1,VRF_UUID:cde66adc-7a34-a14d-bd51-a3df4032e6a1,NaN,-90.000000,NaN
POS,299.1,VRF_UUID:f864e51f-e571-704f-92e4-108201ec1049,NaN,-90.000000,NaN
# t=299.1s reflected=9 readable=8
POS,304.1,VRF_UUID:35197492-1871-5f80-90f8-22c7128f7754,58.702866,16.498625,51.0
POS,304.1,VRF_UUID:5a3ca430-fa6b-51cb-9849-f759b5a005e4,58.702821,16.499229,51.0
POS,304.1,VRF_UUID:684975b6-6a71-59ac-b409-ba5f70b5ad18,NaN,-90.000000,NaN
POS,304.1,VRF_UUID:70b8d836-2557-5678-81b6-3143e6479cde,58.702956,16.499229,51.0
POS,304.1,VRF_UUID:90cd086b-9f79-5408-8422-fea741fb53d9,58.702866,16.499833,51.0
POS,304.1,VRF_UUID:c267ce3b-a998-5041-b6fc-804c671f7b58,58.702597,16.499229,51.0
POS,304.1,VRF_UUID:cde66adc-7a34-a14d-bd51-a3df4032e6a1,NaN,-90.000000,NaN
POS,304.1,VRF_UUID:f864e51f-e571-704f-92e4-108201ec1049,NaN,-90.000000,NaN
# t=304.1s reflected=9 readable=8
POS,309.1,VRF_UUID:35197492-1871-5f80-90f8-22c7128f7754,58.702866,16.498625,51.0
POS,309.1,VRF_UUID:5a3ca430-fa6b-51cb-9849-f759b5a005e4,58.702821,16.499229,51.0
POS,309.1,VRF_UUID:684975b6-6a71-59ac-b409-ba5f70b5ad18,NaN,-90.000000,NaN
POS,309.1,VRF_UUID:70b8d836-2557-5678-81b6-3143e6479cde,58.702956,16.499229,51.0
POS,309.1,VRF_UUID:90cd086b-9f79-5408-8422-fea741fb53d9,58.702866,16.499833,51.0
POS,309.1,VRF_UUID:c267ce3b-a998-5041-b6fc-804c671f7b58,58.702597,16.499229,51.0
POS,309.1,VRF_UUID:cde66adc-7a34-a14d-bd51-a3df4032e6a1,NaN,-90.000000,NaN
POS,309.1,VRF_UUID:f864e51f-e571-704f-92e4-108201ec1049,NaN,-90.000000,NaN
# t=309.1s reflected=9 readable=8
POS,314.1,VRF_UUID:35197492-1871-5f80-90f8-22c7128f7754,58.702866,16.498625,51.0
POS,314.1,VRF_UUID:5a3ca430-fa6b-51cb-9849-f759b5a005e4,58.702821,16.499229,51.0
POS,314.1,VRF_UUID:684975b6-6a71-59ac-b409-ba5f70b5ad18,NaN,-90.000000,NaN
POS,314.1,VRF_UUID:70b8d836-2557-5678-81b6-3143e6479cde,58.702956,16.499229,51.0
POS,314.1,VRF_UUID:90cd086b-9f79-5408-8422-fea741fb53d9,58.702866,16.499833,51.0
POS,314.1,VRF_UUID:c267ce3b-a998-5041-b6fc-804c671f7b58,58.702597,16.499229,51.0
POS,314.1,VRF_UUID:cde66adc-7a34-a14d-bd51-a3df4032e6a1,NaN,-90.000000,NaN
POS,314.1,VRF_UUID:f864e51f-e571-704f-92e4-108201ec1049,NaN,-90.000000,NaN
# t=314.1s reflected=9 readable=8
POS,319.1,VRF_UUID:35197492-1871-5f80-90f8-22c7128f7754,58.702866,16.498625,51.0
POS,319.1,VRF_UUID:5a3ca430-fa6b-51cb-9849-f759b5a005e4,58.702821,16.499229,51.0
POS,319.1,VRF_UUID:684975b6-6a71-59ac-b409-ba5f70b5ad18,NaN,-90.000000,NaN
POS,319.1,VRF_UUID:70b8d836-2557-5678-81b6-3143e6479cde,58.702956,16.499229,51.0
POS,319.1,VRF_UUID:90cd086b-9f79-5408-8422-fea741fb53d9,58.702866,16.499833,51.0
POS,319.1,VRF_UUID:c267ce3b-a998-5041-b6fc-804c671f7b58,58.702597,16.499229,51.0
POS,319.1,VRF_UUID:cde66adc-7a34-a14d-bd51-a3df4032e6a1,NaN,-90.000000,NaN
POS,319.1,VRF_UUID:f864e51f-e571-704f-92e4-108201ec1049,NaN,-90.000000,NaN
# t=319.1s reflected=9 readable=8
POS,324.1,VRF_UUID:35197492-1871-5f80-90f8-22c7128f7754,58.702866,16.498625,51.0
POS,324.1,VRF_UUID:5a3ca430-fa6b-51cb-9849-f759b5a005e4,58.702821,16.499229,51.0
POS,324.1,VRF_UUID:684975b6-6a71-59ac-b409-ba5f70b5ad18,NaN,-90.000000,NaN
POS,324.1,VRF_UUID:70b8d836-2557-5678-81b6-3143e6479cde,58.702956,16.499229,51.0
POS,324.1,VRF_UUID:90cd086b-9f79-5408-8422-fea741fb53d9,58.702866,16.499833,51.0
POS,324.1,VRF_UUID:c267ce3b-a998-5041-b6fc-804c671f7b58,58.702597,16.499229,51.0
POS,324.1,VRF_UUID:cde66adc-7a34-a14d-bd51-a3df4032e6a1,NaN,-90.000000,NaN
POS,324.1,VRF_UUID:f864e51f-e571-704f-92e4-108201ec1049,NaN,-90.000000,NaN
# t=324.1s reflected=9 readable=8
POS,329.1,VRF_UUID:35197492-1871-5f80-90f8-22c7128f7754,58.702866,16.498625,51.0
POS,329.1,VRF_UUID:5a3ca430-fa6b-51cb-9849-f759b5a005e4,58.702821,16.499229,51.0
POS,329.1,VRF_UUID:684975b6-6a71-59ac-b409-ba5f70b5ad18,NaN,-90.000000,NaN
POS,329.1,VRF_UUID:70b8d836-2557-5678-81b6-3143e6479cde,58.702956,16.499229,51.0
POS,329.1,VRF_UUID:90cd086b-9f79-5408-8422-fea741fb53d9,58.702866,16.499833,51.0
POS,329.1,VRF_UUID:c267ce3b-a998-5041-b6fc-804c671f7b58,58.702597,16.499229,51.0
POS,329.1,VRF_UUID:cde66adc-7a34-a14d-bd51-a3df4032e6a1,NaN,-90.000000,NaN
POS,329.1,VRF_UUID:f864e51f-e571-704f-92e4-108201ec1049,NaN,-90.000000,NaN
# t=329.1s reflected=9 readable=8
POS,334.2,VRF_UUID:35197492-1871-5f80-90f8-22c7128f7754,58.702866,16.498625,51.0
POS,334.2,VRF_UUID:5a3ca430-fa6b-51cb-9849-f759b5a005e4,58.702821,16.499229,51.0
POS,334.2,VRF_UUID:684975b6-6a71-59ac-b409-ba5f70b5ad18,NaN,-90.000000,NaN
POS,334.2,VRF_UUID:70b8d836-2557-5678-81b6-3143e6479cde,58.702956,16.499229,51.0
POS,334.2,VRF_UUID:90cd086b-9f79-5408-8422-fea741fb53d9,58.702866,16.499833,51.0
POS,334.2,VRF_UUID:c267ce3b-a998-5041-b6fc-804c671f7b58,58.702597,16.499229,51.0
POS,334.2,VRF_UUID:cde66adc-7a34-a14d-bd51-a3df4032e6a1,NaN,-90.000000,NaN
POS,334.2,VRF_UUID:f864e51f-e571-704f-92e4-108201ec1049,NaN,-90.000000,NaN
# t=334.2s reflected=9 readable=8
POS,339.2,VRF_UUID:35197492-1871-5f80-90f8-22c7128f7754,58.702866,16.498625,51.0
POS,339.2,VRF_UUID:5a3ca430-fa6b-51cb-9849-f759b5a005e4,58.702821,16.499229,51.0
POS,339.2,VRF_UUID:684975b6-6a71-59ac-b409-ba5f70b5ad18,NaN,-90.000000,NaN
POS,339.2,VRF_UUID:70b8d836-2557-5678-81b6-3143e6479cde,58.702956,16.499229,51.0
POS,339.2,VRF_UUID:90cd086b-9f79-5408-8422-fea741fb53d9,58.702866,16.499833,51.0
POS,339.2,VRF_UUID:c267ce3b-a998-5041-b6fc-804c671f7b58,58.702597,16.499229,51.0
POS,339.2,VRF_UUID:cde66adc-7a34-a14d-bd51-a3df4032e6a1,NaN,-90.000000,NaN
POS,339.2,VRF_UUID:f864e51f-e571-704f-92e4-108201ec1049,NaN,-90.000000,NaN
# t=339.2s reflected=9 readable=8
POS,344.2,VRF_UUID:35197492-1871-5f80-90f8-22c7128f7754,58.702866,16.498625,51.0
POS,344.2,VRF_UUID:5a3ca430-fa6b-51cb-9849-f759b5a005e4,58.702821,16.499229,51.0
POS,344.2,VRF_UUID:684975b6-6a71-59ac-b409-ba5f70b5ad18,NaN,-90.000000,NaN
POS,344.2,VRF_UUID:70b8d836-2557-5678-81b6-3143e6479cde,58.702956,16.499229,51.0
POS,344.2,VRF_UUID:90cd086b-9f79-5408-8422-fea741fb53d9,58.702866,16.499833,51.0
POS,344.2,VRF_UUID:c267ce3b-a998-5041-b6fc-804c671f7b58,58.702597,16.499229,51.0
POS,344.2,VRF_UUID:cde66adc-7a34-a14d-bd51-a3df4032e6a1,NaN,-90.000000,NaN
POS,344.2,VRF_UUID:f864e51f-e571-704f-92e4-108201ec1049,NaN,-90.000000,NaN
# t=344.2s reflected=9 readable=8
POS,349.2,VRF_UUID:35197492-1871-5f80-90f8-22c7128f7754,58.702866,16.498625,51.0
POS,349.2,VRF_UUID:5a3ca430-fa6b-51cb-9849-f759b5a005e4,58.702821,16.499229,51.0
POS,349.2,VRF_UUID:684975b6-6a71-59ac-b409-ba5f70b5ad18,NaN,-90.000000,NaN
POS,349.2,VRF_UUID:70b8d836-2557-5678-81b6-3143e6479cde,58.702956,16.499229,51.0
POS,349.2,VRF_UUID:90cd086b-9f79-5408-8422-fea741fb53d9,58.702866,16.499833,51.0
POS,349.2,VRF_UUID:c267ce3b-a998-5041-b6fc-804c671f7b58,58.702597,16.499229,51.0
POS,349.2,VRF_UUID:cde66adc-7a34-a14d-bd51-a3df4032e6a1,NaN,-90.000000,NaN
POS,349.2,VRF_UUID:f864e51f-e571-704f-92e4-108201ec1049,NaN,-90.000000,NaN
# t=349.2s reflected=9 readable=8
POS,354.3,VRF_UUID:35197492-1871-5f80-90f8-22c7128f7754,58.702866,16.498625,51.0
POS,354.3,VRF_UUID:5a3ca430-fa6b-51cb-9849-f759b5a005e4,58.702821,16.499229,51.0
POS,354.3,VRF_UUID:684975b6-6a71-59ac-b409-ba5f70b5ad18,NaN,-90.000000,NaN
POS,354.3,VRF_UUID:70b8d836-2557-5678-81b6-3143e6479cde,58.702956,16.499229,51.0
POS,354.3,VRF_UUID:90cd086b-9f79-5408-8422-fea741fb53d9,58.702866,16.499833,51.0
POS,354.3,VRF_UUID:c267ce3b-a998-5041-b6fc-804c671f7b58,58.702597,16.499229,51.0
POS,354.3,VRF_UUID:cde66adc-7a34-a14d-bd51-a3df4032e6a1,NaN,-90.000000,NaN
POS,354.3,VRF_UUID:f864e51f-e571-704f-92e4-108201ec1049,NaN,-90.000000,NaN
# t=354.3s reflected=9 readable=8
POS,359.3,VRF_UUID:35197492-1871-5f80-90f8-22c7128f7754,58.702866,16.498625,51.0
POS,359.3,VRF_UUID:5a3ca430-fa6b-51cb-9849-f759b5a005e4,58.702821,16.499229,51.0
POS,359.3,VRF_UUID:684975b6-6a71-59ac-b409-ba5f70b5ad18,NaN,-90.000000,NaN
POS,359.3,VRF_UUID:70b8d836-2557-5678-81b6-3143e6479cde,58.702956,16.499229,51.0
POS,359.3,VRF_UUID:90cd086b-9f79-5408-8422-fea741fb53d9,58.702866,16.499833,51.0
POS,359.3,VRF_UUID:c267ce3b-a998-5041-b6fc-804c671f7b58,58.702597,16.499229,51.0
POS,359.3,VRF_UUID:cde66adc-7a34-a14d-bd51-a3df4032e6a1,NaN,-90.000000,NaN
POS,359.3,VRF_UUID:f864e51f-e571-704f-92e4-108201ec1049,NaN,-90.000000,NaN
# t=359.3s reflected=9 readable=8
[..] bridge.Stop() - resigning...
[OK] resigned cleanly.
