checking for RDTSCP instruction...Success.  Using RDTSCP for time
RDTSCP Timing Probe: 2429191598 ticks per second
=== WatchVrf - position + Object Console telemetry (R3 / groundwork 0.6) ===
    federation=CWIX-2024 appNumber=3558 duration=340s sample=5s

[..] bridge.Start() - joining the federation...
Using MAK Technologies' RTI version 4.6.1 HLA 1516-2010 for Microsoft Visual C++ version 14.0 Release Mode.
Connected to RTI Assistant.
Loading Config File: C:\MAK\makRti4.6.1\rid.mtl
INFO[Util] 12:41:23.375 T:52052 MAK::DtInitializer::loadConfigScript: Loading config file: vrfLegion.lua
[OK] joined; discovering + sampling (POS,t,uuid,lat,lon,alt ; CON,t,uuid,level,msg ; TSK,t,marking,taskType ; RPT,t,text)...
POS,3,VRF_UUID:35197492-1871-5f80-90f8-22c7128f7754,58.702866,16.498625,51.0
POS,3,VRF_UUID:5a3ca430-fa6b-51cb-9849-f759b5a005e4,58.702821,16.499229,51.0
POS,3,VRF_UUID:684975b6-6a71-59ac-b409-ba5f70b5ad18,NaN,-90.000000,NaN
POS,3,VRF_UUID:70b8d836-2557-5678-81b6-3143e6479cde,58.702956,16.499229,51.0
POS,3,VRF_UUID:90cd086b-9f79-5408-8422-fea741fb53d9,58.702866,16.499833,51.0
POS,3,VRF_UUID:c267ce3b-a998-5041-b6fc-804c671f7b58,58.702597,16.499229,51.0
POS,3,VRF_UUID:cde66adc-7a34-a14d-bd51-a3df4032e6a1,NaN,-90.000000,NaN
POS,3,VRF_UUID:f864e51f-e571-704f-92e4-108201ec1049,NaN,-90.000000,NaN
# t=3s reflected=9 readable=8
POS,8,VRF_UUID:35197492-1871-5f80-90f8-22c7128f7754,58.702866,16.498625,51.0
POS,8,VRF_UUID:5a3ca430-fa6b-51cb-9849-f759b5a005e4,58.702821,16.499229,51.0
POS,8,VRF_UUID:684975b6-6a71-59ac-b409-ba5f70b5ad18,NaN,-90.000000,NaN
POS,8,VRF_UUID:70b8d836-2557-5678-81b6-3143e6479cde,58.702956,16.499229,51.0
POS,8,VRF_UUID:90cd086b-9f79-5408-8422-fea741fb53d9,58.702866,16.499833,51.0
POS,8,VRF_UUID:c267ce3b-a998-5041-b6fc-804c671f7b58,58.702597,16.499229,51.0
POS,8,VRF_UUID:cde66adc-7a34-a14d-bd51-a3df4032e6a1,NaN,-90.000000,NaN
POS,8,VRF_UUID:f864e51f-e571-704f-92e4-108201ec1049,NaN,-90.000000,NaN
# t=8s reflected=9 readable=8
POS,13.1,VRF_UUID:35197492-1871-5f80-90f8-22c7128f7754,58.702866,16.498625,51.0
POS,13.1,VRF_UUID:5a3ca430-fa6b-51cb-9849-f759b5a005e4,58.702821,16.499229,51.0
POS,13.1,VRF_UUID:684975b6-6a71-59ac-b409-ba5f70b5ad18,NaN,-90.000000,NaN
POS,13.1,VRF_UUID:70b8d836-2557-5678-81b6-3143e6479cde,58.702956,16.499229,51.0
POS,13.1,VRF_UUID:90cd086b-9f79-5408-8422-fea741fb53d9,58.702866,16.499833,51.0
POS,13.1,VRF_UUID:c267ce3b-a998-5041-b6fc-804c671f7b58,58.702597,16.499229,51.0
POS,13.1,VRF_UUID:cde66adc-7a34-a14d-bd51-a3df4032e6a1,NaN,-90.000000,NaN
POS,13.1,VRF_UUID:f864e51f-e571-704f-92e4-108201ec1049,NaN,-90.000000,NaN
# t=13.1s reflected=9 readable=8
POS,18.1,VRF_UUID:35197492-1871-5f80-90f8-22c7128f7754,58.702866,16.498625,51.0
POS,18.1,VRF_UUID:5a3ca430-fa6b-51cb-9849-f759b5a005e4,58.702821,16.499229,51.0
POS,18.1,VRF_UUID:684975b6-6a71-59ac-b409-ba5f70b5ad18,NaN,-90.000000,NaN
POS,18.1,VRF_UUID:70b8d836-2557-5678-81b6-3143e6479cde,58.702956,16.499229,51.0
POS,18.1,VRF_UUID:90cd086b-9f79-5408-8422-fea741fb53d9,58.702866,16.499833,51.0
POS,18.1,VRF_UUID:c267ce3b-a998-5041-b6fc-804c671f7b58,58.702597,16.499229,51.0
POS,18.1,VRF_UUID:cde66adc-7a34-a14d-bd51-a3df4032e6a1,NaN,-90.000000,NaN
POS,18.1,VRF_UUID:f864e51f-e571-704f-92e4-108201ec1049,NaN,-90.000000,NaN
# t=18.1s reflected=9 readable=8
POS,23.2,VRF_UUID:35197492-1871-5f80-90f8-22c7128f7754,58.702866,16.498625,51.0
POS,23.2,VRF_UUID:5a3ca430-fa6b-51cb-9849-f759b5a005e4,58.702821,16.499229,51.0
POS,23.2,VRF_UUID:684975b6-6a71-59ac-b409-ba5f70b5ad18,NaN,-90.000000,NaN
POS,23.2,VRF_UUID:70b8d836-2557-5678-81b6-3143e6479cde,58.702956,16.499229,51.0
POS,23.2,VRF_UUID:90cd086b-9f79-5408-8422-fea741fb53d9,58.702866,16.499833,51.0
POS,23.2,VRF_UUID:c267ce3b-a998-5041-b6fc-804c671f7b58,58.702597,16.499229,51.0
POS,23.2,VRF_UUID:cde66adc-7a34-a14d-bd51-a3df4032e6a1,NaN,-90.000000,NaN
POS,23.2,VRF_UUID:f864e51f-e571-704f-92e4-108201ec1049,NaN,-90.000000,NaN
# t=23.2s reflected=9 readable=8
POS,28.2,VRF_UUID:35197492-1871-5f80-90f8-22c7128f7754,58.702866,16.498625,51.0
POS,28.2,VRF_UUID:5a3ca430-fa6b-51cb-9849-f759b5a005e4,58.702821,16.499229,51.0
POS,28.2,VRF_UUID:684975b6-6a71-59ac-b409-ba5f70b5ad18,NaN,-90.000000,NaN
POS,28.2,VRF_UUID:70b8d836-2557-5678-81b6-3143e6479cde,58.702956,16.499229,51.0
POS,28.2,VRF_UUID:90cd086b-9f79-5408-8422-fea741fb53d9,58.702866,16.499833,51.0
POS,28.2,VRF_UUID:c267ce3b-a998-5041-b6fc-804c671f7b58,58.702597,16.499229,51.0
POS,28.2,VRF_UUID:cde66adc-7a34-a14d-bd51-a3df4032e6a1,NaN,-90.000000,NaN
POS,28.2,VRF_UUID:f864e51f-e571-704f-92e4-108201ec1049,NaN,-90.000000,NaN
# t=28.2s reflected=9 readable=8
RPT,31,"POSITION ""AR Plt 1"" 58.702824 16.499255"
RPT,31,"POSITION ""M1A2 2"" 58.702923 16.499889"
RPT,31,"POSITION ""M1A2 3"" 58.702890 16.498909"
RPT,31,"POSITION ""M1A2 4"" 58.702651 16.499495"
POS,33.2,VRF_UUID:35197492-1871-5f80-90f8-22c7128f7754,58.702595,16.493019,51.4
POS,33.2,VRF_UUID:43159756-cd8f-d54d-9978-ab575ce665fa,NaN,-90.000000,NaN
POS,33.2,VRF_UUID:5a3ca430-fa6b-51cb-9849-f759b5a005e4,58.702423,16.497675,51.1
POS,33.2,VRF_UUID:684975b6-6a71-59ac-b409-ba5f70b5ad18,NaN,-90.000000,NaN
POS,33.2,VRF_UUID:70b8d836-2557-5678-81b6-3143e6479cde,58.702956,16.499229,51.2
POS,33.2,VRF_UUID:8f805a27-b424-ec4e-92aa-092bb6b9b99a,NaN,-90.000000,NaN
POS,33.2,VRF_UUID:90cd086b-9f79-5408-8422-fea741fb53d9,58.702882,16.504805,50.8
POS,33.2,VRF_UUID:c00c65e3-3b1b-1846-816b-df92aea8fd86,NaN,-90.000000,NaN
POS,33.2,VRF_UUID:c267ce3b-a998-5041-b6fc-804c671f7b58,58.701462,16.493979,50.9
POS,33.2,VRF_UUID:c311de4d-934a-0642-933f-4d686d287721,NaN,-90.000000,NaN
POS,33.2,VRF_UUID:cde66adc-7a34-a14d-bd51-a3df4032e6a1,NaN,-90.000000,NaN
POS,33.2,VRF_UUID:f864e51f-e571-704f-92e4-108201ec1049,NaN,-90.000000,NaN
# t=33.2s reflected=13 readable=12
RPT,33.9,"POSITION ""M1A2 1"" 58.702956 16.499229"
POS,38.3,VRF_UUID:35197492-1871-5f80-90f8-22c7128f7754,58.702886,16.493114,51.5
POS,38.3,VRF_UUID:43159756-cd8f-d54d-9978-ab575ce665fa,NaN,-90.000000,NaN
POS,38.3,VRF_UUID:5a3ca430-fa6b-51cb-9849-f759b5a005e4,58.702433,16.496701,51.1
POS,38.3,VRF_UUID:684975b6-6a71-59ac-b409-ba5f70b5ad18,NaN,-90.000000,NaN
POS,38.3,VRF_UUID:70b8d836-2557-5678-81b6-3143e6479cde,58.702945,16.571280,48.6
POS,38.3,VRF_UUID:8f805a27-b424-ec4e-92aa-092bb6b9b99a,NaN,-90.000000,NaN
POS,38.3,VRF_UUID:90cd086b-9f79-5408-8422-fea741fb53d9,58.702963,16.499172,51.2
POS,38.3,VRF_UUID:c00c65e3-3b1b-1846-816b-df92aea8fd86,NaN,-90.000000,NaN
POS,38.3,VRF_UUID:c267ce3b-a998-5041-b6fc-804c671f7b58,58.701496,16.494135,50.9
POS,38.3,VRF_UUID:c311de4d-934a-0642-933f-4d686d287721,NaN,-90.000000,NaN
POS,38.3,VRF_UUID:cde66adc-7a34-a14d-bd51-a3df4032e6a1,NaN,-90.000000,NaN
POS,38.3,VRF_UUID:f864e51f-e571-704f-92e4-108201ec1049,NaN,-90.000000,NaN
# t=38.3s reflected=13 readable=12
POS,43.3,VRF_UUID:35197492-1871-5f80-90f8-22c7128f7754,58.702954,16.493120,51.5
POS,43.3,VRF_UUID:43159756-cd8f-d54d-9978-ab575ce665fa,NaN,-90.000000,NaN
POS,43.3,VRF_UUID:5a3ca430-fa6b-51cb-9849-f759b5a005e4,58.702815,16.495214,51.3
POS,43.3,VRF_UUID:684975b6-6a71-59ac-b409-ba5f70b5ad18,NaN,-90.000000,NaN
POS,43.3,VRF_UUID:70b8d836-2557-5678-81b6-3143e6479cde,58.702683,16.583378,48.3
POS,43.3,VRF_UUID:8f805a27-b424-ec4e-92aa-092bb6b9b99a,NaN,-90.000000,NaN
POS,43.3,VRF_UUID:90cd086b-9f79-5408-8422-fea741fb53d9,58.691722,16.573045,44.7
POS,43.3,VRF_UUID:c00c65e3-3b1b-1846-816b-df92aea8fd86,NaN,-90.000000,NaN
POS,43.3,VRF_UUID:c267ce3b-a998-5041-b6fc-804c671f7b58,58.702879,16.358910,64.1
POS,43.3,VRF_UUID:c311de4d-934a-0642-933f-4d686d287721,NaN,-90.000000,NaN
POS,43.3,VRF_UUID:cde66adc-7a34-a14d-bd51-a3df4032e6a1,NaN,-90.000000,NaN
POS,43.3,VRF_UUID:f864e51f-e571-704f-92e4-108201ec1049,NaN,-90.000000,NaN
# t=43.3s reflected=13 readable=12
POS,48.3,VRF_UUID:35197492-1871-5f80-90f8-22c7128f7754,58.702956,16.493123,51.5
POS,48.3,VRF_UUID:43159756-cd8f-d54d-9978-ab575ce665fa,NaN,-90.000000,NaN
POS,48.3,VRF_UUID:5a3ca430-fa6b-51cb-9849-f759b5a005e4,58.702955,16.493241,51.5
POS,48.3,VRF_UUID:684975b6-6a71-59ac-b409-ba5f70b5ad18,NaN,-90.000000,NaN
POS,48.3,VRF_UUID:70b8d836-2557-5678-81b6-3143e6479cde,58.702920,16.591320,48.3
POS,48.3,VRF_UUID:8f805a27-b424-ec4e-92aa-092bb6b9b99a,NaN,-90.000000,NaN
POS,48.3,VRF_UUID:90cd086b-9f79-5408-8422-fea741fb53d9,58.702932,16.582616,48.4
POS,48.3,VRF_UUID:c00c65e3-3b1b-1846-816b-df92aea8fd86,NaN,-90.000000,NaN
POS,48.3,VRF_UUID:c267ce3b-a998-5041-b6fc-804c671f7b58,58.702866,16.622320,48.3
POS,48.3,VRF_UUID:c311de4d-934a-0642-933f-4d686d287721,NaN,-90.000000,NaN
POS,48.3,VRF_UUID:cde66adc-7a34-a14d-bd51-a3df4032e6a1,NaN,-90.000000,NaN
POS,48.3,VRF_UUID:f864e51f-e571-704f-92e4-108201ec1049,NaN,-90.000000,NaN
# t=48.3s reflected=13 readable=12
POS,53.3,VRF_UUID:35197492-1871-5f80-90f8-22c7128f7754,58.702956,16.493123,51.5
POS,53.3,VRF_UUID:43159756-cd8f-d54d-9978-ab575ce665fa,NaN,-90.000000,NaN
POS,53.3,VRF_UUID:5a3ca430-fa6b-51cb-9849-f759b5a005e4,58.702956,16.487969,51.8
POS,53.3,VRF_UUID:684975b6-6a71-59ac-b409-ba5f70b5ad18,NaN,-90.000000,NaN
POS,53.3,VRF_UUID:70b8d836-2557-5678-81b6-3143e6479cde,58.702936,16.418543,57.4
POS,53.3,VRF_UUID:8f805a27-b424-ec4e-92aa-092bb6b9b99a,NaN,-90.000000,NaN
POS,53.3,VRF_UUID:90cd086b-9f79-5408-8422-fea741fb53d9,58.702955,16.491778,51.6
POS,53.3,VRF_UUID:c00c65e3-3b1b-1846-816b-df92aea8fd86,NaN,-90.000000,NaN
POS,53.3,VRF_UUID:c267ce3b-a998-5041-b6fc-804c671f7b58,58.702956,16.501474,51.0
POS,53.3,VRF_UUID:c311de4d-934a-0642-933f-4d686d287721,NaN,-90.000000,NaN
POS,53.3,VRF_UUID:cde66adc-7a34-a14d-bd51-a3df4032e6a1,NaN,-90.000000,NaN
POS,53.3,VRF_UUID:f864e51f-e571-704f-92e4-108201ec1049,NaN,-90.000000,NaN
# t=53.3s reflected=13 readable=12
POS,58.3,VRF_UUID:35197492-1871-5f80-90f8-22c7128f7754,58.702956,16.493123,51.5
POS,58.3,VRF_UUID:43159756-cd8f-d54d-9978-ab575ce665fa,NaN,-90.000000,NaN
POS,58.3,VRF_UUID:5a3ca430-fa6b-51cb-9849-f759b5a005e4,58.702957,16.491969,51.6
POS,58.3,VRF_UUID:684975b6-6a71-59ac-b409-ba5f70b5ad18,NaN,-90.000000,NaN
POS,58.3,VRF_UUID:70b8d836-2557-5678-81b6-3143e6479cde,58.702907,16.650954,48.7
POS,58.3,VRF_UUID:8f805a27-b424-ec4e-92aa-092bb6b9b99a,NaN,-90.000000,NaN
POS,58.3,VRF_UUID:90cd086b-9f79-5408-8422-fea741fb53d9,58.702833,16.252131,81.1
POS,58.3,VRF_UUID:c00c65e3-3b1b-1846-816b-df92aea8fd86,NaN,-90.000000,NaN
POS,58.3,VRF_UUID:c267ce3b-a998-5041-b6fc-804c671f7b58,58.702725,16.257453,80.2
POS,58.3,VRF_UUID:cde66adc-7a34-a14d-bd51-a3df4032e6a1,NaN,-90.000000,NaN
POS,58.3,VRF_UUID:f864e51f-e571-704f-92e4-108201ec1049,NaN,-90.000000,NaN
# t=58.3s reflected=13 readable=11
POS,63.3,VRF_UUID:35197492-1871-5f80-90f8-22c7128f7754,58.702956,16.493119,51.5
POS,63.3,VRF_UUID:43159756-cd8f-d54d-9978-ab575ce665fa,NaN,-90.000000,NaN
POS,63.3,VRF_UUID:5a3ca430-fa6b-51cb-9849-f759b5a005e4,58.702956,16.495499,51.4
POS,63.3,VRF_UUID:684975b6-6a71-59ac-b409-ba5f70b5ad18,NaN,-90.000000,NaN
POS,63.3,VRF_UUID:70b8d836-2557-5678-81b6-3143e6479cde,58.702641,16.216288,88.2
POS,63.3,VRF_UUID:90cd086b-9f79-5408-8422-fea741fb53d9,58.702956,16.503257,50.9
POS,63.3,VRF_UUID:c00c65e3-3b1b-1846-816b-df92aea8fd86,NaN,-90.000000,NaN
POS,63.3,VRF_UUID:c267ce3b-a998-5041-b6fc-804c671f7b58,58.702849,16.667773,49.0
POS,63.3,VRF_UUID:cde66adc-7a34-a14d-bd51-a3df4032e6a1,NaN,-90.000000,NaN
POS,63.3,VRF_UUID:f864e51f-e571-704f-92e4-108201ec1049,NaN,-90.000000,NaN
# t=63.3s reflected=13 readable=10
POS,68.4,VRF_UUID:35197492-1871-5f80-90f8-22c7128f7754,58.702956,16.504864,50.9
POS,68.4,VRF_UUID:5a3ca430-fa6b-51cb-9849-f759b5a005e4,58.702956,16.497669,51.3
POS,68.4,VRF_UUID:684975b6-6a71-59ac-b409-ba5f70b5ad18,NaN,-90.000000,NaN
POS,68.4,VRF_UUID:70b8d836-2557-5678-81b6-3143e6479cde,58.702956,16.504118,50.9
POS,68.4,VRF_UUID:90cd086b-9f79-5408-8422-fea741fb53d9,58.702956,16.503257,50.9
POS,68.4,VRF_UUID:c267ce3b-a998-5041-b6fc-804c671f7b58,58.702956,16.505745,50.8
POS,68.4,VRF_UUID:cde66adc-7a34-a14d-bd51-a3df4032e6a1,NaN,-90.000000,NaN
POS,68.4,VRF_UUID:f864e51f-e571-704f-92e4-108201ec1049,NaN,-90.000000,NaN
# t=68.4s reflected=13 readable=8
POS,73.5,VRF_UUID:35197492-1871-5f80-90f8-22c7128f7754,58.702956,16.504864,50.9
POS,73.5,VRF_UUID:5a3ca430-fa6b-51cb-9849-f759b5a005e4,58.702956,16.504496,50.9
POS,73.5,VRF_UUID:684975b6-6a71-59ac-b409-ba5f70b5ad18,NaN,-90.000000,NaN
POS,73.5,VRF_UUID:70b8d836-2557-5678-81b6-3143e6479cde,58.702956,16.504118,50.9
POS,73.5,VRF_UUID:90cd086b-9f79-5408-8422-fea741fb53d9,58.702956,16.503257,50.9
POS,73.5,VRF_UUID:c267ce3b-a998-5041-b6fc-804c671f7b58,58.702956,16.505745,50.8
POS,73.5,VRF_UUID:cde66adc-7a34-a14d-bd51-a3df4032e6a1,NaN,-90.000000,NaN
POS,73.5,VRF_UUID:f864e51f-e571-704f-92e4-108201ec1049,NaN,-90.000000,NaN
# t=73.5s reflected=13 readable=8
POS,78.5,VRF_UUID:35197492-1871-5f80-90f8-22c7128f7754,58.702956,16.504864,50.9
POS,78.5,VRF_UUID:5a3ca430-fa6b-51cb-9849-f759b5a005e4,58.702956,16.504496,50.9
POS,78.5,VRF_UUID:684975b6-6a71-59ac-b409-ba5f70b5ad18,NaN,-90.000000,NaN
POS,78.5,VRF_UUID:70b8d836-2557-5678-81b6-3143e6479cde,58.702956,16.504118,50.9
POS,78.5,VRF_UUID:90cd086b-9f79-5408-8422-fea741fb53d9,58.702956,16.503257,50.9
POS,78.5,VRF_UUID:c267ce3b-a998-5041-b6fc-804c671f7b58,58.702956,16.505745,50.8
POS,78.5,VRF_UUID:cde66adc-7a34-a14d-bd51-a3df4032e6a1,NaN,-90.000000,NaN
POS,78.5,VRF_UUID:f864e51f-e571-704f-92e4-108201ec1049,NaN,-90.000000,NaN
# t=78.5s reflected=13 readable=8
POS,83.5,VRF_UUID:35197492-1871-5f80-90f8-22c7128f7754,58.702956,16.504864,50.9
POS,83.5,VRF_UUID:5a3ca430-fa6b-51cb-9849-f759b5a005e4,58.702956,16.504496,50.9
POS,83.5,VRF_UUID:684975b6-6a71-59ac-b409-ba5f70b5ad18,NaN,-90.000000,NaN
POS,83.5,VRF_UUID:70b8d836-2557-5678-81b6-3143e6479cde,58.702956,16.504118,50.9
POS,83.5,VRF_UUID:90cd086b-9f79-5408-8422-fea741fb53d9,58.702956,16.503257,50.9
POS,83.5,VRF_UUID:c267ce3b-a998-5041-b6fc-804c671f7b58,58.702956,16.505745,50.8
POS,83.5,VRF_UUID:cde66adc-7a34-a14d-bd51-a3df4032e6a1,NaN,-90.000000,NaN
POS,83.5,VRF_UUID:f864e51f-e571-704f-92e4-108201ec1049,NaN,-90.000000,NaN
# t=83.5s reflected=13 readable=8
POS,88.5,VRF_UUID:35197492-1871-5f80-90f8-22c7128f7754,58.702956,16.504864,50.9
POS,88.5,VRF_UUID:5a3ca430-fa6b-51cb-9849-f759b5a005e4,58.702956,16.504496,50.9
POS,88.5,VRF_UUID:684975b6-6a71-59ac-b409-ba5f70b5ad18,NaN,-90.000000,NaN
POS,88.5,VRF_UUID:70b8d836-2557-5678-81b6-3143e6479cde,58.702956,16.504118,50.9
POS,88.5,VRF_UUID:90cd086b-9f79-5408-8422-fea741fb53d9,58.702956,16.503257,50.9
POS,88.5,VRF_UUID:c267ce3b-a998-5041-b6fc-804c671f7b58,58.702956,16.505745,50.8
POS,88.5,VRF_UUID:cde66adc-7a34-a14d-bd51-a3df4032e6a1,NaN,-90.000000,NaN
POS,88.5,VRF_UUID:f864e51f-e571-704f-92e4-108201ec1049,NaN,-90.000000,NaN
# t=88.5s reflected=13 readable=8
RPT,91.5,"POSITION ""M1A2 3"" 58.702956 16.504864"
RPT,91.6,"POSITION ""M1A2 2"" 58.702956 16.503257"
RPT,92.6,"POSITION ""AR Plt 1"" 58.702956 16.504496"
RPT,93,"POSITION ""M1A2 4"" 58.702956 16.505745"
POS,93.6,VRF_UUID:35197492-1871-5f80-90f8-22c7128f7754,58.702956,16.504864,50.9
POS,93.6,VRF_UUID:5a3ca430-fa6b-51cb-9849-f759b5a005e4,58.702956,16.504496,50.9
POS,93.6,VRF_UUID:684975b6-6a71-59ac-b409-ba5f70b5ad18,NaN,-90.000000,NaN
POS,93.6,VRF_UUID:70b8d836-2557-5678-81b6-3143e6479cde,58.702956,16.504118,50.9
POS,93.6,VRF_UUID:90cd086b-9f79-5408-8422-fea741fb53d9,58.702956,16.503257,50.9
POS,93.6,VRF_UUID:c267ce3b-a998-5041-b6fc-804c671f7b58,58.702956,16.505745,50.8
POS,93.6,VRF_UUID:cde66adc-7a34-a14d-bd51-a3df4032e6a1,NaN,-90.000000,NaN
POS,93.6,VRF_UUID:f864e51f-e571-704f-92e4-108201ec1049,NaN,-90.000000,NaN
# t=93.6s reflected=13 readable=8
RPT,96.5,"POSITION ""M1A2 1"" 58.702956 16.504118"
POS,98.6,VRF_UUID:35197492-1871-5f80-90f8-22c7128f7754,58.702956,16.504864,50.9
POS,98.6,VRF_UUID:5a3ca430-fa6b-51cb-9849-f759b5a005e4,58.702956,16.504496,50.9
POS,98.6,VRF_UUID:684975b6-6a71-59ac-b409-ba5f70b5ad18,NaN,-90.000000,NaN
POS,98.6,VRF_UUID:70b8d836-2557-5678-81b6-3143e6479cde,58.702956,16.504118,50.9
POS,98.6,VRF_UUID:90cd086b-9f79-5408-8422-fea741fb53d9,58.702956,16.503257,50.9
POS,98.6,VRF_UUID:c267ce3b-a998-5041-b6fc-804c671f7b58,58.702956,16.505745,50.8
POS,98.6,VRF_UUID:cde66adc-7a34-a14d-bd51-a3df4032e6a1,NaN,-90.000000,NaN
POS,98.6,VRF_UUID:f864e51f-e571-704f-92e4-108201ec1049,NaN,-90.000000,NaN
# t=98.6s reflected=13 readable=8
POS,103.7,VRF_UUID:35197492-1871-5f80-90f8-22c7128f7754,58.702956,16.504864,50.9
POS,103.7,VRF_UUID:5a3ca430-fa6b-51cb-9849-f759b5a005e4,58.702956,16.504496,50.9
POS,103.7,VRF_UUID:684975b6-6a71-59ac-b409-ba5f70b5ad18,NaN,-90.000000,NaN
POS,103.7,VRF_UUID:70b8d836-2557-5678-81b6-3143e6479cde,58.702956,16.504118,50.9
POS,103.7,VRF_UUID:90cd086b-9f79-5408-8422-fea741fb53d9,58.702956,16.503257,50.9
POS,103.7,VRF_UUID:c267ce3b-a998-5041-b6fc-804c671f7b58,58.702956,16.505745,50.8
POS,103.7,VRF_UUID:cde66adc-7a34-a14d-bd51-a3df4032e6a1,NaN,-90.000000,NaN
POS,103.7,VRF_UUID:f864e51f-e571-704f-92e4-108201ec1049,NaN,-90.000000,NaN
# t=103.7s reflected=13 readable=8
POS,108.7,VRF_UUID:35197492-1871-5f80-90f8-22c7128f7754,58.702956,16.504864,50.9
POS,108.7,VRF_UUID:5a3ca430-fa6b-51cb-9849-f759b5a005e4,58.702956,16.504496,50.9
POS,108.7,VRF_UUID:684975b6-6a71-59ac-b409-ba5f70b5ad18,NaN,-90.000000,NaN
POS,108.7,VRF_UUID:70b8d836-2557-5678-81b6-3143e6479cde,58.702956,16.504118,50.9
POS,108.7,VRF_UUID:90cd086b-9f79-5408-8422-fea741fb53d9,58.702956,16.503257,50.9
POS,108.7,VRF_UUID:c267ce3b-a998-5041-b6fc-804c671f7b58,58.702956,16.505745,50.8
POS,108.7,VRF_UUID:cde66adc-7a34-a14d-bd51-a3df4032e6a1,NaN,-90.000000,NaN
POS,108.7,VRF_UUID:f864e51f-e571-704f-92e4-108201ec1049,NaN,-90.000000,NaN
# t=108.7s reflected=13 readable=8
POS,113.7,VRF_UUID:35197492-1871-5f80-90f8-22c7128f7754,58.702956,16.504864,50.9
POS,113.7,VRF_UUID:5a3ca430-fa6b-51cb-9849-f759b5a005e4,58.702956,16.504496,50.9
POS,113.7,VRF_UUID:684975b6-6a71-59ac-b409-ba5f70b5ad18,NaN,-90.000000,NaN
POS,113.7,VRF_UUID:70b8d836-2557-5678-81b6-3143e6479cde,58.702956,16.504118,50.9
POS,113.7,VRF_UUID:90cd086b-9f79-5408-8422-fea741fb53d9,58.702956,16.503257,50.9
POS,113.7,VRF_UUID:c267ce3b-a998-5041-b6fc-804c671f7b58,58.702956,16.505745,50.8
POS,113.7,VRF_UUID:cde66adc-7a34-a14d-bd51-a3df4032e6a1,NaN,-90.000000,NaN
POS,113.7,VRF_UUID:f864e51f-e571-704f-92e4-108201ec1049,NaN,-90.000000,NaN
# t=113.7s reflected=13 readable=8
POS,118.8,VRF_UUID:35197492-1871-5f80-90f8-22c7128f7754,58.702956,16.504864,50.9
POS,118.8,VRF_UUID:5a3ca430-fa6b-51cb-9849-f759b5a005e4,58.702956,16.504496,50.9
POS,118.8,VRF_UUID:684975b6-6a71-59ac-b409-ba5f70b5ad18,NaN,-90.000000,NaN
POS,118.8,VRF_UUID:70b8d836-2557-5678-81b6-3143e6479cde,58.702956,16.504118,50.9
POS,118.8,VRF_UUID:90cd086b-9f79-5408-8422-fea741fb53d9,58.702956,16.503257,50.9
POS,118.8,VRF_UUID:c267ce3b-a998-5041-b6fc-804c671f7b58,58.702956,16.505745,50.8
POS,118.8,VRF_UUID:cde66adc-7a34-a14d-bd51-a3df4032e6a1,NaN,-90.000000,NaN
POS,118.8,VRF_UUID:f864e51f-e571-704f-92e4-108201ec1049,NaN,-90.000000,NaN
# t=118.8s reflected=13 readable=8
POS,123.8,VRF_UUID:35197492-1871-5f80-90f8-22c7128f7754,58.702956,16.504864,50.9
POS,123.8,VRF_UUID:5a3ca430-fa6b-51cb-9849-f759b5a005e4,58.702956,16.504496,50.9
POS,123.8,VRF_UUID:684975b6-6a71-59ac-b409-ba5f70b5ad18,NaN,-90.000000,NaN
POS,123.8,VRF_UUID:70b8d836-2557-5678-81b6-3143e6479cde,58.702956,16.504118,50.9
POS,123.8,VRF_UUID:90cd086b-9f79-5408-8422-fea741fb53d9,58.702956,16.503257,50.9
POS,123.8,VRF_UUID:c267ce3b-a998-5041-b6fc-804c671f7b58,58.702956,16.505745,50.8
POS,123.8,VRF_UUID:cde66adc-7a34-a14d-bd51-a3df4032e6a1,NaN,-90.000000,NaN
POS,123.8,VRF_UUID:f864e51f-e571-704f-92e4-108201ec1049,NaN,-90.000000,NaN
# t=123.8s reflected=13 readable=8
POS,128.8,VRF_UUID:35197492-1871-5f80-90f8-22c7128f7754,58.702956,16.504864,50.9
POS,128.8,VRF_UUID:5a3ca430-fa6b-51cb-9849-f759b5a005e4,58.702956,16.504496,50.9
POS,128.8,VRF_UUID:684975b6-6a71-59ac-b409-ba5f70b5ad18,NaN,-90.000000,NaN
POS,128.8,VRF_UUID:70b8d836-2557-5678-81b6-3143e6479cde,58.702956,16.504118,50.9
POS,128.8,VRF_UUID:90cd086b-9f79-5408-8422-fea741fb53d9,58.702956,16.503257,50.9
POS,128.8,VRF_UUID:c267ce3b-a998-5041-b6fc-804c671f7b58,58.702956,16.505745,50.8
POS,128.8,VRF_UUID:cde66adc-7a34-a14d-bd51-a3df4032e6a1,NaN,-90.000000,NaN
POS,128.8,VRF_UUID:f864e51f-e571-704f-92e4-108201ec1049,NaN,-90.000000,NaN
# t=128.8s reflected=13 readable=8
POS,133.8,VRF_UUID:35197492-1871-5f80-90f8-22c7128f7754,58.702956,16.504864,50.9
POS,133.8,VRF_UUID:5a3ca430-fa6b-51cb-9849-f759b5a005e4,58.702956,16.504496,50.9
POS,133.8,VRF_UUID:684975b6-6a71-59ac-b409-ba5f70b5ad18,NaN,-90.000000,NaN
POS,133.8,VRF_UUID:70b8d836-2557-5678-81b6-3143e6479cde,58.702956,16.504118,50.9
POS,133.8,VRF_UUID:90cd086b-9f79-5408-8422-fea741fb53d9,58.702956,16.503257,50.9
POS,133.8,VRF_UUID:c267ce3b-a998-5041-b6fc-804c671f7b58,58.702956,16.505745,50.8
POS,133.8,VRF_UUID:cde66adc-7a34-a14d-bd51-a3df4032e6a1,NaN,-90.000000,NaN
POS,133.8,VRF_UUID:f864e51f-e571-704f-92e4-108201ec1049,NaN,-90.000000,NaN
# t=133.8s reflected=13 readable=8
POS,138.8,VRF_UUID:35197492-1871-5f80-90f8-22c7128f7754,58.702956,16.504864,50.9
POS,138.8,VRF_UUID:5a3ca430-fa6b-51cb-9849-f759b5a005e4,58.702956,16.504496,50.9
POS,138.8,VRF_UUID:684975b6-6a71-59ac-b409-ba5f70b5ad18,NaN,-90.000000,NaN
POS,138.8,VRF_UUID:70b8d836-2557-5678-81b6-3143e6479cde,58.702956,16.504118,50.9
POS,138.8,VRF_UUID:90cd086b-9f79-5408-8422-fea741fb53d9,58.702956,16.503257,50.9
POS,138.8,VRF_UUID:c267ce3b-a998-5041-b6fc-804c671f7b58,58.702956,16.505745,50.8
POS,138.8,VRF_UUID:cde66adc-7a34-a14d-bd51-a3df4032e6a1,NaN,-90.000000,NaN
POS,138.8,VRF_UUID:f864e51f-e571-704f-92e4-108201ec1049,NaN,-90.000000,NaN
# t=138.8s reflected=13 readable=8
POS,143.9,VRF_UUID:35197492-1871-5f80-90f8-22c7128f7754,58.702956,16.504864,50.9
POS,143.9,VRF_UUID:5a3ca430-fa6b-51cb-9849-f759b5a005e4,58.702956,16.504496,50.9
POS,143.9,VRF_UUID:684975b6-6a71-59ac-b409-ba5f70b5ad18,NaN,-90.000000,NaN
POS,143.9,VRF_UUID:70b8d836-2557-5678-81b6-3143e6479cde,58.702956,16.504118,50.9
POS,143.9,VRF_UUID:90cd086b-9f79-5408-8422-fea741fb53d9,58.702956,16.503257,50.9
POS,143.9,VRF_UUID:c267ce3b-a998-5041-b6fc-804c671f7b58,58.702956,16.505745,50.8
POS,143.9,VRF_UUID:cde66adc-7a34-a14d-bd51-a3df4032e6a1,NaN,-90.000000,NaN
POS,143.9,VRF_UUID:f864e51f-e571-704f-92e4-108201ec1049,NaN,-90.000000,NaN
# t=143.9s reflected=13 readable=8
POS,148.9,VRF_UUID:35197492-1871-5f80-90f8-22c7128f7754,58.702956,16.504864,50.9
POS,148.9,VRF_UUID:5a3ca430-fa6b-51cb-9849-f759b5a005e4,58.702956,16.504496,50.9
POS,148.9,VRF_UUID:684975b6-6a71-59ac-b409-ba5f70b5ad18,NaN,-90.000000,NaN
POS,148.9,VRF_UUID:70b8d836-2557-5678-81b6-3143e6479cde,58.702956,16.504118,50.9
POS,148.9,VRF_UUID:90cd086b-9f79-5408-8422-fea741fb53d9,58.702956,16.503257,50.9
POS,148.9,VRF_UUID:c267ce3b-a998-5041-b6fc-804c671f7b58,58.702956,16.505745,50.8
POS,148.9,VRF_UUID:cde66adc-7a34-a14d-bd51-a3df4032e6a1,NaN,-90.000000,NaN
POS,148.9,VRF_UUID:f864e51f-e571-704f-92e4-108201ec1049,NaN,-90.000000,NaN
# t=148.9s reflected=13 readable=8
RPT,151.6,"POSITION ""M1A2 3"" 58.702956 16.504864"
RPT,153.6,"POSITION ""M1A2 2"" 58.702956 16.503257"
POS,153.9,VRF_UUID:35197492-1871-5f80-90f8-22c7128f7754,58.702956,16.504864,50.9
POS,153.9,VRF_UUID:5a3ca430-fa6b-51cb-9849-f759b5a005e4,58.702956,16.504496,50.9
POS,153.9,VRF_UUID:684975b6-6a71-59ac-b409-ba5f70b5ad18,NaN,-90.000000,NaN
POS,153.9,VRF_UUID:70b8d836-2557-5678-81b6-3143e6479cde,58.702956,16.504118,50.9
POS,153.9,VRF_UUID:90cd086b-9f79-5408-8422-fea741fb53d9,58.702956,16.503257,50.9
POS,153.9,VRF_UUID:c267ce3b-a998-5041-b6fc-804c671f7b58,58.702956,16.505745,50.8
POS,153.9,VRF_UUID:cde66adc-7a34-a14d-bd51-a3df4032e6a1,NaN,-90.000000,NaN
POS,153.9,VRF_UUID:f864e51f-e571-704f-92e4-108201ec1049,NaN,-90.000000,NaN
# t=153.9s reflected=13 readable=8
RPT,155.2,"POSITION ""M1A2 4"" 58.702956 16.505745"
RPT,155.5,"POSITION ""AR Plt 1"" 58.702956 16.504496"
RPT,158.7,"POSITION ""M1A2 1"" 58.702956 16.504118"
POS,158.9,VRF_UUID:35197492-1871-5f80-90f8-22c7128f7754,58.702956,16.504864,50.9
POS,158.9,VRF_UUID:5a3ca430-fa6b-51cb-9849-f759b5a005e4,58.702956,16.504496,50.9
POS,158.9,VRF_UUID:684975b6-6a71-59ac-b409-ba5f70b5ad18,NaN,-90.000000,NaN
POS,158.9,VRF_UUID:70b8d836-2557-5678-81b6-3143e6479cde,58.702956,16.504118,50.9
POS,158.9,VRF_UUID:90cd086b-9f79-5408-8422-fea741fb53d9,58.702956,16.503257,50.9
POS,158.9,VRF_UUID:c267ce3b-a998-5041-b6fc-804c671f7b58,58.702956,16.505745,50.8
POS,158.9,VRF_UUID:cde66adc-7a34-a14d-bd51-a3df4032e6a1,NaN,-90.000000,NaN
POS,158.9,VRF_UUID:f864e51f-e571-704f-92e4-108201ec1049,NaN,-90.000000,NaN
# t=158.9s reflected=13 readable=8
POS,163.9,VRF_UUID:35197492-1871-5f80-90f8-22c7128f7754,58.702956,16.504864,50.9
POS,163.9,VRF_UUID:5a3ca430-fa6b-51cb-9849-f759b5a005e4,58.702956,16.504496,50.9
POS,163.9,VRF_UUID:684975b6-6a71-59ac-b409-ba5f70b5ad18,NaN,-90.000000,NaN
POS,163.9,VRF_UUID:70b8d836-2557-5678-81b6-3143e6479cde,58.702956,16.504118,50.9
POS,163.9,VRF_UUID:90cd086b-9f79-5408-8422-fea741fb53d9,58.702956,16.503257,50.9
POS,163.9,VRF_UUID:c267ce3b-a998-5041-b6fc-804c671f7b58,58.702956,16.505745,50.8
POS,163.9,VRF_UUID:cde66adc-7a34-a14d-bd51-a3df4032e6a1,NaN,-90.000000,NaN
POS,163.9,VRF_UUID:f864e51f-e571-704f-92e4-108201ec1049,NaN,-90.000000,NaN
# t=163.9s reflected=13 readable=8
POS,168.9,VRF_UUID:35197492-1871-5f80-90f8-22c7128f7754,58.702956,16.504864,50.9
POS,168.9,VRF_UUID:5a3ca430-fa6b-51cb-9849-f759b5a005e4,58.702956,16.504496,50.9
POS,168.9,VRF_UUID:684975b6-6a71-59ac-b409-ba5f70b5ad18,NaN,-90.000000,NaN
POS,168.9,VRF_UUID:70b8d836-2557-5678-81b6-3143e6479cde,58.702956,16.504118,50.9
POS,168.9,VRF_UUID:90cd086b-9f79-5408-8422-fea741fb53d9,58.702956,16.503257,50.9
POS,168.9,VRF_UUID:c267ce3b-a998-5041-b6fc-804c671f7b58,58.702956,16.505745,50.8
POS,168.9,VRF_UUID:cde66adc-7a34-a14d-bd51-a3df4032e6a1,NaN,-90.000000,NaN
POS,168.9,VRF_UUID:f864e51f-e571-704f-92e4-108201ec1049,NaN,-90.000000,NaN
# t=168.9s reflected=13 readable=8
POS,173.9,VRF_UUID:35197492-1871-5f80-90f8-22c7128f7754,58.702956,16.504864,50.9
POS,173.9,VRF_UUID:5a3ca430-fa6b-51cb-9849-f759b5a005e4,58.702956,16.504496,50.9
POS,173.9,VRF_UUID:684975b6-6a71-59ac-b409-ba5f70b5ad18,NaN,-90.000000,NaN
POS,173.9,VRF_UUID:70b8d836-2557-5678-81b6-3143e6479cde,58.702956,16.504118,50.9
POS,173.9,VRF_UUID:90cd086b-9f79-5408-8422-fea741fb53d9,58.702956,16.503257,50.9
POS,173.9,VRF_UUID:c267ce3b-a998-5041-b6fc-804c671f7b58,58.702956,16.505745,50.8
POS,173.9,VRF_UUID:cde66adc-7a34-a14d-bd51-a3df4032e6a1,NaN,-90.000000,NaN
POS,173.9,VRF_UUID:f864e51f-e571-704f-92e4-108201ec1049,NaN,-90.000000,NaN
# t=173.9s reflected=13 readable=8
POS,178.9,VRF_UUID:35197492-1871-5f80-90f8-22c7128f7754,58.702956,16.504864,50.9
POS,178.9,VRF_UUID:5a3ca430-fa6b-51cb-9849-f759b5a005e4,58.702956,16.504496,50.9
POS,178.9,VRF_UUID:684975b6-6a71-59ac-b409-ba5f70b5ad18,NaN,-90.000000,NaN
POS,178.9,VRF_UUID:70b8d836-2557-5678-81b6-3143e6479cde,58.702956,16.504118,50.9
POS,178.9,VRF_UUID:90cd086b-9f79-5408-8422-fea741fb53d9,58.702956,16.503257,50.9
POS,178.9,VRF_UUID:c267ce3b-a998-5041-b6fc-804c671f7b58,58.702956,16.505745,50.8
POS,178.9,VRF_UUID:cde66adc-7a34-a14d-bd51-a3df4032e6a1,NaN,-90.000000,NaN
POS,178.9,VRF_UUID:f864e51f-e571-704f-92e4-108201ec1049,NaN,-90.000000,NaN
# t=178.9s reflected=13 readable=8
POS,184,VRF_UUID:35197492-1871-5f80-90f8-22c7128f7754,58.702956,16.504864,50.9
POS,184,VRF_UUID:5a3ca430-fa6b-51cb-9849-f759b5a005e4,58.702956,16.504496,50.9
POS,184,VRF_UUID:684975b6-6a71-59ac-b409-ba5f70b5ad18,NaN,-90.000000,NaN
POS,184,VRF_UUID:70b8d836-2557-5678-81b6-3143e6479cde,58.702956,16.504118,50.9
POS,184,VRF_UUID:90cd086b-9f79-5408-8422-fea741fb53d9,58.702956,16.503257,50.9
POS,184,VRF_UUID:c267ce3b-a998-5041-b6fc-804c671f7b58,58.702956,16.505745,50.8
POS,184,VRF_UUID:cde66adc-7a34-a14d-bd51-a3df4032e6a1,NaN,-90.000000,NaN
POS,184,VRF_UUID:f864e51f-e571-704f-92e4-108201ec1049,NaN,-90.000000,NaN
# t=184s reflected=13 readable=8
POS,189,VRF_UUID:35197492-1871-5f80-90f8-22c7128f7754,58.702956,16.504864,50.9
POS,189,VRF_UUID:5a3ca430-fa6b-51cb-9849-f759b5a005e4,58.702956,16.504496,50.9
POS,189,VRF_UUID:684975b6-6a71-59ac-b409-ba5f70b5ad18,NaN,-90.000000,NaN
POS,189,VRF_UUID:70b8d836-2557-5678-81b6-3143e6479cde,58.702956,16.504118,50.9
POS,189,VRF_UUID:90cd086b-9f79-5408-8422-fea741fb53d9,58.702956,16.503257,50.9
POS,189,VRF_UUID:c267ce3b-a998-5041-b6fc-804c671f7b58,58.702956,16.505745,50.8
POS,189,VRF_UUID:cde66adc-7a34-a14d-bd51-a3df4032e6a1,NaN,-90.000000,NaN
POS,189,VRF_UUID:f864e51f-e571-704f-92e4-108201ec1049,NaN,-90.000000,NaN
# t=189s reflected=13 readable=8
