checking for RDTSCP instruction...Success.  Using RDTSCP for time
RDTSCP Timing Probe: 2449239956 ticks per second
=== WatchVrf - position + Object Console telemetry (R3 / groundwork 0.6) ===
    federation=CWIX-2024 appNumber=3582 duration=300s sample=5s

[..] bridge.Start() - joining the federation...
Using MAK Technologies' RTI version 4.6.1 HLA 1516-2010 for Microsoft Visual C++ version 14.0 Release Mode.
Connected to RTI Assistant.
Loading Config File: C:\MAK\makRti4.6.1\rid.mtl
INFO[Util] 21:50:56.072 T:57732 MAK::DtInitializer::loadConfigScript: Loading config file: vrfLegion.lua
[OK] joined; discovering + sampling (POS,t,uuid,lat,lon,alt ; CON,t,uuid,level,msg ; TSK,t,marking,taskType ; RPT,t,text)...
POS,3,VRF_UUID:0327cb0e-8f31-7e47-ba34-4e8b8de2983e,34.612731,-116.600215,1040.3
POS,3,VRF_UUID:677d4f9e-4de6-ad48-b429-6e16e5d105e2,34.612731,-116.601303,1041.3
POS,3,VRF_UUID:bc4187ab-6e80-ad41-bf1c-f965435c6994,34.612956,-116.600487,1040.6
POS,3,VRF_UUID:c4f3ded7-8100-3846-8cbd-805f716e52ac,34.613181,-116.599671,1039.9
POS,3,VRF_UUID:cd128270-3a33-c54b-807a-3e6b93be96c2,34.613181,-116.600759,1040.9
POS,3,VRF_UUID:cde66adc-7a34-a14d-bd51-a3df4032e6a1,NaN,-90.000000,NaN
POS,3,VRF_UUID:f864e51f-e571-704f-92e4-108201ec1049,NaN,-90.000000,NaN
# t=3s reflected=8 readable=7
POS,8,VRF_UUID:0327cb0e-8f31-7e47-ba34-4e8b8de2983e,34.612731,-116.600215,1040.3
POS,8,VRF_UUID:677d4f9e-4de6-ad48-b429-6e16e5d105e2,34.612731,-116.601303,1041.3
POS,8,VRF_UUID:bc4187ab-6e80-ad41-bf1c-f965435c6994,34.612956,-116.600487,1040.6
POS,8,VRF_UUID:c4f3ded7-8100-3846-8cbd-805f716e52ac,34.613181,-116.599671,1039.9
POS,8,VRF_UUID:cd128270-3a33-c54b-807a-3e6b93be96c2,34.613181,-116.600759,1040.9
POS,8,VRF_UUID:cde66adc-7a34-a14d-bd51-a3df4032e6a1,NaN,-90.000000,NaN
POS,8,VRF_UUID:f864e51f-e571-704f-92e4-108201ec1049,NaN,-90.000000,NaN
# t=8s reflected=8 readable=7
POS,13,VRF_UUID:0327cb0e-8f31-7e47-ba34-4e8b8de2983e,34.612731,-116.600215,1040.3
POS,13,VRF_UUID:677d4f9e-4de6-ad48-b429-6e16e5d105e2,34.612731,-116.601303,1041.3
POS,13,VRF_UUID:bc4187ab-6e80-ad41-bf1c-f965435c6994,34.612956,-116.600487,1040.6
POS,13,VRF_UUID:c4f3ded7-8100-3846-8cbd-805f716e52ac,34.613181,-116.599671,1039.9
POS,13,VRF_UUID:cd128270-3a33-c54b-807a-3e6b93be96c2,34.613181,-116.600759,1040.9
POS,13,VRF_UUID:cde66adc-7a34-a14d-bd51-a3df4032e6a1,NaN,-90.000000,NaN
POS,13,VRF_UUID:f864e51f-e571-704f-92e4-108201ec1049,NaN,-90.000000,NaN
# t=13s reflected=8 readable=7
POS,18.1,VRF_UUID:0327cb0e-8f31-7e47-ba34-4e8b8de2983e,34.612731,-116.600215,1040.3
POS,18.1,VRF_UUID:677d4f9e-4de6-ad48-b429-6e16e5d105e2,34.612731,-116.601303,1041.3
POS,18.1,VRF_UUID:bc4187ab-6e80-ad41-bf1c-f965435c6994,34.612956,-116.600487,1040.6
POS,18.1,VRF_UUID:c4f3ded7-8100-3846-8cbd-805f716e52ac,34.613181,-116.599671,1039.9
POS,18.1,VRF_UUID:cd128270-3a33-c54b-807a-3e6b93be96c2,34.613181,-116.600759,1040.9
POS,18.1,VRF_UUID:cde66adc-7a34-a14d-bd51-a3df4032e6a1,NaN,-90.000000,NaN
POS,18.1,VRF_UUID:f864e51f-e571-704f-92e4-108201ec1049,NaN,-90.000000,NaN
# t=18.1s reflected=8 readable=7
POS,23.1,VRF_UUID:0327cb0e-8f31-7e47-ba34-4e8b8de2983e,34.612731,-116.600215,1040.3
POS,23.1,VRF_UUID:677d4f9e-4de6-ad48-b429-6e16e5d105e2,34.612731,-116.601303,1041.3
POS,23.1,VRF_UUID:bc4187ab-6e80-ad41-bf1c-f965435c6994,34.612956,-116.600487,1040.6
POS,23.1,VRF_UUID:c4f3ded7-8100-3846-8cbd-805f716e52ac,34.613181,-116.599671,1039.9
POS,23.1,VRF_UUID:cd128270-3a33-c54b-807a-3e6b93be96c2,34.613181,-116.600759,1040.9
POS,23.1,VRF_UUID:cde66adc-7a34-a14d-bd51-a3df4032e6a1,NaN,-90.000000,NaN
POS,23.1,VRF_UUID:f864e51f-e571-704f-92e4-108201ec1049,NaN,-90.000000,NaN
# t=23.1s reflected=8 readable=7
POS,28.1,VRF_UUID:0327cb0e-8f31-7e47-ba34-4e8b8de2983e,34.612731,-116.600215,1040.3
POS,28.1,VRF_UUID:677d4f9e-4de6-ad48-b429-6e16e5d105e2,34.612731,-116.601303,1041.3
POS,28.1,VRF_UUID:bc4187ab-6e80-ad41-bf1c-f965435c6994,34.612956,-116.600487,1040.6
POS,28.1,VRF_UUID:c4f3ded7-8100-3846-8cbd-805f716e52ac,34.613181,-116.599671,1039.9
POS,28.1,VRF_UUID:cd128270-3a33-c54b-807a-3e6b93be96c2,34.613181,-116.600759,1040.9
POS,28.1,VRF_UUID:cde66adc-7a34-a14d-bd51-a3df4032e6a1,NaN,-90.000000,NaN
POS,28.1,VRF_UUID:f864e51f-e571-704f-92e4-108201ec1049,NaN,-90.000000,NaN
# t=28.1s reflected=8 readable=7
POS,33.1,VRF_UUID:0327cb0e-8f31-7e47-ba34-4e8b8de2983e,34.612731,-116.600215,1040.3
POS,33.1,VRF_UUID:677d4f9e-4de6-ad48-b429-6e16e5d105e2,34.612731,-116.601303,1041.3
POS,33.1,VRF_UUID:bc4187ab-6e80-ad41-bf1c-f965435c6994,34.612956,-116.600487,1040.6
POS,33.1,VRF_UUID:c4f3ded7-8100-3846-8cbd-805f716e52ac,34.613181,-116.599671,1039.9
POS,33.1,VRF_UUID:cd128270-3a33-c54b-807a-3e6b93be96c2,34.613181,-116.600759,1040.9
POS,33.1,VRF_UUID:cde66adc-7a34-a14d-bd51-a3df4032e6a1,NaN,-90.000000,NaN
POS,33.1,VRF_UUID:f864e51f-e571-704f-92e4-108201ec1049,NaN,-90.000000,NaN
# t=33.1s reflected=8 readable=7
POS,38.1,VRF_UUID:0327cb0e-8f31-7e47-ba34-4e8b8de2983e,34.612731,-116.600215,1040.3
POS,38.1,VRF_UUID:677d4f9e-4de6-ad48-b429-6e16e5d105e2,34.612731,-116.601303,1041.3
POS,38.1,VRF_UUID:bc4187ab-6e80-ad41-bf1c-f965435c6994,34.612956,-116.600487,1040.6
POS,38.1,VRF_UUID:c4f3ded7-8100-3846-8cbd-805f716e52ac,34.613181,-116.599671,1039.9
POS,38.1,VRF_UUID:cd128270-3a33-c54b-807a-3e6b93be96c2,34.613181,-116.600759,1040.9
POS,38.1,VRF_UUID:cde66adc-7a34-a14d-bd51-a3df4032e6a1,NaN,-90.000000,NaN
POS,38.1,VRF_UUID:f864e51f-e571-704f-92e4-108201ec1049,NaN,-90.000000,NaN
# t=38.1s reflected=8 readable=7
POS,43.1,VRF_UUID:0327cb0e-8f31-7e47-ba34-4e8b8de2983e,34.612731,-116.600215,1040.3
POS,43.1,VRF_UUID:677d4f9e-4de6-ad48-b429-6e16e5d105e2,34.612731,-116.601303,1041.3
POS,43.1,VRF_UUID:bc4187ab-6e80-ad41-bf1c-f965435c6994,34.612956,-116.600487,1040.6
POS,43.1,VRF_UUID:c4f3ded7-8100-3846-8cbd-805f716e52ac,34.613181,-116.599671,1039.9
POS,43.1,VRF_UUID:cd128270-3a33-c54b-807a-3e6b93be96c2,34.613181,-116.600759,1040.9
POS,43.1,VRF_UUID:cde66adc-7a34-a14d-bd51-a3df4032e6a1,NaN,-90.000000,NaN
POS,43.1,VRF_UUID:f864e51f-e571-704f-92e4-108201ec1049,NaN,-90.000000,NaN
# t=43.1s reflected=8 readable=7
POS,48.2,VRF_UUID:0327cb0e-8f31-7e47-ba34-4e8b8de2983e,34.612731,-116.600215,1040.3
POS,48.2,VRF_UUID:677d4f9e-4de6-ad48-b429-6e16e5d105e2,34.612731,-116.601303,1041.3
POS,48.2,VRF_UUID:bc4187ab-6e80-ad41-bf1c-f965435c6994,34.612956,-116.600487,1040.6
POS,48.2,VRF_UUID:c4f3ded7-8100-3846-8cbd-805f716e52ac,34.613181,-116.599671,1039.9
POS,48.2,VRF_UUID:cd128270-3a33-c54b-807a-3e6b93be96c2,34.613181,-116.600759,1040.9
POS,48.2,VRF_UUID:cde66adc-7a34-a14d-bd51-a3df4032e6a1,NaN,-90.000000,NaN
POS,48.2,VRF_UUID:f864e51f-e571-704f-92e4-108201ec1049,NaN,-90.000000,NaN
# t=48.2s reflected=8 readable=7
POS,53.2,VRF_UUID:0327cb0e-8f31-7e47-ba34-4e8b8de2983e,34.612731,-116.600215,1040.3
POS,53.2,VRF_UUID:677d4f9e-4de6-ad48-b429-6e16e5d105e2,34.612731,-116.601303,1041.3
POS,53.2,VRF_UUID:bc4187ab-6e80-ad41-bf1c-f965435c6994,34.612956,-116.600487,1040.6
POS,53.2,VRF_UUID:c4f3ded7-8100-3846-8cbd-805f716e52ac,34.613181,-116.599671,1039.9
POS,53.2,VRF_UUID:cd128270-3a33-c54b-807a-3e6b93be96c2,34.613181,-116.600759,1040.9
POS,53.2,VRF_UUID:cde66adc-7a34-a14d-bd51-a3df4032e6a1,NaN,-90.000000,NaN
POS,53.2,VRF_UUID:f864e51f-e571-704f-92e4-108201ec1049,NaN,-90.000000,NaN
# t=53.2s reflected=8 readable=7
POS,58.3,VRF_UUID:0327cb0e-8f31-7e47-ba34-4e8b8de2983e,34.612731,-116.600215,1040.3
POS,58.3,VRF_UUID:677d4f9e-4de6-ad48-b429-6e16e5d105e2,34.612731,-116.601303,1041.3
POS,58.3,VRF_UUID:bc4187ab-6e80-ad41-bf1c-f965435c6994,34.612956,-116.600487,1040.6
POS,58.3,VRF_UUID:c4f3ded7-8100-3846-8cbd-805f716e52ac,34.613181,-116.599671,1039.9
POS,58.3,VRF_UUID:cd128270-3a33-c54b-807a-3e6b93be96c2,34.613181,-116.600759,1040.9
POS,58.3,VRF_UUID:cde66adc-7a34-a14d-bd51-a3df4032e6a1,NaN,-90.000000,NaN
POS,58.3,VRF_UUID:f864e51f-e571-704f-92e4-108201ec1049,NaN,-90.000000,NaN
# t=58.3s reflected=8 readable=7
RPT,58.3,"POSITION ""M1A2 2"" 34.612731 -116.600215"
RPT,58.3,"POSITION ""CELLC_TANKPLT"" 34.612956 -116.600487"
RPT,58.3,"POSITION ""M1A2 4"" 34.612731 -116.601303"
RPT,58.3,"POSITION ""M1A2 1"" 34.613181 -116.599671"
RPT,60.6,"POSITION ""M1A2 3"" 34.613181 -116.600759"
POS,63.4,VRF_UUID:0327cb0e-8f31-7e47-ba34-4e8b8de2983e,34.612731,-116.600215,1040.3
POS,63.4,VRF_UUID:677d4f9e-4de6-ad48-b429-6e16e5d105e2,34.612731,-116.601303,1041.3
POS,63.4,VRF_UUID:bc4187ab-6e80-ad41-bf1c-f965435c6994,34.612956,-116.600487,1040.6
POS,63.4,VRF_UUID:c4f3ded7-8100-3846-8cbd-805f716e52ac,34.613181,-116.599671,1039.9
POS,63.4,VRF_UUID:cd128270-3a33-c54b-807a-3e6b93be96c2,34.613181,-116.600759,1040.9
POS,63.4,VRF_UUID:cde66adc-7a34-a14d-bd51-a3df4032e6a1,NaN,-90.000000,NaN
POS,63.4,VRF_UUID:f864e51f-e571-704f-92e4-108201ec1049,NaN,-90.000000,NaN
# t=63.4s reflected=8 readable=7
POS,68.4,VRF_UUID:0327cb0e-8f31-7e47-ba34-4e8b8de2983e,34.612731,-116.600215,1040.3
POS,68.4,VRF_UUID:677d4f9e-4de6-ad48-b429-6e16e5d105e2,34.612731,-116.601303,1041.3
POS,68.4,VRF_UUID:bc4187ab-6e80-ad41-bf1c-f965435c6994,34.612956,-116.600487,1040.6
POS,68.4,VRF_UUID:c4f3ded7-8100-3846-8cbd-805f716e52ac,34.613181,-116.599671,1039.9
POS,68.4,VRF_UUID:cd128270-3a33-c54b-807a-3e6b93be96c2,34.613181,-116.600759,1040.9
POS,68.4,VRF_UUID:cde66adc-7a34-a14d-bd51-a3df4032e6a1,NaN,-90.000000,NaN
POS,68.4,VRF_UUID:f864e51f-e571-704f-92e4-108201ec1049,NaN,-90.000000,NaN
# t=68.4s reflected=8 readable=7
POS,73.4,VRF_UUID:0327cb0e-8f31-7e47-ba34-4e8b8de2983e,34.612731,-116.600215,1040.3
POS,73.4,VRF_UUID:677d4f9e-4de6-ad48-b429-6e16e5d105e2,34.612731,-116.601303,1041.3
POS,73.4,VRF_UUID:bc4187ab-6e80-ad41-bf1c-f965435c6994,34.612956,-116.600487,1040.6
POS,73.4,VRF_UUID:c4f3ded7-8100-3846-8cbd-805f716e52ac,34.613181,-116.599671,1039.9
POS,73.4,VRF_UUID:cd128270-3a33-c54b-807a-3e6b93be96c2,34.613181,-116.600759,1040.9
POS,73.4,VRF_UUID:cde66adc-7a34-a14d-bd51-a3df4032e6a1,NaN,-90.000000,NaN
POS,73.4,VRF_UUID:f864e51f-e571-704f-92e4-108201ec1049,NaN,-90.000000,NaN
# t=73.4s reflected=8 readable=7
POS,78.4,VRF_UUID:0327cb0e-8f31-7e47-ba34-4e8b8de2983e,34.612731,-116.600215,1040.3
POS,78.4,VRF_UUID:677d4f9e-4de6-ad48-b429-6e16e5d105e2,34.612731,-116.601303,1041.3
POS,78.4,VRF_UUID:bc4187ab-6e80-ad41-bf1c-f965435c6994,34.612956,-116.600487,1040.6
POS,78.4,VRF_UUID:c4f3ded7-8100-3846-8cbd-805f716e52ac,34.613181,-116.599671,1039.9
POS,78.4,VRF_UUID:cd128270-3a33-c54b-807a-3e6b93be96c2,34.613181,-116.600759,1040.9
POS,78.4,VRF_UUID:cde66adc-7a34-a14d-bd51-a3df4032e6a1,NaN,-90.000000,NaN
POS,78.4,VRF_UUID:f864e51f-e571-704f-92e4-108201ec1049,NaN,-90.000000,NaN
# t=78.4s reflected=8 readable=7
POS,83.5,VRF_UUID:0327cb0e-8f31-7e47-ba34-4e8b8de2983e,34.612731,-116.600215,1040.3
POS,83.5,VRF_UUID:677d4f9e-4de6-ad48-b429-6e16e5d105e2,34.612731,-116.601303,1041.3
POS,83.5,VRF_UUID:bc4187ab-6e80-ad41-bf1c-f965435c6994,34.612956,-116.600487,1040.6
POS,83.5,VRF_UUID:c4f3ded7-8100-3846-8cbd-805f716e52ac,34.613181,-116.599671,1039.9
POS,83.5,VRF_UUID:cd128270-3a33-c54b-807a-3e6b93be96c2,34.613181,-116.600759,1040.9
POS,83.5,VRF_UUID:cde66adc-7a34-a14d-bd51-a3df4032e6a1,NaN,-90.000000,NaN
POS,83.5,VRF_UUID:f864e51f-e571-704f-92e4-108201ec1049,NaN,-90.000000,NaN
# t=83.5s reflected=8 readable=7
POS,88.5,VRF_UUID:0327cb0e-8f31-7e47-ba34-4e8b8de2983e,34.612731,-116.600215,1040.3
POS,88.5,VRF_UUID:677d4f9e-4de6-ad48-b429-6e16e5d105e2,34.612731,-116.601303,1041.3
POS,88.5,VRF_UUID:bc4187ab-6e80-ad41-bf1c-f965435c6994,34.612956,-116.600487,1040.6
POS,88.5,VRF_UUID:c4f3ded7-8100-3846-8cbd-805f716e52ac,34.613181,-116.599671,1039.9
POS,88.5,VRF_UUID:cd128270-3a33-c54b-807a-3e6b93be96c2,34.613181,-116.600759,1040.9
POS,88.5,VRF_UUID:cde66adc-7a34-a14d-bd51-a3df4032e6a1,NaN,-90.000000,NaN
POS,88.5,VRF_UUID:f864e51f-e571-704f-92e4-108201ec1049,NaN,-90.000000,NaN
# t=88.5s reflected=8 readable=7
POS,93.6,VRF_UUID:0327cb0e-8f31-7e47-ba34-4e8b8de2983e,34.612731,-116.600215,1040.3
POS,93.6,VRF_UUID:677d4f9e-4de6-ad48-b429-6e16e5d105e2,34.612731,-116.601303,1041.3
POS,93.6,VRF_UUID:bc4187ab-6e80-ad41-bf1c-f965435c6994,34.612956,-116.600487,1040.6
POS,93.6,VRF_UUID:c4f3ded7-8100-3846-8cbd-805f716e52ac,34.613181,-116.599671,1039.9
POS,93.6,VRF_UUID:cd128270-3a33-c54b-807a-3e6b93be96c2,34.613181,-116.600759,1040.9
POS,93.6,VRF_UUID:cde66adc-7a34-a14d-bd51-a3df4032e6a1,NaN,-90.000000,NaN
POS,93.6,VRF_UUID:f864e51f-e571-704f-92e4-108201ec1049,NaN,-90.000000,NaN
# t=93.6s reflected=8 readable=7
RPT,95.4,"POSITION ""CELLC_TANKPLT"" 34.612956 -116.600487"
RPT,95.4,"POSITION ""M1A2 2"" 34.612731 -116.600215"
RPT,95.5,"POSITION ""M1A2 4"" 34.612731 -116.601303"
RPT,95.6,"POSITION ""M1A2 1"" 34.613181 -116.599671"
RPT,95.7,"POSITION ""M1A2 3"" 34.613181 -116.600759"
POS,98.6,VRF_UUID:0327cb0e-8f31-7e47-ba34-4e8b8de2983e,34.612731,-116.600215,1040.3
POS,98.6,VRF_UUID:677d4f9e-4de6-ad48-b429-6e16e5d105e2,34.612731,-116.601303,1041.3
POS,98.6,VRF_UUID:bc4187ab-6e80-ad41-bf1c-f965435c6994,34.612956,-116.600487,1040.6
POS,98.6,VRF_UUID:c4f3ded7-8100-3846-8cbd-805f716e52ac,34.613181,-116.599671,1039.9
POS,98.6,VRF_UUID:cd128270-3a33-c54b-807a-3e6b93be96c2,34.613181,-116.600759,1040.9
POS,98.6,VRF_UUID:cde66adc-7a34-a14d-bd51-a3df4032e6a1,NaN,-90.000000,NaN
POS,98.6,VRF_UUID:f864e51f-e571-704f-92e4-108201ec1049,NaN,-90.000000,NaN
# t=98.6s reflected=8 readable=7
RPT,99.4,"POSITION ""CELLC_TANKPLT"" 34.612956 -116.600487"
RPT,99.6,"POSITION ""M1A2 1"" 34.613181 -116.599671"
RPT,99.6,"POSITION ""M1A2 2"" 34.612731 -116.600215"
RPT,99.6,"POSITION ""M1A2 4"" 34.612731 -116.601303"
RPT,99.7,"POSITION ""M1A2 3"" 34.613181 -116.600759"
RPT,103.5,"POSITION ""CELLC_TANKPLT"" 34.612956 -116.600487"
POS,103.6,VRF_UUID:0327cb0e-8f31-7e47-ba34-4e8b8de2983e,34.612731,-116.600215,1040.3
POS,103.6,VRF_UUID:677d4f9e-4de6-ad48-b429-6e16e5d105e2,34.612731,-116.601303,1041.3
POS,103.6,VRF_UUID:bc4187ab-6e80-ad41-bf1c-f965435c6994,34.612956,-116.600487,1040.6
POS,103.6,VRF_UUID:c4f3ded7-8100-3846-8cbd-805f716e52ac,34.613181,-116.599671,1039.9
POS,103.6,VRF_UUID:cd128270-3a33-c54b-807a-3e6b93be96c2,34.613181,-116.600759,1040.9
POS,103.6,VRF_UUID:cde66adc-7a34-a14d-bd51-a3df4032e6a1,NaN,-90.000000,NaN
POS,103.6,VRF_UUID:f864e51f-e571-704f-92e4-108201ec1049,NaN,-90.000000,NaN
# t=103.6s reflected=8 readable=7
RPT,103.6,"POSITION ""M1A2 2"" 34.612731 -116.600215"
RPT,103.7,"POSITION ""M1A2 4"" 34.612731 -116.601303"
RPT,103.7,"POSITION ""M1A2 3"" 34.613181 -116.600759"
RPT,103.8,"POSITION ""M1A2 1"" 34.613181 -116.599671"
RPT,107.6,"POSITION ""CELLC_TANKPLT"" 34.612956 -116.600487"
RPT,107.7,"POSITION ""M1A2 2"" 34.612731 -116.597499"
RPT,107.8,"POSITION ""M1A2 1"" 34.613181 -116.597239"
RPT,107.9,"POSITION ""M1A2 4"" 34.612731 -116.597841"
RPT,107.9,"POSITION ""M1A2 3"" 34.613181 -116.597505"
POS,108.6,VRF_UUID:0281063f-bf6f-d04a-a339-965e9dc28fe4,NaN,-90.000000,NaN
POS,108.6,VRF_UUID:0327cb0e-8f31-7e47-ba34-4e8b8de2983e,34.612731,-116.602760,1043.7
POS,108.6,VRF_UUID:170ee183-86c8-2f44-90d6-ef989b49191a,NaN,-90.000000,NaN
POS,108.6,VRF_UUID:677d4f9e-4de6-ad48-b429-6e16e5d105e2,34.607853,-116.270692,734.2
POS,108.6,VRF_UUID:b4d28c78-bd27-d34c-97d0-f3d203a2e530,NaN,-90.000000,NaN
POS,108.6,VRF_UUID:bc4187ab-6e80-ad41-bf1c-f965435c6994,34.613054,-116.608576,1050.5
POS,108.6,VRF_UUID:c4f3ded7-8100-3846-8cbd-805f716e52ac,34.613187,-116.608386,1050.4
POS,108.6,VRF_UUID:cd128270-3a33-c54b-807a-3e6b93be96c2,34.621908,-117.104584,1791.1
POS,108.6,VRF_UUID:cde66adc-7a34-a14d-bd51-a3df4032e6a1,NaN,-90.000000,NaN
POS,108.6,VRF_UUID:eda95c18-ea2b-544e-85b0-70eb6977ca22,NaN,-90.000000,NaN
POS,108.6,VRF_UUID:f70908fa-6bdf-b14c-a061-b029b806ee88,NaN,-90.000000,NaN
POS,108.6,VRF_UUID:f864e51f-e571-704f-92e4-108201ec1049,NaN,-90.000000,NaN
# t=108.6s reflected=13 readable=12
RPT,111.8,"POSITION ""CELLC_TANKPLT"" 34.612956 -116.592011"
RPT,111.9,"POSITION ""M1A2 1"" 34.613181 -116.590659"
RPT,111.9,"POSITION ""M1A2 2"" 34.612731 -116.590750"
RPT,111.9,"POSITION ""M1A2 4"" 34.612731 -116.591049"
RPT,112.1,"POSITION ""M1A2 3"" 34.613181 -116.590731"
POS,113.6,VRF_UUID:0281063f-bf6f-d04a-a339-965e9dc28fe4,NaN,-90.000000,NaN
POS,113.6,VRF_UUID:0327cb0e-8f31-7e47-ba34-4e8b8de2983e,34.612444,-116.329762,776.5
POS,113.6,VRF_UUID:677d4f9e-4de6-ad48-b429-6e16e5d105e2,34.612731,-116.588562,1027.5
POS,113.6,VRF_UUID:b4d28c78-bd27-d34c-97d0-f3d203a2e530,NaN,-90.000000,NaN
POS,113.6,VRF_UUID:bc4187ab-6e80-ad41-bf1c-f965435c6994,34.612942,-116.603802,1045.0
POS,113.6,VRF_UUID:c4f3ded7-8100-3846-8cbd-805f716e52ac,34.613175,-116.600769,1041.6
POS,113.6,VRF_UUID:cd128270-3a33-c54b-807a-3e6b93be96c2,34.613213,-116.514356,946.2
POS,113.6,VRF_UUID:cde66adc-7a34-a14d-bd51-a3df4032e6a1,NaN,-90.000000,NaN
POS,113.6,VRF_UUID:eda95c18-ea2b-544e-85b0-70eb6977ca22,NaN,-90.000000,NaN
POS,113.6,VRF_UUID:f70908fa-6bdf-b14c-a061-b029b806ee88,NaN,-90.000000,NaN
POS,113.6,VRF_UUID:f864e51f-e571-704f-92e4-108201ec1049,NaN,-90.000000,NaN
# t=113.6s reflected=13 readable=11
TSK,114,"CELLC_TANKPLT","move-along"
RPT,115.8,"POSITION ""CELLC_TANKPLT"" 34.612956 -116.587771"
RPT,116,"POSITION ""M1A2 1"" 34.613181 -116.587022"
RPT,116,"POSITION ""M1A2 2"" 34.612731 -116.587479"
RPT,116.1,"POSITION ""M1A2 4"" 34.612731 -116.588562"
RPT,116.2,"POSITION ""M1A2 3"" 34.613181 -116.588022"
POS,118.6,VRF_UUID:0327cb0e-8f31-7e47-ba34-4e8b8de2983e,34.612731,-116.587479,1026.3
POS,118.6,VRF_UUID:677d4f9e-4de6-ad48-b429-6e16e5d105e2,34.612731,-116.588562,1027.5
POS,118.6,VRF_UUID:bc4187ab-6e80-ad41-bf1c-f965435c6994,34.612956,-116.587771,1026.6
POS,118.6,VRF_UUID:c4f3ded7-8100-3846-8cbd-805f716e52ac,34.613181,-116.587022,1025.8
POS,118.6,VRF_UUID:cd128270-3a33-c54b-807a-3e6b93be96c2,34.613181,-116.588022,1026.9
POS,118.6,VRF_UUID:cde66adc-7a34-a14d-bd51-a3df4032e6a1,NaN,-90.000000,NaN
POS,118.6,VRF_UUID:f70908fa-6bdf-b14c-a061-b029b806ee88,NaN,-90.000000,NaN
POS,118.6,VRF_UUID:f864e51f-e571-704f-92e4-108201ec1049,NaN,-90.000000,NaN
# t=118.6s reflected=13 readable=8
RPT,119.8,"POSITION ""CELLC_TANKPLT"" 34.612956 -116.587771"
RPT,120,"POSITION ""M1A2 1"" 34.613181 -116.587022"
RPT,120.2,"POSITION ""M1A2 2"" 34.612731 -116.587479"
RPT,120.2,"POSITION ""M1A2 4"" 34.612731 -116.588562"
RPT,120.3,"POSITION ""M1A2 3"" 34.613181 -116.588022"
POS,123.7,VRF_UUID:0327cb0e-8f31-7e47-ba34-4e8b8de2983e,34.612731,-116.587479,1026.3
POS,123.7,VRF_UUID:677d4f9e-4de6-ad48-b429-6e16e5d105e2,34.612731,-116.588562,1027.5
POS,123.7,VRF_UUID:bc4187ab-6e80-ad41-bf1c-f965435c6994,34.612956,-116.587771,1026.6
POS,123.7,VRF_UUID:c4f3ded7-8100-3846-8cbd-805f716e52ac,34.613181,-116.587022,1025.8
POS,123.7,VRF_UUID:cd128270-3a33-c54b-807a-3e6b93be96c2,34.613181,-116.588022,1026.9
POS,123.7,VRF_UUID:cde66adc-7a34-a14d-bd51-a3df4032e6a1,NaN,-90.000000,NaN
POS,123.7,VRF_UUID:f70908fa-6bdf-b14c-a061-b029b806ee88,NaN,-90.000000,NaN
POS,123.7,VRF_UUID:f864e51f-e571-704f-92e4-108201ec1049,NaN,-90.000000,NaN
# t=123.7s reflected=13 readable=8
RPT,124,"POSITION ""CELLC_TANKPLT"" 34.612956 -116.587771"
RPT,124.1,"POSITION ""M1A2 1"" 34.613181 -116.587022"
RPT,124.2,"POSITION ""M1A2 2"" 34.612731 -116.587479"
RPT,124.3,"POSITION ""M1A2 3"" 34.613181 -116.588022"
RPT,124.3,"POSITION ""M1A2 4"" 34.612731 -116.588562"
RPT,128.1,"POSITION ""CELLC_TANKPLT"" 34.612956 -116.587771"
RPT,128.2,"POSITION ""M1A2 1"" 34.613181 -116.587022"
RPT,128.4,"POSITION ""M1A2 3"" 34.613181 -116.588022"
RPT,128.4,"POSITION ""M1A2 4"" 34.612731 -116.588562"
RPT,128.4,"POSITION ""M1A2 2"" 34.612731 -116.587479"
POS,128.7,VRF_UUID:0327cb0e-8f31-7e47-ba34-4e8b8de2983e,34.612731,-116.587479,1026.3
POS,128.7,VRF_UUID:677d4f9e-4de6-ad48-b429-6e16e5d105e2,34.612731,-116.588562,1027.5
POS,128.7,VRF_UUID:bc4187ab-6e80-ad41-bf1c-f965435c6994,34.612956,-116.587771,1026.6
POS,128.7,VRF_UUID:c4f3ded7-8100-3846-8cbd-805f716e52ac,34.613181,-116.587022,1025.8
POS,128.7,VRF_UUID:cd128270-3a33-c54b-807a-3e6b93be96c2,34.613181,-116.588022,1026.9
POS,128.7,VRF_UUID:cde66adc-7a34-a14d-bd51-a3df4032e6a1,NaN,-90.000000,NaN
POS,128.7,VRF_UUID:f70908fa-6bdf-b14c-a061-b029b806ee88,NaN,-90.000000,NaN
POS,128.7,VRF_UUID:f864e51f-e571-704f-92e4-108201ec1049,NaN,-90.000000,NaN
# t=128.7s reflected=13 readable=8
RPT,132.2,"POSITION ""CELLC_TANKPLT"" 34.612956 -116.587771"
RPT,132.3,"POSITION ""M1A2 1"" 34.613181 -116.587022"
RPT,132.4,"POSITION ""M1A2 2"" 34.612731 -116.587479"
RPT,132.4,"POSITION ""M1A2 3"" 34.613181 -116.588022"
RPT,132.5,"POSITION ""M1A2 4"" 34.612731 -116.588562"
POS,133.7,VRF_UUID:0327cb0e-8f31-7e47-ba34-4e8b8de2983e,34.612731,-116.587479,1026.3
POS,133.7,VRF_UUID:677d4f9e-4de6-ad48-b429-6e16e5d105e2,34.612731,-116.588562,1027.5
POS,133.7,VRF_UUID:bc4187ab-6e80-ad41-bf1c-f965435c6994,34.612956,-116.587771,1026.6
POS,133.7,VRF_UUID:c4f3ded7-8100-3846-8cbd-805f716e52ac,34.613181,-116.587022,1025.8
POS,133.7,VRF_UUID:cd128270-3a33-c54b-807a-3e6b93be96c2,34.613181,-116.588022,1026.9
POS,133.7,VRF_UUID:cde66adc-7a34-a14d-bd51-a3df4032e6a1,NaN,-90.000000,NaN
POS,133.7,VRF_UUID:f70908fa-6bdf-b14c-a061-b029b806ee88,NaN,-90.000000,NaN
POS,133.7,VRF_UUID:f864e51f-e571-704f-92e4-108201ec1049,NaN,-90.000000,NaN
# t=133.7s reflected=13 readable=8
RPT,136.2,"POSITION ""CELLC_TANKPLT"" 34.612956 -116.587771"
RPT,136.3,"POSITION ""M1A2 1"" 34.613181 -116.587022"
RPT,136.4,"POSITION ""M1A2 2"" 34.612731 -116.587479"
RPT,136.5,"POSITION ""M1A2 3"" 34.613181 -116.588022"
RPT,136.5,"POSITION ""M1A2 4"" 34.612731 -116.588562"
POS,138.7,VRF_UUID:0327cb0e-8f31-7e47-ba34-4e8b8de2983e,34.612731,-116.587479,1026.3
POS,138.7,VRF_UUID:677d4f9e-4de6-ad48-b429-6e16e5d105e2,34.612731,-116.588562,1027.5
POS,138.7,VRF_UUID:bc4187ab-6e80-ad41-bf1c-f965435c6994,34.612956,-116.587771,1026.6
POS,138.7,VRF_UUID:c4f3ded7-8100-3846-8cbd-805f716e52ac,34.613181,-116.587022,1025.8
POS,138.7,VRF_UUID:cd128270-3a33-c54b-807a-3e6b93be96c2,34.613181,-116.588022,1026.9
POS,138.7,VRF_UUID:cde66adc-7a34-a14d-bd51-a3df4032e6a1,NaN,-90.000000,NaN
POS,138.7,VRF_UUID:f70908fa-6bdf-b14c-a061-b029b806ee88,NaN,-90.000000,NaN
POS,138.7,VRF_UUID:f864e51f-e571-704f-92e4-108201ec1049,NaN,-90.000000,NaN
# t=138.7s reflected=13 readable=8
RPT,140.3,"POSITION ""CELLC_TANKPLT"" 34.612956 -116.587771"
RPT,140.4,"POSITION ""M1A2 1"" 34.613181 -116.587022"
RPT,140.5,"POSITION ""M1A2 2"" 34.612731 -116.587479"
RPT,140.5,"POSITION ""M1A2 3"" 34.613181 -116.588022"
RPT,140.7,"POSITION ""M1A2 4"" 34.612731 -116.588562"
POS,143.7,VRF_UUID:0327cb0e-8f31-7e47-ba34-4e8b8de2983e,34.612731,-116.587479,1026.3
POS,143.7,VRF_UUID:677d4f9e-4de6-ad48-b429-6e16e5d105e2,34.612731,-116.588562,1027.5
POS,143.7,VRF_UUID:bc4187ab-6e80-ad41-bf1c-f965435c6994,34.612956,-116.587771,1026.6
POS,143.7,VRF_UUID:c4f3ded7-8100-3846-8cbd-805f716e52ac,34.613181,-116.587022,1025.8
POS,143.7,VRF_UUID:cd128270-3a33-c54b-807a-3e6b93be96c2,34.613181,-116.588022,1026.9
POS,143.7,VRF_UUID:cde66adc-7a34-a14d-bd51-a3df4032e6a1,NaN,-90.000000,NaN
POS,143.7,VRF_UUID:f70908fa-6bdf-b14c-a061-b029b806ee88,NaN,-90.000000,NaN
POS,143.7,VRF_UUID:f864e51f-e571-704f-92e4-108201ec1049,NaN,-90.000000,NaN
# t=143.7s reflected=13 readable=8
RPT,144.3,"POSITION ""CELLC_TANKPLT"" 34.612956 -116.587771"
RPT,144.4,"POSITION ""M1A2 1"" 34.613181 -116.587022"
RPT,144.6,"POSITION ""M1A2 2"" 34.612731 -116.587479"
RPT,144.7,"POSITION ""M1A2 3"" 34.613181 -116.588022"
RPT,144.9,"POSITION ""M1A2 4"" 34.612731 -116.588562"
RPT,148.4,"POSITION ""CELLC_TANKPLT"" 34.612956 -116.587771"
RPT,148.5,"POSITION ""M1A2 1"" 34.613181 -116.587022"
POS,148.7,VRF_UUID:0327cb0e-8f31-7e47-ba34-4e8b8de2983e,34.612731,-116.587479,1026.3
POS,148.7,VRF_UUID:677d4f9e-4de6-ad48-b429-6e16e5d105e2,34.612731,-116.588562,1027.5
POS,148.7,VRF_UUID:bc4187ab-6e80-ad41-bf1c-f965435c6994,34.612956,-116.587771,1026.6
POS,148.7,VRF_UUID:c4f3ded7-8100-3846-8cbd-805f716e52ac,34.613181,-116.587022,1025.8
POS,148.7,VRF_UUID:cd128270-3a33-c54b-807a-3e6b93be96c2,34.613181,-116.588022,1026.9
POS,148.7,VRF_UUID:cde66adc-7a34-a14d-bd51-a3df4032e6a1,NaN,-90.000000,NaN
POS,148.7,VRF_UUID:f70908fa-6bdf-b14c-a061-b029b806ee88,NaN,-90.000000,NaN
POS,148.7,VRF_UUID:f864e51f-e571-704f-92e4-108201ec1049,NaN,-90.000000,NaN
# t=148.7s reflected=13 readable=8
RPT,148.8,"POSITION ""M1A2 2"" 34.612731 -116.587479"
RPT,148.8,"POSITION ""M1A2 3"" 34.613181 -116.588022"
RPT,148.9,"POSITION ""M1A2 4"" 34.612731 -116.588562"
RPT,152.5,"POSITION ""CELLC_TANKPLT"" 34.612956 -116.587771"
RPT,152.5,"POSITION ""M1A2 1"" 34.613181 -116.587022"
RPT,152.8,"POSITION ""M1A2 2"" 34.612731 -116.587479"
RPT,153,"POSITION ""M1A2 3"" 34.613181 -116.588022"
RPT,153,"POSITION ""M1A2 4"" 34.612731 -116.588562"
POS,153.8,VRF_UUID:0327cb0e-8f31-7e47-ba34-4e8b8de2983e,34.612731,-116.587479,1026.3
POS,153.8,VRF_UUID:677d4f9e-4de6-ad48-b429-6e16e5d105e2,34.612731,-116.588562,1027.5
POS,153.8,VRF_UUID:bc4187ab-6e80-ad41-bf1c-f965435c6994,34.612956,-116.587771,1026.6
POS,153.8,VRF_UUID:c4f3ded7-8100-3846-8cbd-805f716e52ac,34.613181,-116.587022,1025.8
POS,153.8,VRF_UUID:cd128270-3a33-c54b-807a-3e6b93be96c2,34.613181,-116.588022,1026.9
POS,153.8,VRF_UUID:cde66adc-7a34-a14d-bd51-a3df4032e6a1,NaN,-90.000000,NaN
POS,153.8,VRF_UUID:f70908fa-6bdf-b14c-a061-b029b806ee88,NaN,-90.000000,NaN
POS,153.8,VRF_UUID:f864e51f-e571-704f-92e4-108201ec1049,NaN,-90.000000,NaN
# t=153.8s reflected=13 readable=8
RPT,156.5,"POSITION ""M1A2 1"" 34.613181 -116.587022"
RPT,156.6,"POSITION ""CELLC_TANKPLT"" 34.612956 -116.587771"
RPT,156.9,"POSITION ""M1A2 2"" 34.612731 -116.587479"
RPT,157,"POSITION ""M1A2 3"" 34.613181 -116.588022"
RPT,157.2,"POSITION ""M1A2 4"" 34.612731 -116.588562"
POS,158.8,VRF_UUID:0327cb0e-8f31-7e47-ba34-4e8b8de2983e,34.612731,-116.587479,1026.3
POS,158.8,VRF_UUID:677d4f9e-4de6-ad48-b429-6e16e5d105e2,34.612731,-116.588562,1027.5
POS,158.8,VRF_UUID:bc4187ab-6e80-ad41-bf1c-f965435c6994,34.612956,-116.587771,1026.6
POS,158.8,VRF_UUID:c4f3ded7-8100-3846-8cbd-805f716e52ac,34.613181,-116.587022,1025.8
POS,158.8,VRF_UUID:cd128270-3a33-c54b-807a-3e6b93be96c2,34.613181,-116.588022,1026.9
POS,158.8,VRF_UUID:cde66adc-7a34-a14d-bd51-a3df4032e6a1,NaN,-90.000000,NaN
POS,158.8,VRF_UUID:f70908fa-6bdf-b14c-a061-b029b806ee88,NaN,-90.000000,NaN
POS,158.8,VRF_UUID:f864e51f-e571-704f-92e4-108201ec1049,NaN,-90.000000,NaN
# t=158.8s reflected=13 readable=8
RPT,160.6,"POSITION ""M1A2 1"" 34.613181 -116.587022"
RPT,160.7,"POSITION ""CELLC_TANKPLT"" 34.612956 -116.587771"
RPT,161,"POSITION ""M1A2 2"" 34.612731 -116.587479"
RPT,161,"POSITION ""M1A2 3"" 34.613181 -116.588022"
RPT,161.1,"POSITION ""M1A2 4"" 34.612731 -116.588562"
POS,163.8,VRF_UUID:0327cb0e-8f31-7e47-ba34-4e8b8de2983e,34.612731,-116.587479,1026.3
POS,163.8,VRF_UUID:677d4f9e-4de6-ad48-b429-6e16e5d105e2,34.612731,-116.588562,1027.5
POS,163.8,VRF_UUID:bc4187ab-6e80-ad41-bf1c-f965435c6994,34.612956,-116.587771,1026.6
POS,163.8,VRF_UUID:c4f3ded7-8100-3846-8cbd-805f716e52ac,34.613181,-116.587022,1025.8
POS,163.8,VRF_UUID:cd128270-3a33-c54b-807a-3e6b93be96c2,34.613181,-116.588022,1026.9
POS,163.8,VRF_UUID:cde66adc-7a34-a14d-bd51-a3df4032e6a1,NaN,-90.000000,NaN
POS,163.8,VRF_UUID:f70908fa-6bdf-b14c-a061-b029b806ee88,NaN,-90.000000,NaN
POS,163.8,VRF_UUID:f864e51f-e571-704f-92e4-108201ec1049,NaN,-90.000000,NaN
# t=163.8s reflected=13 readable=8
RPT,164.7,"POSITION ""M1A2 1"" 34.613181 -116.587022"
RPT,164.9,"POSITION ""CELLC_TANKPLT"" 34.612956 -116.587771"
RPT,165,"POSITION ""M1A2 2"" 34.612731 -116.587479"
RPT,165.1,"POSITION ""M1A2 3"" 34.613181 -116.588022"
RPT,165.2,"POSITION ""M1A2 4"" 34.612731 -116.588562"
RPT,168.7,"POSITION ""M1A2 1"" 34.613181 -116.587022"
POS,168.8,VRF_UUID:0327cb0e-8f31-7e47-ba34-4e8b8de2983e,34.612731,-116.587479,1026.3
POS,168.8,VRF_UUID:677d4f9e-4de6-ad48-b429-6e16e5d105e2,34.612731,-116.588562,1027.5
POS,168.8,VRF_UUID:bc4187ab-6e80-ad41-bf1c-f965435c6994,34.612956,-116.587771,1026.6
POS,168.8,VRF_UUID:c4f3ded7-8100-3846-8cbd-805f716e52ac,34.613181,-116.587022,1025.8
POS,168.8,VRF_UUID:cd128270-3a33-c54b-807a-3e6b93be96c2,34.613181,-116.588022,1026.9
POS,168.8,VRF_UUID:cde66adc-7a34-a14d-bd51-a3df4032e6a1,NaN,-90.000000,NaN
POS,168.8,VRF_UUID:f70908fa-6bdf-b14c-a061-b029b806ee88,NaN,-90.000000,NaN
POS,168.8,VRF_UUID:f864e51f-e571-704f-92e4-108201ec1049,NaN,-90.000000,NaN
# t=168.8s reflected=13 readable=8
RPT,168.9,"POSITION ""CELLC_TANKPLT"" 34.612956 -116.587771"
RPT,169.1,"POSITION ""M1A2 2"" 34.612731 -116.587479"
RPT,169.2,"POSITION ""M1A2 3"" 34.613181 -116.588022"
RPT,169.3,"POSITION ""M1A2 4"" 34.612731 -116.588562"
RPT,172.8,"POSITION ""M1A2 1"" 34.613181 -116.587022"
RPT,173.1,"POSITION ""CELLC_TANKPLT"" 34.612956 -116.587771"
RPT,173.3,"POSITION ""M1A2 3"" 34.613181 -116.588022"
RPT,173.3,"POSITION ""M1A2 2"" 34.612731 -116.587479"
RPT,173.4,"POSITION ""M1A2 4"" 34.612731 -116.588562"
POS,173.8,VRF_UUID:0327cb0e-8f31-7e47-ba34-4e8b8de2983e,34.612731,-116.587479,1026.3
POS,173.8,VRF_UUID:677d4f9e-4de6-ad48-b429-6e16e5d105e2,34.612731,-116.588562,1027.5
POS,173.8,VRF_UUID:bc4187ab-6e80-ad41-bf1c-f965435c6994,34.612956,-116.587771,1026.6
POS,173.8,VRF_UUID:c4f3ded7-8100-3846-8cbd-805f716e52ac,34.613181,-116.587022,1025.8
POS,173.8,VRF_UUID:cd128270-3a33-c54b-807a-3e6b93be96c2,34.613181,-116.588022,1026.9
POS,173.8,VRF_UUID:cde66adc-7a34-a14d-bd51-a3df4032e6a1,NaN,-90.000000,NaN
POS,173.8,VRF_UUID:f70908fa-6bdf-b14c-a061-b029b806ee88,NaN,-90.000000,NaN
POS,173.8,VRF_UUID:f864e51f-e571-704f-92e4-108201ec1049,NaN,-90.000000,NaN
# t=173.8s reflected=13 readable=8
RPT,176.9,"POSITION ""M1A2 1"" 34.613181 -116.587022"
RPT,177.1,"POSITION ""CELLC_TANKPLT"" 34.612956 -116.587771"
RPT,177.4,"POSITION ""M1A2 3"" 34.613181 -116.588022"
RPT,177.4,"POSITION ""M1A2 2"" 34.612731 -116.587479"
RPT,177.5,"POSITION ""M1A2 4"" 34.612731 -116.588562"
POS,178.9,VRF_UUID:0327cb0e-8f31-7e47-ba34-4e8b8de2983e,34.612731,-116.587479,1026.3
POS,178.9,VRF_UUID:677d4f9e-4de6-ad48-b429-6e16e5d105e2,34.612731,-116.588562,1027.5
POS,178.9,VRF_UUID:bc4187ab-6e80-ad41-bf1c-f965435c6994,34.612956,-116.587771,1026.6
POS,178.9,VRF_UUID:c4f3ded7-8100-3846-8cbd-805f716e52ac,34.613181,-116.587022,1025.8
POS,178.9,VRF_UUID:cd128270-3a33-c54b-807a-3e6b93be96c2,34.613181,-116.588022,1026.9
POS,178.9,VRF_UUID:cde66adc-7a34-a14d-bd51-a3df4032e6a1,NaN,-90.000000,NaN
POS,178.9,VRF_UUID:f70908fa-6bdf-b14c-a061-b029b806ee88,NaN,-90.000000,NaN
POS,178.9,VRF_UUID:f864e51f-e571-704f-92e4-108201ec1049,NaN,-90.000000,NaN
# t=178.9s reflected=13 readable=8
RPT,180.9,"POSITION ""M1A2 1"" 34.613181 -116.587022"
RPT,181.3,"POSITION ""CELLC_TANKPLT"" 34.612956 -116.587771"
RPT,181.4,"POSITION ""M1A2 3"" 34.613181 -116.588022"
RPT,181.5,"POSITION ""M1A2 2"" 34.612731 -116.587479"
RPT,181.6,"POSITION ""M1A2 4"" 34.612731 -116.588562"
POS,183.9,VRF_UUID:0327cb0e-8f31-7e47-ba34-4e8b8de2983e,34.612731,-116.587479,1026.3
POS,183.9,VRF_UUID:677d4f9e-4de6-ad48-b429-6e16e5d105e2,34.612731,-116.588562,1027.5
POS,183.9,VRF_UUID:bc4187ab-6e80-ad41-bf1c-f965435c6994,34.612956,-116.587771,1026.6
POS,183.9,VRF_UUID:c4f3ded7-8100-3846-8cbd-805f716e52ac,34.613181,-116.587022,1025.8
POS,183.9,VRF_UUID:cd128270-3a33-c54b-807a-3e6b93be96c2,34.613181,-116.588022,1026.9
POS,183.9,VRF_UUID:cde66adc-7a34-a14d-bd51-a3df4032e6a1,NaN,-90.000000,NaN
POS,183.9,VRF_UUID:f70908fa-6bdf-b14c-a061-b029b806ee88,NaN,-90.000000,NaN
POS,183.9,VRF_UUID:f864e51f-e571-704f-92e4-108201ec1049,NaN,-90.000000,NaN
# t=183.9s reflected=13 readable=8
RPT,185,"POSITION ""M1A2 1"" 34.613181 -116.587022"
RPT,185.4,"POSITION ""CELLC_TANKPLT"" 34.612956 -116.587771"
RPT,185.4,"POSITION ""M1A2 3"" 34.613181 -116.588022"
RPT,185.6,"POSITION ""M1A2 2"" 34.612731 -116.587479"
RPT,185.8,"POSITION ""M1A2 4"" 34.612731 -116.588562"
POS,188.9,VRF_UUID:0327cb0e-8f31-7e47-ba34-4e8b8de2983e,34.612731,-116.587479,1026.3
POS,188.9,VRF_UUID:677d4f9e-4de6-ad48-b429-6e16e5d105e2,34.612731,-116.588562,1027.5
POS,188.9,VRF_UUID:bc4187ab-6e80-ad41-bf1c-f965435c6994,34.612956,-116.587771,1026.6
POS,188.9,VRF_UUID:c4f3ded7-8100-3846-8cbd-805f716e52ac,34.613181,-116.587022,1025.8
POS,188.9,VRF_UUID:cd128270-3a33-c54b-807a-3e6b93be96c2,34.613181,-116.588022,1026.9
POS,188.9,VRF_UUID:cde66adc-7a34-a14d-bd51-a3df4032e6a1,NaN,-90.000000,NaN
POS,188.9,VRF_UUID:f70908fa-6bdf-b14c-a061-b029b806ee88,NaN,-90.000000,NaN
POS,188.9,VRF_UUID:f864e51f-e571-704f-92e4-108201ec1049,NaN,-90.000000,NaN
# t=188.9s reflected=13 readable=8
RPT,189,"POSITION ""M1A2 1"" 34.613181 -116.587022"
RPT,189.5,"POSITION ""M1A2 3"" 34.613181 -116.588022"
RPT,189.6,"POSITION ""CELLC_TANKPLT"" 34.612956 -116.587771"
RPT,189.7,"POSITION ""M1A2 2"" 34.612731 -116.587479"
RPT,190,"POSITION ""M1A2 4"" 34.612731 -116.588562"
RPT,193.1,"POSITION ""M1A2 1"" 34.613181 -116.587022"
RPT,193.6,"POSITION ""M1A2 3"" 34.613181 -116.588022"
RPT,193.7,"POSITION ""CELLC_TANKPLT"" 34.612956 -116.587771"
RPT,193.8,"POSITION ""M1A2 2"" 34.612731 -116.587479"
POS,193.9,VRF_UUID:0327cb0e-8f31-7e47-ba34-4e8b8de2983e,34.612731,-116.587479,1026.3
POS,193.9,VRF_UUID:677d4f9e-4de6-ad48-b429-6e16e5d105e2,34.612731,-116.588562,1027.5
POS,193.9,VRF_UUID:bc4187ab-6e80-ad41-bf1c-f965435c6994,34.612956,-116.587771,1026.6
POS,193.9,VRF_UUID:c4f3ded7-8100-3846-8cbd-805f716e52ac,34.613181,-116.587022,1025.8
POS,193.9,VRF_UUID:cd128270-3a33-c54b-807a-3e6b93be96c2,34.613181,-116.588022,1026.9
POS,193.9,VRF_UUID:cde66adc-7a34-a14d-bd51-a3df4032e6a1,NaN,-90.000000,NaN
POS,193.9,VRF_UUID:f70908fa-6bdf-b14c-a061-b029b806ee88,NaN,-90.000000,NaN
POS,193.9,VRF_UUID:f864e51f-e571-704f-92e4-108201ec1049,NaN,-90.000000,NaN
# t=193.9s reflected=13 readable=8
RPT,194,"POSITION ""M1A2 4"" 34.612731 -116.588562"
RPT,197.1,"POSITION ""M1A2 1"" 34.613181 -116.587022"
RPT,197.6,"POSITION ""M1A2 3"" 34.613181 -116.588022"
RPT,197.8,"POSITION ""CELLC_TANKPLT"" 34.612956 -116.587771"
RPT,197.9,"POSITION ""M1A2 2"" 34.612731 -116.587479"
RPT,198.2,"POSITION ""M1A2 4"" 34.612731 -116.588562"
POS,198.9,VRF_UUID:0327cb0e-8f31-7e47-ba34-4e8b8de2983e,34.612731,-116.587479,1026.3
POS,198.9,VRF_UUID:677d4f9e-4de6-ad48-b429-6e16e5d105e2,34.612731,-116.588562,1027.5
POS,198.9,VRF_UUID:bc4187ab-6e80-ad41-bf1c-f965435c6994,34.612956,-116.587771,1026.6
POS,198.9,VRF_UUID:c4f3ded7-8100-3846-8cbd-805f716e52ac,34.613181,-116.587022,1025.8
POS,198.9,VRF_UUID:cd128270-3a33-c54b-807a-3e6b93be96c2,34.613181,-116.588022,1026.9
POS,198.9,VRF_UUID:cde66adc-7a34-a14d-bd51-a3df4032e6a1,NaN,-90.000000,NaN
POS,198.9,VRF_UUID:f70908fa-6bdf-b14c-a061-b029b806ee88,NaN,-90.000000,NaN
POS,198.9,VRF_UUID:f864e51f-e571-704f-92e4-108201ec1049,NaN,-90.000000,NaN
# t=198.9s reflected=13 readable=8
RPT,201.3,"POSITION ""M1A2 1"" 34.613181 -116.587022"
RPT,201.7,"POSITION ""M1A2 3"" 34.613181 -116.588022"
RPT,201.8,"POSITION ""CELLC_TANKPLT"" 34.612956 -116.587771"
RPT,202,"POSITION ""M1A2 2"" 34.612731 -116.587479"
RPT,202.2,"POSITION ""M1A2 4"" 34.612731 -116.588562"
POS,203.9,VRF_UUID:0327cb0e-8f31-7e47-ba34-4e8b8de2983e,34.612731,-116.587479,1026.3
POS,203.9,VRF_UUID:677d4f9e-4de6-ad48-b429-6e16e5d105e2,34.612731,-116.588562,1027.5
POS,203.9,VRF_UUID:bc4187ab-6e80-ad41-bf1c-f965435c6994,34.612956,-116.587771,1026.6
POS,203.9,VRF_UUID:c4f3ded7-8100-3846-8cbd-805f716e52ac,34.613181,-116.587022,1025.8
POS,203.9,VRF_UUID:cd128270-3a33-c54b-807a-3e6b93be96c2,34.613181,-116.588022,1026.9
POS,203.9,VRF_UUID:cde66adc-7a34-a14d-bd51-a3df4032e6a1,NaN,-90.000000,NaN
POS,203.9,VRF_UUID:f70908fa-6bdf-b14c-a061-b029b806ee88,NaN,-90.000000,NaN
POS,203.9,VRF_UUID:f864e51f-e571-704f-92e4-108201ec1049,NaN,-90.000000,NaN
# t=203.9s reflected=13 readable=8
RPT,205.4,"POSITION ""M1A2 1"" 34.613181 -116.587022"
RPT,205.7,"POSITION ""M1A2 3"" 34.613181 -116.588022"
RPT,206,"POSITION ""CELLC_TANKPLT"" 34.612956 -116.587771"
RPT,206,"POSITION ""M1A2 2"" 34.612731 -116.587479"
RPT,206.2,"POSITION ""M1A2 4"" 34.612731 -116.588562"
POS,209,VRF_UUID:0327cb0e-8f31-7e47-ba34-4e8b8de2983e,34.612731,-116.587479,1026.3
POS,209,VRF_UUID:677d4f9e-4de6-ad48-b429-6e16e5d105e2,34.612731,-116.588562,1027.5
POS,209,VRF_UUID:bc4187ab-6e80-ad41-bf1c-f965435c6994,34.612956,-116.587771,1026.6
POS,209,VRF_UUID:c4f3ded7-8100-3846-8cbd-805f716e52ac,34.613181,-116.587022,1025.8
POS,209,VRF_UUID:cd128270-3a33-c54b-807a-3e6b93be96c2,34.613181,-116.588022,1026.9
POS,209,VRF_UUID:cde66adc-7a34-a14d-bd51-a3df4032e6a1,NaN,-90.000000,NaN
POS,209,VRF_UUID:f70908fa-6bdf-b14c-a061-b029b806ee88,NaN,-90.000000,NaN
POS,209,VRF_UUID:f864e51f-e571-704f-92e4-108201ec1049,NaN,-90.000000,NaN
# t=209s reflected=13 readable=8
RPT,209.4,"POSITION ""M1A2 1"" 34.613181 -116.587022"
RPT,209.7,"POSITION ""M1A2 3"" 34.613181 -116.588022"
RPT,210.1,"POSITION ""CELLC_TANKPLT"" 34.612956 -116.587771"
RPT,210.1,"POSITION ""M1A2 2"" 34.612731 -116.587479"
RPT,210.3,"POSITION ""M1A2 4"" 34.612731 -116.588562"
RPT,213.5,"POSITION ""M1A2 1"" 34.613181 -116.587022"
RPT,213.8,"POSITION ""M1A2 3"" 34.613181 -116.588022"
POS,214,VRF_UUID:0327cb0e-8f31-7e47-ba34-4e8b8de2983e,34.612731,-116.587479,1026.3
POS,214,VRF_UUID:677d4f9e-4de6-ad48-b429-6e16e5d105e2,34.612731,-116.588562,1027.5
POS,214,VRF_UUID:bc4187ab-6e80-ad41-bf1c-f965435c6994,34.612956,-116.587771,1026.6
POS,214,VRF_UUID:c4f3ded7-8100-3846-8cbd-805f716e52ac,34.613181,-116.587022,1025.8
POS,214,VRF_UUID:cd128270-3a33-c54b-807a-3e6b93be96c2,34.613181,-116.588022,1026.9
POS,214,VRF_UUID:cde66adc-7a34-a14d-bd51-a3df4032e6a1,NaN,-90.000000,NaN
POS,214,VRF_UUID:f70908fa-6bdf-b14c-a061-b029b806ee88,NaN,-90.000000,NaN
POS,214,VRF_UUID:f864e51f-e571-704f-92e4-108201ec1049,NaN,-90.000000,NaN
# t=214s reflected=13 readable=8
RPT,214.1,"POSITION ""CELLC_TANKPLT"" 34.612956 -116.587771"
RPT,214.2,"POSITION ""M1A2 2"" 34.612731 -116.587479"
RPT,214.4,"POSITION ""M1A2 4"" 34.612731 -116.588562"
RPT,217.5,"POSITION ""M1A2 1"" 34.613181 -116.587022"
RPT,217.9,"POSITION ""M1A2 3"" 34.613181 -116.588022"
RPT,218.2,"POSITION ""CELLC_TANKPLT"" 34.612956 -116.587771"
RPT,218.4,"POSITION ""M1A2 2"" 34.612731 -116.587479"
RPT,218.5,"POSITION ""M1A2 4"" 34.612731 -116.588562"
POS,219,VRF_UUID:0327cb0e-8f31-7e47-ba34-4e8b8de2983e,34.612731,-116.587479,1026.3
POS,219,VRF_UUID:677d4f9e-4de6-ad48-b429-6e16e5d105e2,34.612731,-116.588562,1027.5
POS,219,VRF_UUID:bc4187ab-6e80-ad41-bf1c-f965435c6994,34.612956,-116.587771,1026.6
POS,219,VRF_UUID:c4f3ded7-8100-3846-8cbd-805f716e52ac,34.613181,-116.587022,1025.8
POS,219,VRF_UUID:cd128270-3a33-c54b-807a-3e6b93be96c2,34.613181,-116.588022,1026.9
POS,219,VRF_UUID:cde66adc-7a34-a14d-bd51-a3df4032e6a1,NaN,-90.000000,NaN
POS,219,VRF_UUID:f70908fa-6bdf-b14c-a061-b029b806ee88,NaN,-90.000000,NaN
POS,219,VRF_UUID:f864e51f-e571-704f-92e4-108201ec1049,NaN,-90.000000,NaN
# t=219s reflected=13 readable=8
RPT,221.6,"POSITION ""M1A2 1"" 34.613181 -116.587022"
RPT,222,"POSITION ""M1A2 3"" 34.613181 -116.588022"
RPT,222.3,"POSITION ""CELLC_TANKPLT"" 34.612956 -116.587771"
RPT,222.5,"POSITION ""M1A2 2"" 34.612731 -116.587479"
RPT,222.6,"POSITION ""M1A2 4"" 34.612731 -116.588562"
POS,224,VRF_UUID:0327cb0e-8f31-7e47-ba34-4e8b8de2983e,34.612731,-116.587479,1026.3
POS,224,VRF_UUID:677d4f9e-4de6-ad48-b429-6e16e5d105e2,34.612731,-116.588562,1027.5
POS,224,VRF_UUID:bc4187ab-6e80-ad41-bf1c-f965435c6994,34.612956,-116.587771,1026.6
POS,224,VRF_UUID:c4f3ded7-8100-3846-8cbd-805f716e52ac,34.613181,-116.587022,1025.8
POS,224,VRF_UUID:cd128270-3a33-c54b-807a-3e6b93be96c2,34.613181,-116.588022,1026.9
POS,224,VRF_UUID:cde66adc-7a34-a14d-bd51-a3df4032e6a1,NaN,-90.000000,NaN
POS,224,VRF_UUID:f70908fa-6bdf-b14c-a061-b029b806ee88,NaN,-90.000000,NaN
POS,224,VRF_UUID:f864e51f-e571-704f-92e4-108201ec1049,NaN,-90.000000,NaN
# t=224s reflected=13 readable=8
RPT,225.7,"POSITION ""M1A2 1"" 34.613181 -116.587022"
RPT,226.1,"POSITION ""M1A2 3"" 34.613181 -116.588022"
RPT,226.4,"POSITION ""CELLC_TANKPLT"" 34.612956 -116.587771"
RPT,226.5,"POSITION ""M1A2 2"" 34.612731 -116.587479"
RPT,226.7,"POSITION ""M1A2 4"" 34.612731 -116.588562"
POS,229,VRF_UUID:0327cb0e-8f31-7e47-ba34-4e8b8de2983e,34.612731,-116.587479,1026.3
POS,229,VRF_UUID:677d4f9e-4de6-ad48-b429-6e16e5d105e2,34.612731,-116.588562,1027.5
POS,229,VRF_UUID:bc4187ab-6e80-ad41-bf1c-f965435c6994,34.612956,-116.587771,1026.6
POS,229,VRF_UUID:c4f3ded7-8100-3846-8cbd-805f716e52ac,34.613181,-116.587022,1025.8
POS,229,VRF_UUID:cd128270-3a33-c54b-807a-3e6b93be96c2,34.613181,-116.588022,1026.9
POS,229,VRF_UUID:cde66adc-7a34-a14d-bd51-a3df4032e6a1,NaN,-90.000000,NaN
POS,229,VRF_UUID:f70908fa-6bdf-b14c-a061-b029b806ee88,NaN,-90.000000,NaN
POS,229,VRF_UUID:f864e51f-e571-704f-92e4-108201ec1049,NaN,-90.000000,NaN
# t=229s reflected=13 readable=8
RPT,229.7,"POSITION ""M1A2 1"" 34.613181 -116.587022"
RPT,230.2,"POSITION ""M1A2 3"" 34.613181 -116.588022"
RPT,230.6,"POSITION ""CELLC_TANKPLT"" 34.612956 -116.587771"
RPT,230.6,"POSITION ""M1A2 2"" 34.612731 -116.587479"
RPT,230.7,"POSITION ""M1A2 4"" 34.612731 -116.588562"
RPT,233.8,"POSITION ""M1A2 1"" 34.613181 -116.587022"
POS,234,VRF_UUID:0327cb0e-8f31-7e47-ba34-4e8b8de2983e,34.612731,-116.587479,1026.3
POS,234,VRF_UUID:677d4f9e-4de6-ad48-b429-6e16e5d105e2,34.612731,-116.588562,1027.5
POS,234,VRF_UUID:bc4187ab-6e80-ad41-bf1c-f965435c6994,34.612956,-116.587771,1026.6
POS,234,VRF_UUID:c4f3ded7-8100-3846-8cbd-805f716e52ac,34.613181,-116.587022,1025.8
POS,234,VRF_UUID:cd128270-3a33-c54b-807a-3e6b93be96c2,34.613181,-116.588022,1026.9
POS,234,VRF_UUID:cde66adc-7a34-a14d-bd51-a3df4032e6a1,NaN,-90.000000,NaN
POS,234,VRF_UUID:f70908fa-6bdf-b14c-a061-b029b806ee88,NaN,-90.000000,NaN
POS,234,VRF_UUID:f864e51f-e571-704f-92e4-108201ec1049,NaN,-90.000000,NaN
# t=234s reflected=13 readable=8
RPT,234.3,"POSITION ""M1A2 3"" 34.613181 -116.588022"
RPT,234.6,"POSITION ""CELLC_TANKPLT"" 34.612956 -116.587771"
RPT,234.7,"POSITION ""M1A2 2"" 34.612731 -116.587479"
RPT,234.9,"POSITION ""M1A2 4"" 34.612731 -116.588562"
RPT,238,"POSITION ""M1A2 1"" 34.613181 -116.587022"
RPT,238.3,"POSITION ""M1A2 3"" 34.613181 -116.588022"
RPT,238.6,"POSITION ""CELLC_TANKPLT"" 34.612956 -116.587771"
RPT,238.7,"POSITION ""M1A2 2"" 34.612731 -116.587479"
RPT,238.9,"POSITION ""M1A2 4"" 34.612731 -116.588562"
POS,239.1,VRF_UUID:0327cb0e-8f31-7e47-ba34-4e8b8de2983e,34.612731,-116.587479,1026.3
POS,239.1,VRF_UUID:677d4f9e-4de6-ad48-b429-6e16e5d105e2,34.612731,-116.588562,1027.5
POS,239.1,VRF_UUID:bc4187ab-6e80-ad41-bf1c-f965435c6994,34.612956,-116.587771,1026.6
POS,239.1,VRF_UUID:c4f3ded7-8100-3846-8cbd-805f716e52ac,34.613181,-116.587022,1025.8
POS,239.1,VRF_UUID:cd128270-3a33-c54b-807a-3e6b93be96c2,34.613181,-116.588022,1026.9
POS,239.1,VRF_UUID:cde66adc-7a34-a14d-bd51-a3df4032e6a1,NaN,-90.000000,NaN
POS,239.1,VRF_UUID:f70908fa-6bdf-b14c-a061-b029b806ee88,NaN,-90.000000,NaN
POS,239.1,VRF_UUID:f864e51f-e571-704f-92e4-108201ec1049,NaN,-90.000000,NaN
# t=239.1s reflected=13 readable=8
RPT,242,"POSITION ""M1A2 1"" 34.613181 -116.587022"
RPT,242.4,"POSITION ""M1A2 3"" 34.613181 -116.588022"
RPT,242.7,"POSITION ""CELLC_TANKPLT"" 34.612956 -116.587771"
RPT,242.8,"POSITION ""M1A2 2"" 34.612731 -116.587479"
RPT,243,"POSITION ""M1A2 4"" 34.612731 -116.588562"
POS,244.1,VRF_UUID:0327cb0e-8f31-7e47-ba34-4e8b8de2983e,34.612731,-116.587479,1026.3
POS,244.1,VRF_UUID:677d4f9e-4de6-ad48-b429-6e16e5d105e2,34.612731,-116.588562,1027.5
POS,244.1,VRF_UUID:bc4187ab-6e80-ad41-bf1c-f965435c6994,34.612956,-116.587771,1026.6
POS,244.1,VRF_UUID:c4f3ded7-8100-3846-8cbd-805f716e52ac,34.613181,-116.587022,1025.8
POS,244.1,VRF_UUID:cd128270-3a33-c54b-807a-3e6b93be96c2,34.613181,-116.588022,1026.9
POS,244.1,VRF_UUID:cde66adc-7a34-a14d-bd51-a3df4032e6a1,NaN,-90.000000,NaN
POS,244.1,VRF_UUID:f70908fa-6bdf-b14c-a061-b029b806ee88,NaN,-90.000000,NaN
POS,244.1,VRF_UUID:f864e51f-e571-704f-92e4-108201ec1049,NaN,-90.000000,NaN
# t=244.1s reflected=13 readable=8
RPT,246.1,"POSITION ""M1A2 1"" 34.613181 -116.587022"
RPT,246.5,"POSITION ""M1A2 3"" 34.613181 -116.588022"
RPT,246.8,"POSITION ""M1A2 2"" 34.612731 -116.587479"
RPT,246.8,"POSITION ""CELLC_TANKPLT"" 34.612956 -116.587771"
RPT,247,"POSITION ""M1A2 4"" 34.612731 -116.588562"
POS,249.1,VRF_UUID:0327cb0e-8f31-7e47-ba34-4e8b8de2983e,34.612731,-116.587479,1026.3
POS,249.1,VRF_UUID:677d4f9e-4de6-ad48-b429-6e16e5d105e2,34.612731,-116.588562,1027.5
POS,249.1,VRF_UUID:bc4187ab-6e80-ad41-bf1c-f965435c6994,34.612956,-116.587771,1026.6
POS,249.1,VRF_UUID:c4f3ded7-8100-3846-8cbd-805f716e52ac,34.613181,-116.587022,1025.8
POS,249.1,VRF_UUID:cd128270-3a33-c54b-807a-3e6b93be96c2,34.613181,-116.588022,1026.9
POS,249.1,VRF_UUID:cde66adc-7a34-a14d-bd51-a3df4032e6a1,NaN,-90.000000,NaN
POS,249.1,VRF_UUID:f70908fa-6bdf-b14c-a061-b029b806ee88,NaN,-90.000000,NaN
POS,249.1,VRF_UUID:f864e51f-e571-704f-92e4-108201ec1049,NaN,-90.000000,NaN
# t=249.1s reflected=13 readable=8
RPT,250.2,"POSITION ""M1A2 1"" 34.613181 -116.587022"
RPT,250.5,"POSITION ""M1A2 3"" 34.613181 -116.588022"
RPT,250.9,"POSITION ""M1A2 2"" 34.612731 -116.587479"
RPT,251,"POSITION ""CELLC_TANKPLT"" 34.612956 -116.587771"
RPT,251.2,"POSITION ""M1A2 4"" 34.612731 -116.588562"
POS,254.1,VRF_UUID:0327cb0e-8f31-7e47-ba34-4e8b8de2983e,34.612731,-116.587479,1026.3
POS,254.1,VRF_UUID:677d4f9e-4de6-ad48-b429-6e16e5d105e2,34.612731,-116.588562,1027.5
POS,254.1,VRF_UUID:bc4187ab-6e80-ad41-bf1c-f965435c6994,34.612956,-116.587771,1026.6
POS,254.1,VRF_UUID:c4f3ded7-8100-3846-8cbd-805f716e52ac,34.613181,-116.587022,1025.8
POS,254.1,VRF_UUID:cd128270-3a33-c54b-807a-3e6b93be96c2,34.613181,-116.588022,1026.9
POS,254.1,VRF_UUID:cde66adc-7a34-a14d-bd51-a3df4032e6a1,NaN,-90.000000,NaN
POS,254.1,VRF_UUID:f70908fa-6bdf-b14c-a061-b029b806ee88,NaN,-90.000000,NaN
POS,254.1,VRF_UUID:f864e51f-e571-704f-92e4-108201ec1049,NaN,-90.000000,NaN
# t=254.1s reflected=13 readable=8
RPT,254.3,"POSITION ""M1A2 1"" 34.613181 -116.587022"
RPT,254.7,"POSITION ""M1A2 3"" 34.613181 -116.588022"
RPT,255,"POSITION ""CELLC_TANKPLT"" 34.612956 -116.587771"
RPT,255,"POSITION ""M1A2 2"" 34.612731 -116.587479"
RPT,255.3,"POSITION ""M1A2 4"" 34.612731 -116.588562"
RPT,258.3,"POSITION ""M1A2 1"" 34.613181 -116.587022"
RPT,258.8,"POSITION ""M1A2 3"" 34.613181 -116.588022"
RPT,259,"POSITION ""M1A2 2"" 34.612731 -116.587479"
POS,259.1,VRF_UUID:0327cb0e-8f31-7e47-ba34-4e8b8de2983e,34.612731,-116.587479,1026.3
POS,259.1,VRF_UUID:677d4f9e-4de6-ad48-b429-6e16e5d105e2,34.612731,-116.588562,1027.5
POS,259.1,VRF_UUID:bc4187ab-6e80-ad41-bf1c-f965435c6994,34.612956,-116.587771,1026.6
POS,259.1,VRF_UUID:c4f3ded7-8100-3846-8cbd-805f716e52ac,34.613181,-116.587022,1025.8
POS,259.1,VRF_UUID:cd128270-3a33-c54b-807a-3e6b93be96c2,34.613181,-116.588022,1026.9
POS,259.1,VRF_UUID:cde66adc-7a34-a14d-bd51-a3df4032e6a1,NaN,-90.000000,NaN
POS,259.1,VRF_UUID:f70908fa-6bdf-b14c-a061-b029b806ee88,NaN,-90.000000,NaN
POS,259.1,VRF_UUID:f864e51f-e571-704f-92e4-108201ec1049,NaN,-90.000000,NaN
# t=259.1s reflected=13 readable=8
RPT,259.1,"POSITION ""CELLC_TANKPLT"" 34.612956 -116.587771"
RPT,259.5,"POSITION ""M1A2 4"" 34.612731 -116.588562"
RPT,262.4,"POSITION ""M1A2 1"" 34.613181 -116.587022"
RPT,262.9,"POSITION ""M1A2 3"" 34.613181 -116.588022"
RPT,263.1,"POSITION ""M1A2 2"" 34.612731 -116.587479"
RPT,263.2,"POSITION ""CELLC_TANKPLT"" 34.612956 -116.587771"
RPT,263.6,"POSITION ""M1A2 4"" 34.612731 -116.588562"
POS,264.2,VRF_UUID:0327cb0e-8f31-7e47-ba34-4e8b8de2983e,34.612731,-116.587479,1026.3
POS,264.2,VRF_UUID:677d4f9e-4de6-ad48-b429-6e16e5d105e2,34.612731,-116.588562,1027.5
POS,264.2,VRF_UUID:bc4187ab-6e80-ad41-bf1c-f965435c6994,34.612956,-116.587771,1026.6
POS,264.2,VRF_UUID:c4f3ded7-8100-3846-8cbd-805f716e52ac,34.613181,-116.587022,1025.8
POS,264.2,VRF_UUID:cd128270-3a33-c54b-807a-3e6b93be96c2,34.613181,-116.588022,1026.9
POS,264.2,VRF_UUID:cde66adc-7a34-a14d-bd51-a3df4032e6a1,NaN,-90.000000,NaN
POS,264.2,VRF_UUID:f70908fa-6bdf-b14c-a061-b029b806ee88,NaN,-90.000000,NaN
POS,264.2,VRF_UUID:f864e51f-e571-704f-92e4-108201ec1049,NaN,-90.000000,NaN
# t=264.2s reflected=13 readable=8
RPT,266.5,"POSITION ""M1A2 1"" 34.613181 -116.587022"
RPT,266.9,"POSITION ""M1A2 3"" 34.613181 -116.588022"
RPT,267.2,"POSITION ""M1A2 2"" 34.612731 -116.587479"
RPT,267.3,"POSITION ""CELLC_TANKPLT"" 34.612956 -116.587771"
RPT,267.6,"POSITION ""M1A2 4"" 34.612731 -116.588562"
POS,269.2,VRF_UUID:0327cb0e-8f31-7e47-ba34-4e8b8de2983e,34.612731,-116.587479,1026.3
POS,269.2,VRF_UUID:677d4f9e-4de6-ad48-b429-6e16e5d105e2,34.612731,-116.588562,1027.5
POS,269.2,VRF_UUID:bc4187ab-6e80-ad41-bf1c-f965435c6994,34.612956,-116.587771,1026.6
POS,269.2,VRF_UUID:c4f3ded7-8100-3846-8cbd-805f716e52ac,34.613181,-116.587022,1025.8
POS,269.2,VRF_UUID:cd128270-3a33-c54b-807a-3e6b93be96c2,34.613181,-116.588022,1026.9
POS,269.2,VRF_UUID:cde66adc-7a34-a14d-bd51-a3df4032e6a1,NaN,-90.000000,NaN
POS,269.2,VRF_UUID:f70908fa-6bdf-b14c-a061-b029b806ee88,NaN,-90.000000,NaN
POS,269.2,VRF_UUID:f864e51f-e571-704f-92e4-108201ec1049,NaN,-90.000000,NaN
# t=269.2s reflected=13 readable=8
RPT,270.6,"POSITION ""M1A2 1"" 34.613181 -116.587022"
RPT,271,"POSITION ""M1A2 3"" 34.613181 -116.588022"
RPT,271.2,"POSITION ""M1A2 2"" 34.612731 -116.587479"
RPT,271.3,"POSITION ""CELLC_TANKPLT"" 34.612956 -116.587771"
RPT,271.8,"POSITION ""M1A2 4"" 34.612731 -116.588562"
POS,274.2,VRF_UUID:0327cb0e-8f31-7e47-ba34-4e8b8de2983e,34.612731,-116.587479,1026.3
POS,274.2,VRF_UUID:677d4f9e-4de6-ad48-b429-6e16e5d105e2,34.612731,-116.588562,1027.5
POS,274.2,VRF_UUID:bc4187ab-6e80-ad41-bf1c-f965435c6994,34.612956,-116.587771,1026.6
POS,274.2,VRF_UUID:c4f3ded7-8100-3846-8cbd-805f716e52ac,34.613181,-116.587022,1025.8
POS,274.2,VRF_UUID:cd128270-3a33-c54b-807a-3e6b93be96c2,34.613181,-116.588022,1026.9
POS,274.2,VRF_UUID:cde66adc-7a34-a14d-bd51-a3df4032e6a1,NaN,-90.000000,NaN
POS,274.2,VRF_UUID:f70908fa-6bdf-b14c-a061-b029b806ee88,NaN,-90.000000,NaN
POS,274.2,VRF_UUID:f864e51f-e571-704f-92e4-108201ec1049,NaN,-90.000000,NaN
# t=274.2s reflected=13 readable=8
RPT,274.7,"POSITION ""M1A2 1"" 34.613181 -116.587022"
RPT,275.1,"POSITION ""M1A2 3"" 34.613181 -116.588022"
RPT,275.4,"POSITION ""M1A2 2"" 34.612731 -116.587479"
RPT,275.4,"POSITION ""CELLC_TANKPLT"" 34.612956 -116.587771"
RPT,275.9,"POSITION ""M1A2 4"" 34.612731 -116.588562"
RPT,278.8,"POSITION ""M1A2 1"" 34.613181 -116.587022"
RPT,279.1,"POSITION ""M1A2 3"" 34.613181 -116.588022"
POS,279.2,VRF_UUID:0327cb0e-8f31-7e47-ba34-4e8b8de2983e,34.612731,-116.587479,1026.3
POS,279.2,VRF_UUID:677d4f9e-4de6-ad48-b429-6e16e5d105e2,34.612731,-116.588562,1027.5
POS,279.2,VRF_UUID:bc4187ab-6e80-ad41-bf1c-f965435c6994,34.612956,-116.587771,1026.6
POS,279.2,VRF_UUID:c4f3ded7-8100-3846-8cbd-805f716e52ac,34.613181,-116.587022,1025.8
POS,279.2,VRF_UUID:cd128270-3a33-c54b-807a-3e6b93be96c2,34.613181,-116.588022,1026.9
POS,279.2,VRF_UUID:cde66adc-7a34-a14d-bd51-a3df4032e6a1,NaN,-90.000000,NaN
POS,279.2,VRF_UUID:f70908fa-6bdf-b14c-a061-b029b806ee88,NaN,-90.000000,NaN
POS,279.2,VRF_UUID:f864e51f-e571-704f-92e4-108201ec1049,NaN,-90.000000,NaN
# t=279.2s reflected=13 readable=8
RPT,279.5,"POSITION ""M1A2 2"" 34.612731 -116.587479"
RPT,279.5,"POSITION ""CELLC_TANKPLT"" 34.612956 -116.587771"
RPT,280,"POSITION ""M1A2 4"" 34.612731 -116.588562"
RPT,282.8,"POSITION ""M1A2 1"" 34.613181 -116.587022"
RPT,283.2,"POSITION ""M1A2 3"" 34.613181 -116.588022"
RPT,283.5,"POSITION ""M1A2 2"" 34.612731 -116.587479"
RPT,283.7,"POSITION ""CELLC_TANKPLT"" 34.612956 -116.587771"
RPT,284.1,"POSITION ""M1A2 4"" 34.612731 -116.588562"
POS,284.2,VRF_UUID:0327cb0e-8f31-7e47-ba34-4e8b8de2983e,34.612731,-116.587479,1026.3
POS,284.2,VRF_UUID:677d4f9e-4de6-ad48-b429-6e16e5d105e2,34.612731,-116.588562,1027.5
POS,284.2,VRF_UUID:bc4187ab-6e80-ad41-bf1c-f965435c6994,34.612956,-116.587771,1026.6
POS,284.2,VRF_UUID:c4f3ded7-8100-3846-8cbd-805f716e52ac,34.613181,-116.587022,1025.8
POS,284.2,VRF_UUID:cd128270-3a33-c54b-807a-3e6b93be96c2,34.613181,-116.588022,1026.9
POS,284.2,VRF_UUID:cde66adc-7a34-a14d-bd51-a3df4032e6a1,NaN,-90.000000,NaN
POS,284.2,VRF_UUID:f70908fa-6bdf-b14c-a061-b029b806ee88,NaN,-90.000000,NaN
POS,284.2,VRF_UUID:f864e51f-e571-704f-92e4-108201ec1049,NaN,-90.000000,NaN
# t=284.2s reflected=13 readable=8
RPT,286.9,"POSITION ""M1A2 1"" 34.613181 -116.587022"
RPT,287.3,"POSITION ""M1A2 3"" 34.613181 -116.588022"
RPT,287.7,"POSITION ""M1A2 2"" 34.612731 -116.587479"
RPT,287.8,"POSITION ""CELLC_TANKPLT"" 34.612956 -116.587771"
RPT,288.2,"POSITION ""M1A2 4"" 34.612731 -116.588562"
POS,289.3,VRF_UUID:0327cb0e-8f31-7e47-ba34-4e8b8de2983e,34.612731,-116.587479,1026.3
POS,289.3,VRF_UUID:677d4f9e-4de6-ad48-b429-6e16e5d105e2,34.612731,-116.588562,1027.5
POS,289.3,VRF_UUID:bc4187ab-6e80-ad41-bf1c-f965435c6994,34.612956,-116.587771,1026.6
POS,289.3,VRF_UUID:c4f3ded7-8100-3846-8cbd-805f716e52ac,34.613181,-116.587022,1025.8
POS,289.3,VRF_UUID:cd128270-3a33-c54b-807a-3e6b93be96c2,34.613181,-116.588022,1026.9
POS,289.3,VRF_UUID:cde66adc-7a34-a14d-bd51-a3df4032e6a1,NaN,-90.000000,NaN
POS,289.3,VRF_UUID:f70908fa-6bdf-b14c-a061-b029b806ee88,NaN,-90.000000,NaN
POS,289.3,VRF_UUID:f864e51f-e571-704f-92e4-108201ec1049,NaN,-90.000000,NaN
# t=289.3s reflected=13 readable=8
RPT,290.9,"POSITION ""M1A2 1"" 34.613181 -116.587022"
RPT,291.3,"POSITION ""M1A2 3"" 34.613181 -116.588022"
RPT,291.7,"POSITION ""M1A2 2"" 34.612731 -116.587479"
RPT,291.9,"POSITION ""CELLC_TANKPLT"" 34.612956 -116.587771"
RPT,292.3,"POSITION ""M1A2 4"" 34.612731 -116.588562"
POS,294.3,VRF_UUID:0327cb0e-8f31-7e47-ba34-4e8b8de2983e,34.612731,-116.587479,1026.3
POS,294.3,VRF_UUID:677d4f9e-4de6-ad48-b429-6e16e5d105e2,34.612731,-116.588562,1027.5
POS,294.3,VRF_UUID:bc4187ab-6e80-ad41-bf1c-f965435c6994,34.612956,-116.587771,1026.6
POS,294.3,VRF_UUID:c4f3ded7-8100-3846-8cbd-805f716e52ac,34.613181,-116.587022,1025.8
POS,294.3,VRF_UUID:cd128270-3a33-c54b-807a-3e6b93be96c2,34.613181,-116.588022,1026.9
POS,294.3,VRF_UUID:cde66adc-7a34-a14d-bd51-a3df4032e6a1,NaN,-90.000000,NaN
POS,294.3,VRF_UUID:f70908fa-6bdf-b14c-a061-b029b806ee88,NaN,-90.000000,NaN
POS,294.3,VRF_UUID:f864e51f-e571-704f-92e4-108201ec1049,NaN,-90.000000,NaN
# t=294.3s reflected=13 readable=8
RPT,295.1,"POSITION ""M1A2 1"" 34.613181 -116.587022"
RPT,295.5,"POSITION ""M1A2 3"" 34.613181 -116.588022"
RPT,295.7,"POSITION ""M1A2 2"" 34.612731 -116.587479"
RPT,295.9,"POSITION ""CELLC_TANKPLT"" 34.612956 -116.587771"
RPT,296.5,"POSITION ""M1A2 4"" 34.612731 -116.588562"
RPT,299.2,"POSITION ""M1A2 1"" 34.613181 -116.587022"
POS,299.4,VRF_UUID:0327cb0e-8f31-7e47-ba34-4e8b8de2983e,34.612731,-116.587479,1026.3
POS,299.4,VRF_UUID:677d4f9e-4de6-ad48-b429-6e16e5d105e2,34.612731,-116.588562,1027.5
POS,299.4,VRF_UUID:bc4187ab-6e80-ad41-bf1c-f965435c6994,34.612956,-116.587771,1026.6
POS,299.4,VRF_UUID:c4f3ded7-8100-3846-8cbd-805f716e52ac,34.613181,-116.587022,1025.8
POS,299.4,VRF_UUID:cd128270-3a33-c54b-807a-3e6b93be96c2,34.613181,-116.588022,1026.9
POS,299.4,VRF_UUID:cde66adc-7a34-a14d-bd51-a3df4032e6a1,NaN,-90.000000,NaN
POS,299.4,VRF_UUID:f70908fa-6bdf-b14c-a061-b029b806ee88,NaN,-90.000000,NaN
POS,299.4,VRF_UUID:f864e51f-e571-704f-92e4-108201ec1049,NaN,-90.000000,NaN
# t=299.4s reflected=13 readable=8
RPT,299.6,"POSITION ""M1A2 3"" 34.613181 -116.588022"
RPT,299.7,"POSITION ""M1A2 2"" 34.612731 -116.587479"
[..] bridge.Stop() - resigning...
[OK] resigned cleanly.
