checking for RDTSCP instruction...Success.  Using RDTSCP for time
RDTSCP Timing Probe: 2443377708 ticks per second
=== RunSim - START the VR-Forces simulation clock (remote control) ===
    federation=CWIX-2024  appNumber=3583  multiplier=1x
    started 2026-07-22 17:51:49 local / 21:51:49 UTC
    ACTION: controller->run() (play) on ALL backends. This tool creates/deletes/tasks NOTHING.

[..] bridge.Start() - joining the federation...
Using MAK Technologies' RTI version 4.6.1 HLA 1516-2010 for Microsoft Visual C++ version 14.0 Release Mode.
Connected to RTI Assistant.
Loading Config File: C:\MAK\makRti4.6.1\rid.mtl
INFO[Util] 21:51:51.527 T:46924 MAK::DtInitializer::loadConfigScript: Loading config file: vrfLegion.lua
[OK] joined (BackendCount=0 immediately after Start).
[..] settling - ticking until a backend is discovered (up to 15 s)...
[OK] 1 backend(s) discovered after 0.1 s.
[..] bridge.Run() - issuing controller->run() (start the clock)...
[OK] command(s) issued (queued on the controller).
[..] flushing (ticking ~3 s)...
[OK] flushed.
[..] bridge.Stop() - resigning from the federation...
[OK] resigned cleanly. RESULT: simulation clock STARTED (Run) (appNumber=3583, federation=CWIX-2024) at 17:51:57 local / 21:51:57 UTC.
     There is no getter on the remote controller for run-state, so this tool CANNOT read it back - confirm movement via WatchVrf telemetry.
     Mark appNumber 3583 as USED in the ledger.
