
=== LaunchVrf.ps1 (LIVE) - VR-Forces self-launch via vrfLauncher.exe ===
  Mode              : Combined
  VrfRoot           : C:\MAK\vrforces5.0.2
  ConnectionProfile : HLA 1516 Evolved RPR 2.0 with MAK extensions
  Scenario          : TankPltFixture_Mojave
  Back-end appNumber: 3560
  Front-end appNo   : 3561

=== Preconditions ===
  [OK]   vrfLauncher.exe present: C:\MAK\vrforces5.0.2\bin64\vrfLauncher.exe
  [OK]   working directory (cwd) present: C:\MAK\vrforces5.0.2\bin64
  [OK]   RTI 4.6.1 present: C:\MAK\makRti4.6.1\bin
  [OK]   MAK_RTIDIR (Machine) = C:\MAK\makRti4.6.1
  [OK]   RTI_RID_FILE (Machine) = C:\MAK\makRti4.6.1\rid.mtl
  [OK]   license file present (existence only; expiry/validity NOT checked - no checkout): C:\MAK\MAKLicenseManager\SALES-TEMP-9-15-26-MAK-node-locked-DEMO_1-dec-2025.lic
  [OK]   connection profile saved: C:\MAK\vrforces5.0.2\appData\settings\vrfLauncher\HLA 1516 Evolved RPR 2.0 with MAK extensions.xml
  [OK]   autoConnect.xml auto-starts this profile (bare vrfLauncher.exe would also connect it)
  [OK]   scenario file present: C:\MAK\vrforces5.0.2\userData\scenarios\TankPltFixture_Mojave.scnx
  [OK]   no pre-existing vrfLauncher / vrfSimHLA1516e / vrfGui processes
  [OK]   RTI infrastructure present (expected; do NOT kill): rtiexec(pid 47108), rtiForwarder(pid 50572)
  [WARN] pre-existing rtiAssistant pid 12852 - window: (no window title)
  [OK]     This launch's own RTI Assistant will fail to bind port 6003 and exit - which is EXPECTED AND BENIGN. The pre-existing assistant serves the federation.
  [OK]     PROCEEDING. Do NOT kill the pre-existing assistant to "clean up".

=== Resolved vrfLauncher command line ===
  cwd : C:\MAK\vrforces5.0.2\bin64
  cmd : C:\MAK\vrforces5.0.2\bin64\vrfLauncher.exe --usePredefinedConnection "HLA 1516 Evolved RPR 2.0 with MAK extensions" --simArgs --appNumber 3560 --scenarioFileName "../userData/scenarios/TankPltFixture_Mojave.scnx" --guiArgs --appNumber 3561

=== Launch ===
  [OK]   MAKLMGRD_LICENSE_FILE (process) refreshed from Machine scope = C:\MAK\MAKLicenseManager\SALES-TEMP-9-15-26-MAK-node-locked-DEMO_1-dec-2025.lic
  [OK]   launching: C:\MAK\vrforces5.0.2\bin64\vrfLauncher.exe --usePredefinedConnection "HLA 1516 Evolved RPR 2.0 with MAK extensions" --simArgs --appNumber 3560 --scenarioFileName "../userData/scenarios/TankPltFixture_Mojave.scnx" --guiArgs --appNumber 3561
  [OK]   vrfLauncher started (pid 17204); polling for backend readiness...

=== Readiness ===
  [OK]   back-end 'vrfSimHLA1516e' is HEALTHY (68 threads; udp4000=False - informational, connection-dependent)
  [OK]   front-end 'vrfGui' is up with a real main window (title: 'VR-Forces')
  [OK]   back-end UDP endpoints: 4001

=== Result ===
  [OK]   READY: combined-mode VR-Forces is up (back-end HEALTHY by thread count, front-end with a real main window). NOTE: federation JOIN is not tested here - confirm it with a WatchVrf discovery check (RUNBOOK 0.5.7) before trusting any telemetry.
