checking for RDTSCP instruction...Success.  Using RDTSCP for time
RDTSCP Timing Probe: 2420374269 ticks per second
=== WatchVrf - position + Object Console telemetry (R3 / groundwork 0.6) ===
    federation=CWIX-2024 appNumber=3570 duration=35s sample=5s

[..] bridge.Start() - joining the federation...
Using MAK Technologies' RTI version 4.6.1 HLA 1516-2010 for Microsoft Visual C++ version 14.0 Release Mode.
Connected to RTI Assistant.
Loading Config File: C:\MAK\makRti4.6.1\rid.mtl
INFO[Util] 13:20:49.226 T:52780 MAK::DtInitializer::loadConfigScript: Loading config file: vrfLegion.lua
[OK] joined; discovering + sampling (POS,t,uuid,lat,lon,alt ; CON,t,uuid,level,msg ; TSK,t,marking,taskType ; RPT,t,text)...
POS,3,VRF_UUID:0e260e7f-c8a1-52bb-b7c3-256454002955,34.612956,-116.600487,1041.0
POS,3,VRF_UUID:46f23295-9ede-5a0b-b8cf-5dd3eaf284dc,NaN,-90.000000,NaN
POS,3,VRF_UUID:8758a365-7839-5f5d-addd-8e37f4b4f8dd,34.612866,-116.600869,1041.0
POS,3,VRF_UUID:c284154a-3f9e-588f-afc9-66467b594b4c,34.612595,-116.600487,1041.0
POS,3,VRF_UUID:cde66adc-7a34-a14d-bd51-a3df4032e6a1,NaN,-90.000000,NaN
POS,3,VRF_UUID:d8e79056-a379-5fef-abcf-df0631b79d20,34.612866,-116.600105,1041.0
POS,3,VRF_UUID:f0be86a8-f2ca-5234-b0bd-f5980e7ef032,34.612821,-116.600487,1041.0
POS,3,VRF_UUID:f864e51f-e571-704f-92e4-108201ec1049,NaN,-90.000000,NaN
# t=3s reflected=9 readable=8
POS,8.1,VRF_UUID:0e260e7f-c8a1-52bb-b7c3-256454002955,34.612956,-116.600487,1041.0
POS,8.1,VRF_UUID:46f23295-9ede-5a0b-b8cf-5dd3eaf284dc,NaN,-90.000000,NaN
POS,8.1,VRF_UUID:8758a365-7839-5f5d-addd-8e37f4b4f8dd,34.612866,-116.600869,1041.0
POS,8.1,VRF_UUID:c284154a-3f9e-588f-afc9-66467b594b4c,34.612595,-116.600487,1041.0
POS,8.1,VRF_UUID:cde66adc-7a34-a14d-bd51-a3df4032e6a1,NaN,-90.000000,NaN
POS,8.1,VRF_UUID:d8e79056-a379-5fef-abcf-df0631b79d20,34.612866,-116.600105,1041.0
POS,8.1,VRF_UUID:f0be86a8-f2ca-5234-b0bd-f5980e7ef032,34.612821,-116.600487,1041.0
POS,8.1,VRF_UUID:f864e51f-e571-704f-92e4-108201ec1049,NaN,-90.000000,NaN
# t=8.1s reflected=9 readable=8
POS,13.1,VRF_UUID:0e260e7f-c8a1-52bb-b7c3-256454002955,34.612956,-116.600487,1041.0
POS,13.1,VRF_UUID:46f23295-9ede-5a0b-b8cf-5dd3eaf284dc,NaN,-90.000000,NaN
POS,13.1,VRF_UUID:8758a365-7839-5f5d-addd-8e37f4b4f8dd,34.612866,-116.600869,1041.0
POS,13.1,VRF_UUID:c284154a-3f9e-588f-afc9-66467b594b4c,34.612595,-116.600487,1041.0
POS,13.1,VRF_UUID:cde66adc-7a34-a14d-bd51-a3df4032e6a1,NaN,-90.000000,NaN
POS,13.1,VRF_UUID:d8e79056-a379-5fef-abcf-df0631b79d20,34.612866,-116.600105,1041.0
POS,13.1,VRF_UUID:f0be86a8-f2ca-5234-b0bd-f5980e7ef032,34.612821,-116.600487,1041.0
POS,13.1,VRF_UUID:f864e51f-e571-704f-92e4-108201ec1049,NaN,-90.000000,NaN
# t=13.1s reflected=9 readable=8
POS,18.1,VRF_UUID:0e260e7f-c8a1-52bb-b7c3-256454002955,34.612956,-116.600487,1041.0
POS,18.1,VRF_UUID:46f23295-9ede-5a0b-b8cf-5dd3eaf284dc,NaN,-90.000000,NaN
POS,18.1,VRF_UUID:8758a365-7839-5f5d-addd-8e37f4b4f8dd,34.612866,-116.600869,1041.0
POS,18.1,VRF_UUID:c284154a-3f9e-588f-afc9-66467b594b4c,34.612595,-116.600487,1041.0
POS,18.1,VRF_UUID:cde66adc-7a34-a14d-bd51-a3df4032e6a1,NaN,-90.000000,NaN
POS,18.1,VRF_UUID:d8e79056-a379-5fef-abcf-df0631b79d20,34.612866,-116.600105,1041.0
POS,18.1,VRF_UUID:f0be86a8-f2ca-5234-b0bd-f5980e7ef032,34.612821,-116.600487,1041.0
POS,18.1,VRF_UUID:f864e51f-e571-704f-92e4-108201ec1049,NaN,-90.000000,NaN
# t=18.1s reflected=9 readable=8
POS,23.2,VRF_UUID:0e260e7f-c8a1-52bb-b7c3-256454002955,34.612956,-116.600487,1041.0
POS,23.2,VRF_UUID:46f23295-9ede-5a0b-b8cf-5dd3eaf284dc,NaN,-90.000000,NaN
POS,23.2,VRF_UUID:8758a365-7839-5f5d-addd-8e37f4b4f8dd,34.612866,-116.600869,1041.0
POS,23.2,VRF_UUID:c284154a-3f9e-588f-afc9-66467b594b4c,34.612595,-116.600487,1041.0
POS,23.2,VRF_UUID:cde66adc-7a34-a14d-bd51-a3df4032e6a1,NaN,-90.000000,NaN
POS,23.2,VRF_UUID:d8e79056-a379-5fef-abcf-df0631b79d20,34.612866,-116.600105,1041.0
POS,23.2,VRF_UUID:f0be86a8-f2ca-5234-b0bd-f5980e7ef032,34.612821,-116.600487,1041.0
POS,23.2,VRF_UUID:f864e51f-e571-704f-92e4-108201ec1049,NaN,-90.000000,NaN
# t=23.2s reflected=9 readable=8
POS,28.2,VRF_UUID:0e260e7f-c8a1-52bb-b7c3-256454002955,34.612956,-116.600487,1041.0
POS,28.2,VRF_UUID:46f23295-9ede-5a0b-b8cf-5dd3eaf284dc,NaN,-90.000000,NaN
POS,28.2,VRF_UUID:8758a365-7839-5f5d-addd-8e37f4b4f8dd,34.612866,-116.600869,1041.0
POS,28.2,VRF_UUID:c284154a-3f9e-588f-afc9-66467b594b4c,34.612595,-116.600487,1041.0
POS,28.2,VRF_UUID:cde66adc-7a34-a14d-bd51-a3df4032e6a1,NaN,-90.000000,NaN
POS,28.2,VRF_UUID:d8e79056-a379-5fef-abcf-df0631b79d20,34.612866,-116.600105,1041.0
POS,28.2,VRF_UUID:f0be86a8-f2ca-5234-b0bd-f5980e7ef032,34.612821,-116.600487,1041.0
POS,28.2,VRF_UUID:f864e51f-e571-704f-92e4-108201ec1049,NaN,-90.000000,NaN
# t=28.2s reflected=9 readable=8
POS,33.3,VRF_UUID:0e260e7f-c8a1-52bb-b7c3-256454002955,34.612956,-116.600487,1041.0
POS,33.3,VRF_UUID:46f23295-9ede-5a0b-b8cf-5dd3eaf284dc,NaN,-90.000000,NaN
POS,33.3,VRF_UUID:8758a365-7839-5f5d-addd-8e37f4b4f8dd,34.612866,-116.600869,1041.0
POS,33.3,VRF_UUID:c284154a-3f9e-588f-afc9-66467b594b4c,34.612595,-116.600487,1041.0
POS,33.3,VRF_UUID:cde66adc-7a34-a14d-bd51-a3df4032e6a1,NaN,-90.000000,NaN
POS,33.3,VRF_UUID:d8e79056-a379-5fef-abcf-df0631b79d20,34.612866,-116.600105,1041.0
POS,33.3,VRF_UUID:f0be86a8-f2ca-5234-b0bd-f5980e7ef032,34.612821,-116.600487,1041.0
POS,33.3,VRF_UUID:f864e51f-e571-704f-92e4-108201ec1049,NaN,-90.000000,NaN
# t=33.3s reflected=9 readable=8
[..] bridge.Stop() - resigning...
[OK] resigned cleanly.
