checking for RDTSCP instruction...Success.  Using RDTSCP for time
RDTSCP Timing Probe: 2448185343 ticks per second
=== WatchVrf - position + Object Console telemetry (R3 / groundwork 0.6) ===
    federation=CWIX-2024 appNumber=3572 duration=340s sample=5s

[..] bridge.Start() - joining the federation...
Using MAK Technologies' RTI version 4.6.1 HLA 1516-2010 for Microsoft Visual C++ version 14.0 Release Mode.
Connected to RTI Assistant.
Loading Config File: C:\MAK\makRti4.6.1\rid.mtl
INFO[Util] 13:22:22.249 T:2352 MAK::DtInitializer::loadConfigScript: Loading config file: vrfLegion.lua
[OK] joined; discovering + sampling (POS,t,uuid,lat,lon,alt ; CON,t,uuid,level,msg ; TSK,t,marking,taskType ; RPT,t,text)...
POS,3,VRF_UUID:0e260e7f-c8a1-52bb-b7c3-256454002955,34.612956,-116.600487,1041.0
POS,3,VRF_UUID:46f23295-9ede-5a0b-b8cf-5dd3eaf284dc,NaN,-90.000000,NaN
POS,3,VRF_UUID:8758a365-7839-5f5d-addd-8e37f4b4f8dd,34.612866,-116.600869,1041.0
POS,3,VRF_UUID:c284154a-3f9e-588f-afc9-66467b594b4c,34.612595,-116.600487,1041.0
POS,3,VRF_UUID:cde66adc-7a34-a14d-bd51-a3df4032e6a1,NaN,-90.000000,NaN
POS,3,VRF_UUID:d8e79056-a379-5fef-abcf-df0631b79d20,34.612866,-116.600105,1041.0
POS,3,VRF_UUID:f0be86a8-f2ca-5234-b0bd-f5980e7ef032,34.612821,-116.600487,1041.0
POS,3,VRF_UUID:f864e51f-e571-704f-92e4-108201ec1049,NaN,-90.000000,NaN
# t=3s reflected=9 readable=8
POS,8.1,VRF_UUID:0e260e7f-c8a1-52bb-b7c3-256454002955,34.612956,-116.600487,1041.0
POS,8.1,VRF_UUID:46f23295-9ede-5a0b-b8cf-5dd3eaf284dc,NaN,-90.000000,NaN
POS,8.1,VRF_UUID:8758a365-7839-5f5d-addd-8e37f4b4f8dd,34.612866,-116.600869,1041.0
POS,8.1,VRF_UUID:c284154a-3f9e-588f-afc9-66467b594b4c,34.612595,-116.600487,1041.0
POS,8.1,VRF_UUID:cde66adc-7a34-a14d-bd51-a3df4032e6a1,NaN,-90.000000,NaN
POS,8.1,VRF_UUID:d8e79056-a379-5fef-abcf-df0631b79d20,34.612866,-116.600105,1041.0
POS,8.1,VRF_UUID:f0be86a8-f2ca-5234-b0bd-f5980e7ef032,34.612821,-116.600487,1041.0
POS,8.1,VRF_UUID:f864e51f-e571-704f-92e4-108201ec1049,NaN,-90.000000,NaN
# t=8.1s reflected=9 readable=8
POS,13.1,VRF_UUID:0e260e7f-c8a1-52bb-b7c3-256454002955,34.612956,-116.600487,1041.0
POS,13.1,VRF_UUID:46f23295-9ede-5a0b-b8cf-5dd3eaf284dc,NaN,-90.000000,NaN
POS,13.1,VRF_UUID:8758a365-7839-5f5d-addd-8e37f4b4f8dd,34.612866,-116.600869,1041.0
POS,13.1,VRF_UUID:c284154a-3f9e-588f-afc9-66467b594b4c,34.612595,-116.600487,1041.0
POS,13.1,VRF_UUID:cde66adc-7a34-a14d-bd51-a3df4032e6a1,NaN,-90.000000,NaN
POS,13.1,VRF_UUID:d8e79056-a379-5fef-abcf-df0631b79d20,34.612866,-116.600105,1041.0
POS,13.1,VRF_UUID:f0be86a8-f2ca-5234-b0bd-f5980e7ef032,34.612821,-116.600487,1041.0
POS,13.1,VRF_UUID:f864e51f-e571-704f-92e4-108201ec1049,NaN,-90.000000,NaN
# t=13.1s reflected=9 readable=8
POS,18.2,VRF_UUID:0e260e7f-c8a1-52bb-b7c3-256454002955,34.612956,-116.600487,1041.0
POS,18.2,VRF_UUID:46f23295-9ede-5a0b-b8cf-5dd3eaf284dc,NaN,-90.000000,NaN
POS,18.2,VRF_UUID:8758a365-7839-5f5d-addd-8e37f4b4f8dd,34.612866,-116.600869,1041.0
POS,18.2,VRF_UUID:c284154a-3f9e-588f-afc9-66467b594b4c,34.612595,-116.600487,1041.0
POS,18.2,VRF_UUID:cde66adc-7a34-a14d-bd51-a3df4032e6a1,NaN,-90.000000,NaN
POS,18.2,VRF_UUID:d8e79056-a379-5fef-abcf-df0631b79d20,34.612866,-116.600105,1041.0
POS,18.2,VRF_UUID:f0be86a8-f2ca-5234-b0bd-f5980e7ef032,34.612821,-116.600487,1041.0
POS,18.2,VRF_UUID:f864e51f-e571-704f-92e4-108201ec1049,NaN,-90.000000,NaN
# t=18.2s reflected=9 readable=8
POS,23.2,VRF_UUID:0e260e7f-c8a1-52bb-b7c3-256454002955,34.612956,-116.600487,1041.0
POS,23.2,VRF_UUID:46f23295-9ede-5a0b-b8cf-5dd3eaf284dc,NaN,-90.000000,NaN
POS,23.2,VRF_UUID:8758a365-7839-5f5d-addd-8e37f4b4f8dd,34.612866,-116.600869,1041.0
POS,23.2,VRF_UUID:c284154a-3f9e-588f-afc9-66467b594b4c,34.612595,-116.600487,1041.0
POS,23.2,VRF_UUID:cde66adc-7a34-a14d-bd51-a3df4032e6a1,NaN,-90.000000,NaN
POS,23.2,VRF_UUID:d8e79056-a379-5fef-abcf-df0631b79d20,34.612866,-116.600105,1041.0
POS,23.2,VRF_UUID:f0be86a8-f2ca-5234-b0bd-f5980e7ef032,34.612821,-116.600487,1041.0
POS,23.2,VRF_UUID:f864e51f-e571-704f-92e4-108201ec1049,NaN,-90.000000,NaN
# t=23.2s reflected=9 readable=8
POS,28.3,VRF_UUID:0e260e7f-c8a1-52bb-b7c3-256454002955,34.612956,-116.600487,1041.0
POS,28.3,VRF_UUID:46f23295-9ede-5a0b-b8cf-5dd3eaf284dc,NaN,-90.000000,NaN
POS,28.3,VRF_UUID:8758a365-7839-5f5d-addd-8e37f4b4f8dd,34.612866,-116.600869,1041.0
POS,28.3,VRF_UUID:c284154a-3f9e-588f-afc9-66467b594b4c,34.612595,-116.600487,1041.0
POS,28.3,VRF_UUID:cde66adc-7a34-a14d-bd51-a3df4032e6a1,NaN,-90.000000,NaN
POS,28.3,VRF_UUID:d8e79056-a379-5fef-abcf-df0631b79d20,34.612866,-116.600105,1041.0
POS,28.3,VRF_UUID:f0be86a8-f2ca-5234-b0bd-f5980e7ef032,34.612821,-116.600487,1041.0
POS,28.3,VRF_UUID:f864e51f-e571-704f-92e4-108201ec1049,NaN,-90.000000,NaN
# t=28.3s reflected=9 readable=8
RPT,31.1,"POSITION ""M1A2 4"" 34.612651 -116.600315"
RPT,31.1,"POSITION ""M1A2 1"" 34.612956 -116.600487"
RPT,31.1,"POSITION ""M1A2 3"" 34.612891 -116.600685"
RPT,31.1,"POSITION ""M1A2 2"" 34.612924 -116.600070"
POS,33.3,VRF_UUID:0e260e7f-c8a1-52bb-b7c3-256454002955,34.612956,-116.600488,1040.6
POS,33.3,VRF_UUID:305ac2b3-2f38-bb4a-83fd-a8436e856f67,NaN,-90.000000,NaN
POS,33.3,VRF_UUID:461788a2-7e06-004b-8d73-24abcc1c4e61,NaN,-90.000000,NaN
POS,33.3,VRF_UUID:46f23295-9ede-5a0b-b8cf-5dd3eaf284dc,NaN,-90.000000,NaN
POS,33.3,VRF_UUID:8758a365-7839-5f5d-addd-8e37f4b4f8dd,34.612594,-116.604404,1044.2
POS,33.3,VRF_UUID:ae80ac66-1a2a-1e46-8d9e-f71fa7af1826,NaN,-90.000000,NaN
POS,33.3,VRF_UUID:c284154a-3f9e-588f-afc9-66467b594b4c,34.611442,-116.603846,1043.4
POS,33.3,VRF_UUID:cd503b6d-2b17-d342-9960-a0bc3d53c8d5,NaN,-90.000000,NaN
POS,33.3,VRF_UUID:cde66adc-7a34-a14d-bd51-a3df4032e6a1,NaN,-90.000000,NaN
POS,33.3,VRF_UUID:d8e79056-a379-5fef-abcf-df0631b79d20,34.612877,-116.596657,1037.0
POS,33.3,VRF_UUID:f0be86a8-f2ca-5234-b0bd-f5980e7ef032,34.612479,-116.601209,1041.2
POS,33.3,VRF_UUID:f864e51f-e571-704f-92e4-108201ec1049,NaN,-90.000000,NaN
# t=33.3s reflected=13 readable=12
POS,38.4,VRF_UUID:0e260e7f-c8a1-52bb-b7c3-256454002955,34.612948,-116.557092,1001.3
POS,38.4,VRF_UUID:305ac2b3-2f38-bb4a-83fd-a8436e856f67,NaN,-90.000000,NaN
POS,38.4,VRF_UUID:461788a2-7e06-004b-8d73-24abcc1c4e61,NaN,-90.000000,NaN
POS,38.4,VRF_UUID:46f23295-9ede-5a0b-b8cf-5dd3eaf284dc,NaN,-90.000000,NaN
POS,38.4,VRF_UUID:8758a365-7839-5f5d-addd-8e37f4b4f8dd,34.612892,-116.604346,1044.2
POS,38.4,VRF_UUID:ae80ac66-1a2a-1e46-8d9e-f71fa7af1826,NaN,-90.000000,NaN
POS,38.4,VRF_UUID:c284154a-3f9e-588f-afc9-66467b594b4c,34.611492,-116.603689,1043.2
POS,38.4,VRF_UUID:cd503b6d-2b17-d342-9960-a0bc3d53c8d5,NaN,-90.000000,NaN
POS,38.4,VRF_UUID:cde66adc-7a34-a14d-bd51-a3df4032e6a1,NaN,-90.000000,NaN
POS,38.4,VRF_UUID:d8e79056-a379-5fef-abcf-df0631b79d20,34.612963,-116.600523,1040.6
POS,38.4,VRF_UUID:f0be86a8-f2ca-5234-b0bd-f5980e7ef032,34.612336,-116.603199,1043.0
POS,38.4,VRF_UUID:f864e51f-e571-704f-92e4-108201ec1049,NaN,-90.000000,NaN
# t=38.4s reflected=13 readable=12
RPT,40.1,"POSITION ""AR Plt 1"" 34.612951 -116.599975"
POS,43.4,VRF_UUID:0e260e7f-c8a1-52bb-b7c3-256454002955,34.612950,-116.548008,993.4
POS,43.4,VRF_UUID:305ac2b3-2f38-bb4a-83fd-a8436e856f67,NaN,-90.000000,NaN
POS,43.4,VRF_UUID:461788a2-7e06-004b-8d73-24abcc1c4e61,NaN,-90.000000,NaN
POS,43.4,VRF_UUID:46f23295-9ede-5a0b-b8cf-5dd3eaf284dc,NaN,-90.000000,NaN
POS,43.4,VRF_UUID:8758a365-7839-5f5d-addd-8e37f4b4f8dd,34.612955,-116.604347,1044.2
POS,43.4,VRF_UUID:ae80ac66-1a2a-1e46-8d9e-f71fa7af1826,NaN,-90.000000,NaN
POS,43.4,VRF_UUID:c284154a-3f9e-588f-afc9-66467b594b4c,34.612923,-116.688639,1128.2
POS,43.4,VRF_UUID:cd503b6d-2b17-d342-9960-a0bc3d53c8d5,NaN,-90.000000,NaN
POS,43.4,VRF_UUID:cde66adc-7a34-a14d-bd51-a3df4032e6a1,NaN,-90.000000,NaN
POS,43.4,VRF_UUID:d8e79056-a379-5fef-abcf-df0631b79d20,34.603531,-116.557251,999.1
POS,43.4,VRF_UUID:f0be86a8-f2ca-5234-b0bd-f5980e7ef032,34.613024,-116.603652,1043.6
POS,43.4,VRF_UUID:f864e51f-e571-704f-92e4-108201ec1049,NaN,-90.000000,NaN
# t=43.4s reflected=13 readable=12
POS,48.5,VRF_UUID:0e260e7f-c8a1-52bb-b7c3-256454002955,34.612947,-116.549706,994.8
POS,48.5,VRF_UUID:305ac2b3-2f38-bb4a-83fd-a8436e856f67,NaN,-90.000000,NaN
POS,48.5,VRF_UUID:461788a2-7e06-004b-8d73-24abcc1c4e61,NaN,-90.000000,NaN
POS,48.5,VRF_UUID:46f23295-9ede-5a0b-b8cf-5dd3eaf284dc,NaN,-90.000000,NaN
POS,48.5,VRF_UUID:8758a365-7839-5f5d-addd-8e37f4b4f8dd,34.612956,-116.601768,1041.8
POS,48.5,VRF_UUID:ae80ac66-1a2a-1e46-8d9e-f71fa7af1826,NaN,-90.000000,NaN
POS,48.5,VRF_UUID:c284154a-3f9e-588f-afc9-66467b594b4c,34.612931,-116.521643,970.9
POS,48.5,VRF_UUID:cd503b6d-2b17-d342-9960-a0bc3d53c8d5,NaN,-90.000000,NaN
POS,48.5,VRF_UUID:cde66adc-7a34-a14d-bd51-a3df4032e6a1,NaN,-90.000000,NaN
POS,48.5,VRF_UUID:d8e79056-a379-5fef-abcf-df0631b79d20,34.612973,-116.547082,992.6
POS,48.5,VRF_UUID:f0be86a8-f2ca-5234-b0bd-f5980e7ef032,34.612955,-116.604259,1044.2
POS,48.5,VRF_UUID:f864e51f-e571-704f-92e4-108201ec1049,NaN,-90.000000,NaN
# t=48.5s reflected=13 readable=12
POS,53.5,VRF_UUID:0e260e7f-c8a1-52bb-b7c3-256454002955,34.612887,-116.730129,1173.1
POS,53.5,VRF_UUID:305ac2b3-2f38-bb4a-83fd-a8436e856f67,NaN,-90.000000,NaN
POS,53.5,VRF_UUID:461788a2-7e06-004b-8d73-24abcc1c4e61,NaN,-90.000000,NaN
POS,53.5,VRF_UUID:46f23295-9ede-5a0b-b8cf-5dd3eaf284dc,NaN,-90.000000,NaN
POS,53.5,VRF_UUID:8758a365-7839-5f5d-addd-8e37f4b4f8dd,34.612955,-116.604340,1044.2
POS,53.5,VRF_UUID:ae80ac66-1a2a-1e46-8d9e-f71fa7af1826,NaN,-90.000000,NaN
POS,53.5,VRF_UUID:c284154a-3f9e-588f-afc9-66467b594b4c,34.612956,-116.599740,1039.9
POS,53.5,VRF_UUID:cd503b6d-2b17-d342-9960-a0bc3d53c8d5,NaN,-90.000000,NaN
POS,53.5,VRF_UUID:cde66adc-7a34-a14d-bd51-a3df4032e6a1,NaN,-90.000000,NaN
POS,53.5,VRF_UUID:d8e79056-a379-5fef-abcf-df0631b79d20,34.612958,-116.605406,1045.2
POS,53.5,VRF_UUID:f0be86a8-f2ca-5234-b0bd-f5980e7ef032,34.612956,-116.607984,1047.7
POS,53.5,VRF_UUID:f864e51f-e571-704f-92e4-108201ec1049,NaN,-90.000000,NaN
# t=53.5s reflected=13 readable=12
POS,58.6,VRF_UUID:0e260e7f-c8a1-52bb-b7c3-256454002955,34.612859,-116.753528,1199.5
POS,58.6,VRF_UUID:461788a2-7e06-004b-8d73-24abcc1c4e61,NaN,-90.000000,NaN
POS,58.6,VRF_UUID:46f23295-9ede-5a0b-b8cf-5dd3eaf284dc,NaN,-90.000000,NaN
POS,58.6,VRF_UUID:8758a365-7839-5f5d-addd-8e37f4b4f8dd,34.612955,-116.604352,1045.6
POS,58.6,VRF_UUID:ae80ac66-1a2a-1e46-8d9e-f71fa7af1826,NaN,-90.000000,NaN
POS,58.6,VRF_UUID:c284154a-3f9e-588f-afc9-66467b594b4c,34.612867,-116.503381,936.0
POS,58.6,VRF_UUID:cd503b6d-2b17-d342-9960-a0bc3d53c8d5,NaN,-90.000000,NaN
POS,58.6,VRF_UUID:cde66adc-7a34-a14d-bd51-a3df4032e6a1,NaN,-90.000000,NaN
POS,58.6,VRF_UUID:d8e79056-a379-5fef-abcf-df0631b79d20,34.612794,-116.754427,1200.5
POS,58.6,VRF_UUID:f0be86a8-f2ca-5234-b0bd-f5980e7ef032,34.612955,-116.604976,1045.4
POS,58.6,VRF_UUID:f864e51f-e571-704f-92e4-108201ec1049,NaN,-90.000000,NaN
# t=58.6s reflected=13 readable=11
POS,63.6,VRF_UUID:0e260e7f-c8a1-52bb-b7c3-256454002955,34.612745,-116.777046,1264.1
POS,63.6,VRF_UUID:461788a2-7e06-004b-8d73-24abcc1c4e61,NaN,-90.000000,NaN
POS,63.6,VRF_UUID:46f23295-9ede-5a0b-b8cf-5dd3eaf284dc,NaN,-90.000000,NaN
POS,63.6,VRF_UUID:8758a365-7839-5f5d-addd-8e37f4b4f8dd,34.612961,-116.604346,1045.6
POS,63.6,VRF_UUID:ae80ac66-1a2a-1e46-8d9e-f71fa7af1826,NaN,-90.000000,NaN
POS,63.6,VRF_UUID:c284154a-3f9e-588f-afc9-66467b594b4c,34.612931,-116.519974,953.1
POS,63.6,VRF_UUID:cde66adc-7a34-a14d-bd51-a3df4032e6a1,NaN,-90.000000,NaN
POS,63.6,VRF_UUID:d8e79056-a379-5fef-abcf-df0631b79d20,34.612956,-116.597939,1038.2
POS,63.6,VRF_UUID:f0be86a8-f2ca-5234-b0bd-f5980e7ef032,34.612955,-116.602723,1043.7
POS,63.6,VRF_UUID:f864e51f-e571-704f-92e4-108201ec1049,NaN,-90.000000,NaN
# t=63.6s reflected=13 readable=10
POS,68.6,VRF_UUID:0e260e7f-c8a1-52bb-b7c3-256454002955,34.612956,-116.597395,1037.6
POS,68.6,VRF_UUID:46f23295-9ede-5a0b-b8cf-5dd3eaf284dc,NaN,-90.000000,NaN
POS,68.6,VRF_UUID:8758a365-7839-5f5d-addd-8e37f4b4f8dd,34.612956,-116.596921,1037.1
POS,68.6,VRF_UUID:c284154a-3f9e-588f-afc9-66467b594b4c,34.612956,-116.596355,1036.4
POS,68.6,VRF_UUID:cde66adc-7a34-a14d-bd51-a3df4032e6a1,NaN,-90.000000,NaN
POS,68.6,VRF_UUID:d8e79056-a379-5fef-abcf-df0631b79d20,34.612956,-116.597939,1038.2
POS,68.6,VRF_UUID:f0be86a8-f2ca-5234-b0bd-f5980e7ef032,34.612956,-116.599551,1040.1
POS,68.6,VRF_UUID:f864e51f-e571-704f-92e4-108201ec1049,NaN,-90.000000,NaN
# t=68.6s reflected=13 readable=8
POS,73.7,VRF_UUID:0e260e7f-c8a1-52bb-b7c3-256454002955,34.612956,-116.597395,1037.6
POS,73.7,VRF_UUID:46f23295-9ede-5a0b-b8cf-5dd3eaf284dc,NaN,-90.000000,NaN
POS,73.7,VRF_UUID:8758a365-7839-5f5d-addd-8e37f4b4f8dd,34.612956,-116.596921,1037.1
POS,73.7,VRF_UUID:c284154a-3f9e-588f-afc9-66467b594b4c,34.612956,-116.596355,1036.4
POS,73.7,VRF_UUID:cde66adc-7a34-a14d-bd51-a3df4032e6a1,NaN,-90.000000,NaN
POS,73.7,VRF_UUID:d8e79056-a379-5fef-abcf-df0631b79d20,34.612956,-116.597939,1038.2
POS,73.7,VRF_UUID:f0be86a8-f2ca-5234-b0bd-f5980e7ef032,34.612956,-116.597153,1037.3
POS,73.7,VRF_UUID:f864e51f-e571-704f-92e4-108201ec1049,NaN,-90.000000,NaN
# t=73.7s reflected=13 readable=8
POS,78.7,VRF_UUID:0e260e7f-c8a1-52bb-b7c3-256454002955,34.612956,-116.597395,1037.6
POS,78.7,VRF_UUID:46f23295-9ede-5a0b-b8cf-5dd3eaf284dc,NaN,-90.000000,NaN
POS,78.7,VRF_UUID:8758a365-7839-5f5d-addd-8e37f4b4f8dd,34.612956,-116.596921,1037.1
POS,78.7,VRF_UUID:c284154a-3f9e-588f-afc9-66467b594b4c,34.612956,-116.596355,1036.4
POS,78.7,VRF_UUID:cde66adc-7a34-a14d-bd51-a3df4032e6a1,NaN,-90.000000,NaN
POS,78.7,VRF_UUID:d8e79056-a379-5fef-abcf-df0631b79d20,34.612956,-116.597939,1038.2
POS,78.7,VRF_UUID:f0be86a8-f2ca-5234-b0bd-f5980e7ef032,34.612956,-116.597153,1037.3
POS,78.7,VRF_UUID:f864e51f-e571-704f-92e4-108201ec1049,NaN,-90.000000,NaN
# t=78.7s reflected=13 readable=8
POS,83.8,VRF_UUID:0e260e7f-c8a1-52bb-b7c3-256454002955,34.612956,-116.597395,1037.6
POS,83.8,VRF_UUID:46f23295-9ede-5a0b-b8cf-5dd3eaf284dc,NaN,-90.000000,NaN
POS,83.8,VRF_UUID:8758a365-7839-5f5d-addd-8e37f4b4f8dd,34.612956,-116.596921,1037.1
POS,83.8,VRF_UUID:c284154a-3f9e-588f-afc9-66467b594b4c,34.612956,-116.596355,1036.4
POS,83.8,VRF_UUID:cde66adc-7a34-a14d-bd51-a3df4032e6a1,NaN,-90.000000,NaN
POS,83.8,VRF_UUID:d8e79056-a379-5fef-abcf-df0631b79d20,34.612956,-116.597939,1038.2
POS,83.8,VRF_UUID:f0be86a8-f2ca-5234-b0bd-f5980e7ef032,34.612956,-116.597153,1037.3
POS,83.8,VRF_UUID:f864e51f-e571-704f-92e4-108201ec1049,NaN,-90.000000,NaN
# t=83.8s reflected=13 readable=8
POS,88.8,VRF_UUID:0e260e7f-c8a1-52bb-b7c3-256454002955,34.612956,-116.597395,1037.6
POS,88.8,VRF_UUID:46f23295-9ede-5a0b-b8cf-5dd3eaf284dc,NaN,-90.000000,NaN
POS,88.8,VRF_UUID:8758a365-7839-5f5d-addd-8e37f4b4f8dd,34.612956,-116.596921,1037.1
POS,88.8,VRF_UUID:c284154a-3f9e-588f-afc9-66467b594b4c,34.612956,-116.596355,1036.4
POS,88.8,VRF_UUID:cde66adc-7a34-a14d-bd51-a3df4032e6a1,NaN,-90.000000,NaN
POS,88.8,VRF_UUID:d8e79056-a379-5fef-abcf-df0631b79d20,34.612956,-116.597939,1038.2
POS,88.8,VRF_UUID:f0be86a8-f2ca-5234-b0bd-f5980e7ef032,34.612956,-116.597153,1037.3
POS,88.8,VRF_UUID:f864e51f-e571-704f-92e4-108201ec1049,NaN,-90.000000,NaN
# t=88.8s reflected=13 readable=8
RPT,91.8,"POSITION ""M1A2 2"" 34.612956 -116.597939"
RPT,92.2,"POSITION ""M1A2 1"" 34.612956 -116.597395"
RPT,92.3,"POSITION ""M1A2 4"" 34.612956 -116.596355"
RPT,93.1,"POSITION ""M1A2 3"" 34.612956 -116.596921"
POS,93.8,VRF_UUID:0e260e7f-c8a1-52bb-b7c3-256454002955,34.612956,-116.597395,1037.6
POS,93.8,VRF_UUID:46f23295-9ede-5a0b-b8cf-5dd3eaf284dc,NaN,-90.000000,NaN
POS,93.8,VRF_UUID:8758a365-7839-5f5d-addd-8e37f4b4f8dd,34.612956,-116.596921,1037.1
POS,93.8,VRF_UUID:c284154a-3f9e-588f-afc9-66467b594b4c,34.612956,-116.596355,1036.4
POS,93.8,VRF_UUID:cde66adc-7a34-a14d-bd51-a3df4032e6a1,NaN,-90.000000,NaN
POS,93.8,VRF_UUID:d8e79056-a379-5fef-abcf-df0631b79d20,34.612956,-116.597939,1038.2
POS,93.8,VRF_UUID:f0be86a8-f2ca-5234-b0bd-f5980e7ef032,34.612956,-116.597153,1037.3
POS,93.8,VRF_UUID:f864e51f-e571-704f-92e4-108201ec1049,NaN,-90.000000,NaN
# t=93.8s reflected=13 readable=8
POS,98.9,VRF_UUID:0e260e7f-c8a1-52bb-b7c3-256454002955,34.612956,-116.597395,1037.6
POS,98.9,VRF_UUID:46f23295-9ede-5a0b-b8cf-5dd3eaf284dc,NaN,-90.000000,NaN
POS,98.9,VRF_UUID:8758a365-7839-5f5d-addd-8e37f4b4f8dd,34.612956,-116.596921,1037.1
POS,98.9,VRF_UUID:c284154a-3f9e-588f-afc9-66467b594b4c,34.612956,-116.596355,1036.4
POS,98.9,VRF_UUID:cde66adc-7a34-a14d-bd51-a3df4032e6a1,NaN,-90.000000,NaN
POS,98.9,VRF_UUID:d8e79056-a379-5fef-abcf-df0631b79d20,34.612956,-116.597939,1038.2
POS,98.9,VRF_UUID:f0be86a8-f2ca-5234-b0bd-f5980e7ef032,34.612956,-116.597153,1037.3
POS,98.9,VRF_UUID:f864e51f-e571-704f-92e4-108201ec1049,NaN,-90.000000,NaN
# t=98.9s reflected=13 readable=8
RPT,102.5,"POSITION ""AR Plt 1"" 34.612956 -116.597153"
POS,103.9,VRF_UUID:0e260e7f-c8a1-52bb-b7c3-256454002955,34.612956,-116.597395,1037.6
POS,103.9,VRF_UUID:46f23295-9ede-5a0b-b8cf-5dd3eaf284dc,NaN,-90.000000,NaN
POS,103.9,VRF_UUID:8758a365-7839-5f5d-addd-8e37f4b4f8dd,34.612956,-116.596921,1037.1
POS,103.9,VRF_UUID:c284154a-3f9e-588f-afc9-66467b594b4c,34.612956,-116.596355,1036.4
POS,103.9,VRF_UUID:cde66adc-7a34-a14d-bd51-a3df4032e6a1,NaN,-90.000000,NaN
POS,103.9,VRF_UUID:d8e79056-a379-5fef-abcf-df0631b79d20,34.612956,-116.597939,1038.2
POS,103.9,VRF_UUID:f0be86a8-f2ca-5234-b0bd-f5980e7ef032,34.612956,-116.597153,1037.3
POS,103.9,VRF_UUID:f864e51f-e571-704f-92e4-108201ec1049,NaN,-90.000000,NaN
# t=103.9s reflected=13 readable=8
POS,108.9,VRF_UUID:0e260e7f-c8a1-52bb-b7c3-256454002955,34.612956,-116.597395,1037.6
POS,108.9,VRF_UUID:46f23295-9ede-5a0b-b8cf-5dd3eaf284dc,NaN,-90.000000,NaN
POS,108.9,VRF_UUID:8758a365-7839-5f5d-addd-8e37f4b4f8dd,34.612956,-116.596921,1037.1
POS,108.9,VRF_UUID:c284154a-3f9e-588f-afc9-66467b594b4c,34.612956,-116.596355,1036.4
POS,108.9,VRF_UUID:cde66adc-7a34-a14d-bd51-a3df4032e6a1,NaN,-90.000000,NaN
POS,108.9,VRF_UUID:d8e79056-a379-5fef-abcf-df0631b79d20,34.612956,-116.597939,1038.2
POS,108.9,VRF_UUID:f0be86a8-f2ca-5234-b0bd-f5980e7ef032,34.612956,-116.597153,1037.3
POS,108.9,VRF_UUID:f864e51f-e571-704f-92e4-108201ec1049,NaN,-90.000000,NaN
# t=108.9s reflected=13 readable=8
POS,113.9,VRF_UUID:0e260e7f-c8a1-52bb-b7c3-256454002955,34.612956,-116.597395,1037.6
POS,113.9,VRF_UUID:46f23295-9ede-5a0b-b8cf-5dd3eaf284dc,NaN,-90.000000,NaN
POS,113.9,VRF_UUID:8758a365-7839-5f5d-addd-8e37f4b4f8dd,34.612956,-116.596921,1037.1
POS,113.9,VRF_UUID:c284154a-3f9e-588f-afc9-66467b594b4c,34.612956,-116.596355,1036.4
POS,113.9,VRF_UUID:cde66adc-7a34-a14d-bd51-a3df4032e6a1,NaN,-90.000000,NaN
POS,113.9,VRF_UUID:d8e79056-a379-5fef-abcf-df0631b79d20,34.612956,-116.597939,1038.2
POS,113.9,VRF_UUID:f0be86a8-f2ca-5234-b0bd-f5980e7ef032,34.612956,-116.597153,1037.3
POS,113.9,VRF_UUID:f864e51f-e571-704f-92e4-108201ec1049,NaN,-90.000000,NaN
# t=113.9s reflected=13 readable=8
POS,118.9,VRF_UUID:0e260e7f-c8a1-52bb-b7c3-256454002955,34.612956,-116.597395,1037.6
POS,118.9,VRF_UUID:46f23295-9ede-5a0b-b8cf-5dd3eaf284dc,NaN,-90.000000,NaN
POS,118.9,VRF_UUID:8758a365-7839-5f5d-addd-8e37f4b4f8dd,34.612956,-116.596921,1037.1
POS,118.9,VRF_UUID:c284154a-3f9e-588f-afc9-66467b594b4c,34.612956,-116.596355,1036.4
POS,118.9,VRF_UUID:cde66adc-7a34-a14d-bd51-a3df4032e6a1,NaN,-90.000000,NaN
POS,118.9,VRF_UUID:d8e79056-a379-5fef-abcf-df0631b79d20,34.612956,-116.597939,1038.2
POS,118.9,VRF_UUID:f0be86a8-f2ca-5234-b0bd-f5980e7ef032,34.612956,-116.597153,1037.3
POS,118.9,VRF_UUID:f864e51f-e571-704f-92e4-108201ec1049,NaN,-90.000000,NaN
# t=118.9s reflected=13 readable=8
POS,123.9,VRF_UUID:0e260e7f-c8a1-52bb-b7c3-256454002955,34.612956,-116.597395,1037.6
POS,123.9,VRF_UUID:46f23295-9ede-5a0b-b8cf-5dd3eaf284dc,NaN,-90.000000,NaN
POS,123.9,VRF_UUID:8758a365-7839-5f5d-addd-8e37f4b4f8dd,34.612956,-116.596921,1037.1
POS,123.9,VRF_UUID:c284154a-3f9e-588f-afc9-66467b594b4c,34.612956,-116.596355,1036.4
POS,123.9,VRF_UUID:cde66adc-7a34-a14d-bd51-a3df4032e6a1,NaN,-90.000000,NaN
POS,123.9,VRF_UUID:d8e79056-a379-5fef-abcf-df0631b79d20,34.612956,-116.597939,1038.2
POS,123.9,VRF_UUID:f0be86a8-f2ca-5234-b0bd-f5980e7ef032,34.612956,-116.597153,1037.3
POS,123.9,VRF_UUID:f864e51f-e571-704f-92e4-108201ec1049,NaN,-90.000000,NaN
# t=123.9s reflected=13 readable=8
POS,129,VRF_UUID:0e260e7f-c8a1-52bb-b7c3-256454002955,34.612956,-116.597395,1037.6
POS,129,VRF_UUID:46f23295-9ede-5a0b-b8cf-5dd3eaf284dc,NaN,-90.000000,NaN
POS,129,VRF_UUID:8758a365-7839-5f5d-addd-8e37f4b4f8dd,34.612956,-116.596921,1037.1
POS,129,VRF_UUID:c284154a-3f9e-588f-afc9-66467b594b4c,34.612956,-116.596355,1036.4
POS,129,VRF_UUID:cde66adc-7a34-a14d-bd51-a3df4032e6a1,NaN,-90.000000,NaN
POS,129,VRF_UUID:d8e79056-a379-5fef-abcf-df0631b79d20,34.612956,-116.597939,1038.2
POS,129,VRF_UUID:f0be86a8-f2ca-5234-b0bd-f5980e7ef032,34.612956,-116.597153,1037.3
POS,129,VRF_UUID:f864e51f-e571-704f-92e4-108201ec1049,NaN,-90.000000,NaN
# t=129s reflected=13 readable=8
POS,134,VRF_UUID:0e260e7f-c8a1-52bb-b7c3-256454002955,34.612956,-116.597395,1037.6
POS,134,VRF_UUID:46f23295-9ede-5a0b-b8cf-5dd3eaf284dc,NaN,-90.000000,NaN
POS,134,VRF_UUID:8758a365-7839-5f5d-addd-8e37f4b4f8dd,34.612956,-116.596921,1037.1
POS,134,VRF_UUID:c284154a-3f9e-588f-afc9-66467b594b4c,34.612956,-116.596355,1036.4
POS,134,VRF_UUID:cde66adc-7a34-a14d-bd51-a3df4032e6a1,NaN,-90.000000,NaN
POS,134,VRF_UUID:d8e79056-a379-5fef-abcf-df0631b79d20,34.612956,-116.597939,1038.2
POS,134,VRF_UUID:f0be86a8-f2ca-5234-b0bd-f5980e7ef032,34.612956,-116.597153,1037.3
POS,134,VRF_UUID:f864e51f-e571-704f-92e4-108201ec1049,NaN,-90.000000,NaN
# t=134s reflected=13 readable=8
POS,139,VRF_UUID:0e260e7f-c8a1-52bb-b7c3-256454002955,34.612956,-116.597395,1037.6
POS,139,VRF_UUID:46f23295-9ede-5a0b-b8cf-5dd3eaf284dc,NaN,-90.000000,NaN
POS,139,VRF_UUID:8758a365-7839-5f5d-addd-8e37f4b4f8dd,34.612956,-116.596921,1037.1
POS,139,VRF_UUID:c284154a-3f9e-588f-afc9-66467b594b4c,34.612956,-116.596355,1036.4
POS,139,VRF_UUID:cde66adc-7a34-a14d-bd51-a3df4032e6a1,NaN,-90.000000,NaN
POS,139,VRF_UUID:d8e79056-a379-5fef-abcf-df0631b79d20,34.612956,-116.597939,1038.2
POS,139,VRF_UUID:f0be86a8-f2ca-5234-b0bd-f5980e7ef032,34.612956,-116.597153,1037.3
POS,139,VRF_UUID:f864e51f-e571-704f-92e4-108201ec1049,NaN,-90.000000,NaN
# t=139s reflected=13 readable=8
POS,144,VRF_UUID:0e260e7f-c8a1-52bb-b7c3-256454002955,34.612956,-116.597395,1037.6
POS,144,VRF_UUID:46f23295-9ede-5a0b-b8cf-5dd3eaf284dc,NaN,-90.000000,NaN
POS,144,VRF_UUID:8758a365-7839-5f5d-addd-8e37f4b4f8dd,34.612956,-116.596921,1037.1
POS,144,VRF_UUID:c284154a-3f9e-588f-afc9-66467b594b4c,34.612956,-116.596355,1036.4
POS,144,VRF_UUID:cde66adc-7a34-a14d-bd51-a3df4032e6a1,NaN,-90.000000,NaN
POS,144,VRF_UUID:d8e79056-a379-5fef-abcf-df0631b79d20,34.612956,-116.597939,1038.2
POS,144,VRF_UUID:f0be86a8-f2ca-5234-b0bd-f5980e7ef032,34.612956,-116.597153,1037.3
POS,144,VRF_UUID:f864e51f-e571-704f-92e4-108201ec1049,NaN,-90.000000,NaN
# t=144s reflected=13 readable=8
POS,149,VRF_UUID:0e260e7f-c8a1-52bb-b7c3-256454002955,34.612956,-116.597395,1037.6
POS,149,VRF_UUID:46f23295-9ede-5a0b-b8cf-5dd3eaf284dc,NaN,-90.000000,NaN
POS,149,VRF_UUID:8758a365-7839-5f5d-addd-8e37f4b4f8dd,34.612956,-116.596921,1037.1
POS,149,VRF_UUID:c284154a-3f9e-588f-afc9-66467b594b4c,34.612956,-116.596355,1036.4
POS,149,VRF_UUID:cde66adc-7a34-a14d-bd51-a3df4032e6a1,NaN,-90.000000,NaN
POS,149,VRF_UUID:d8e79056-a379-5fef-abcf-df0631b79d20,34.612956,-116.597939,1038.2
POS,149,VRF_UUID:f0be86a8-f2ca-5234-b0bd-f5980e7ef032,34.612956,-116.597153,1037.3
POS,149,VRF_UUID:f864e51f-e571-704f-92e4-108201ec1049,NaN,-90.000000,NaN
# t=149s reflected=13 readable=8
RPT,152.7,"POSITION ""M1A2 1"" 34.612956 -116.597395"
RPT,152.9,"POSITION ""M1A2 4"" 34.612956 -116.596355"
RPT,153.9,"POSITION ""M1A2 2"" 34.612956 -116.597939"
POS,154.1,VRF_UUID:0e260e7f-c8a1-52bb-b7c3-256454002955,34.612956,-116.597395,1037.6
POS,154.1,VRF_UUID:46f23295-9ede-5a0b-b8cf-5dd3eaf284dc,NaN,-90.000000,NaN
POS,154.1,VRF_UUID:8758a365-7839-5f5d-addd-8e37f4b4f8dd,34.612956,-116.596921,1037.1
POS,154.1,VRF_UUID:c284154a-3f9e-588f-afc9-66467b594b4c,34.612956,-116.596355,1036.4
POS,154.1,VRF_UUID:cde66adc-7a34-a14d-bd51-a3df4032e6a1,NaN,-90.000000,NaN
POS,154.1,VRF_UUID:d8e79056-a379-5fef-abcf-df0631b79d20,34.612956,-116.597939,1038.2
POS,154.1,VRF_UUID:f0be86a8-f2ca-5234-b0bd-f5980e7ef032,34.612956,-116.597153,1037.3
POS,154.1,VRF_UUID:f864e51f-e571-704f-92e4-108201ec1049,NaN,-90.000000,NaN
# t=154.1s reflected=13 readable=8
RPT,154.6,"POSITION ""M1A2 3"" 34.612956 -116.596921"
POS,159.1,VRF_UUID:0e260e7f-c8a1-52bb-b7c3-256454002955,34.612956,-116.597395,1037.6
POS,159.1,VRF_UUID:46f23295-9ede-5a0b-b8cf-5dd3eaf284dc,NaN,-90.000000,NaN
POS,159.1,VRF_UUID:8758a365-7839-5f5d-addd-8e37f4b4f8dd,34.612956,-116.596921,1037.1
POS,159.1,VRF_UUID:c284154a-3f9e-588f-afc9-66467b594b4c,34.612956,-116.596355,1036.4
POS,159.1,VRF_UUID:cde66adc-7a34-a14d-bd51-a3df4032e6a1,NaN,-90.000000,NaN
POS,159.1,VRF_UUID:d8e79056-a379-5fef-abcf-df0631b79d20,34.612956,-116.597939,1038.2
POS,159.1,VRF_UUID:f0be86a8-f2ca-5234-b0bd-f5980e7ef032,34.612956,-116.597153,1037.3
POS,159.1,VRF_UUID:f864e51f-e571-704f-92e4-108201ec1049,NaN,-90.000000,NaN
# t=159.1s reflected=13 readable=8
RPT,163.9,"POSITION ""AR Plt 1"" 34.612956 -116.597153"
POS,164.1,VRF_UUID:0e260e7f-c8a1-52bb-b7c3-256454002955,34.612956,-116.597395,1037.6
POS,164.1,VRF_UUID:46f23295-9ede-5a0b-b8cf-5dd3eaf284dc,NaN,-90.000000,NaN
POS,164.1,VRF_UUID:8758a365-7839-5f5d-addd-8e37f4b4f8dd,34.612956,-116.596921,1037.1
POS,164.1,VRF_UUID:c284154a-3f9e-588f-afc9-66467b594b4c,34.612956,-116.596355,1036.4
POS,164.1,VRF_UUID:cde66adc-7a34-a14d-bd51-a3df4032e6a1,NaN,-90.000000,NaN
POS,164.1,VRF_UUID:d8e79056-a379-5fef-abcf-df0631b79d20,34.612956,-116.597939,1038.2
POS,164.1,VRF_UUID:f0be86a8-f2ca-5234-b0bd-f5980e7ef032,34.612956,-116.597153,1037.3
POS,164.1,VRF_UUID:f864e51f-e571-704f-92e4-108201ec1049,NaN,-90.000000,NaN
# t=164.1s reflected=13 readable=8
POS,169.2,VRF_UUID:0e260e7f-c8a1-52bb-b7c3-256454002955,34.612956,-116.597395,1037.6
POS,169.2,VRF_UUID:46f23295-9ede-5a0b-b8cf-5dd3eaf284dc,NaN,-90.000000,NaN
POS,169.2,VRF_UUID:8758a365-7839-5f5d-addd-8e37f4b4f8dd,34.612956,-116.596921,1037.1
POS,169.2,VRF_UUID:c284154a-3f9e-588f-afc9-66467b594b4c,34.612956,-116.596355,1036.4
POS,169.2,VRF_UUID:cde66adc-7a34-a14d-bd51-a3df4032e6a1,NaN,-90.000000,NaN
POS,169.2,VRF_UUID:d8e79056-a379-5fef-abcf-df0631b79d20,34.612956,-116.597939,1038.2
POS,169.2,VRF_UUID:f0be86a8-f2ca-5234-b0bd-f5980e7ef032,34.612956,-116.597153,1037.3
POS,169.2,VRF_UUID:f864e51f-e571-704f-92e4-108201ec1049,NaN,-90.000000,NaN
# t=169.2s reflected=13 readable=8
POS,174.2,VRF_UUID:0e260e7f-c8a1-52bb-b7c3-256454002955,34.612956,-116.597395,1037.6
POS,174.2,VRF_UUID:46f23295-9ede-5a0b-b8cf-5dd3eaf284dc,NaN,-90.000000,NaN
POS,174.2,VRF_UUID:8758a365-7839-5f5d-addd-8e37f4b4f8dd,34.612956,-116.596921,1037.1
POS,174.2,VRF_UUID:c284154a-3f9e-588f-afc9-66467b594b4c,34.612956,-116.596355,1036.4
POS,174.2,VRF_UUID:cde66adc-7a34-a14d-bd51-a3df4032e6a1,NaN,-90.000000,NaN
POS,174.2,VRF_UUID:d8e79056-a379-5fef-abcf-df0631b79d20,34.612956,-116.597939,1038.2
POS,174.2,VRF_UUID:f0be86a8-f2ca-5234-b0bd-f5980e7ef032,34.612956,-116.597153,1037.3
POS,174.2,VRF_UUID:f864e51f-e571-704f-92e4-108201ec1049,NaN,-90.000000,NaN
# t=174.2s reflected=13 readable=8
POS,179.3,VRF_UUID:0e260e7f-c8a1-52bb-b7c3-256454002955,34.612956,-116.597395,1037.6
POS,179.3,VRF_UUID:46f23295-9ede-5a0b-b8cf-5dd3eaf284dc,NaN,-90.000000,NaN
POS,179.3,VRF_UUID:8758a365-7839-5f5d-addd-8e37f4b4f8dd,34.612956,-116.596921,1037.1
POS,179.3,VRF_UUID:c284154a-3f9e-588f-afc9-66467b594b4c,34.612956,-116.596355,1036.4
POS,179.3,VRF_UUID:cde66adc-7a34-a14d-bd51-a3df4032e6a1,NaN,-90.000000,NaN
POS,179.3,VRF_UUID:d8e79056-a379-5fef-abcf-df0631b79d20,34.612956,-116.597939,1038.2
POS,179.3,VRF_UUID:f0be86a8-f2ca-5234-b0bd-f5980e7ef032,34.612956,-116.597153,1037.3
POS,179.3,VRF_UUID:f864e51f-e571-704f-92e4-108201ec1049,NaN,-90.000000,NaN
# t=179.3s reflected=13 readable=8
POS,184.3,VRF_UUID:0e260e7f-c8a1-52bb-b7c3-256454002955,34.612956,-116.597395,1037.6
POS,184.3,VRF_UUID:46f23295-9ede-5a0b-b8cf-5dd3eaf284dc,NaN,-90.000000,NaN
POS,184.3,VRF_UUID:8758a365-7839-5f5d-addd-8e37f4b4f8dd,34.612956,-116.596921,1037.1
POS,184.3,VRF_UUID:c284154a-3f9e-588f-afc9-66467b594b4c,34.612956,-116.596355,1036.4
POS,184.3,VRF_UUID:cde66adc-7a34-a14d-bd51-a3df4032e6a1,NaN,-90.000000,NaN
POS,184.3,VRF_UUID:d8e79056-a379-5fef-abcf-df0631b79d20,34.612956,-116.597939,1038.2
POS,184.3,VRF_UUID:f0be86a8-f2ca-5234-b0bd-f5980e7ef032,34.612956,-116.597153,1037.3
POS,184.3,VRF_UUID:f864e51f-e571-704f-92e4-108201ec1049,NaN,-90.000000,NaN
# t=184.3s reflected=13 readable=8
POS,189.3,VRF_UUID:0e260e7f-c8a1-52bb-b7c3-256454002955,34.612956,-116.597395,1037.6
POS,189.3,VRF_UUID:46f23295-9ede-5a0b-b8cf-5dd3eaf284dc,NaN,-90.000000,NaN
POS,189.3,VRF_UUID:8758a365-7839-5f5d-addd-8e37f4b4f8dd,34.612956,-116.596921,1037.1
POS,189.3,VRF_UUID:c284154a-3f9e-588f-afc9-66467b594b4c,34.612956,-116.596355,1036.4
POS,189.3,VRF_UUID:cde66adc-7a34-a14d-bd51-a3df4032e6a1,NaN,-90.000000,NaN
POS,189.3,VRF_UUID:d8e79056-a379-5fef-abcf-df0631b79d20,34.612956,-116.597939,1038.2
POS,189.3,VRF_UUID:f0be86a8-f2ca-5234-b0bd-f5980e7ef032,34.612956,-116.597153,1037.3
POS,189.3,VRF_UUID:f864e51f-e571-704f-92e4-108201ec1049,NaN,-90.000000,NaN
# t=189.3s reflected=13 readable=8
POS,194.3,VRF_UUID:0e260e7f-c8a1-52bb-b7c3-256454002955,34.612956,-116.597395,1037.6
POS,194.3,VRF_UUID:46f23295-9ede-5a0b-b8cf-5dd3eaf284dc,NaN,-90.000000,NaN
POS,194.3,VRF_UUID:8758a365-7839-5f5d-addd-8e37f4b4f8dd,34.612956,-116.596921,1037.1
POS,194.3,VRF_UUID:c284154a-3f9e-588f-afc9-66467b594b4c,34.612956,-116.596355,1036.4
POS,194.3,VRF_UUID:cde66adc-7a34-a14d-bd51-a3df4032e6a1,NaN,-90.000000,NaN
POS,194.3,VRF_UUID:d8e79056-a379-5fef-abcf-df0631b79d20,34.612956,-116.597939,1038.2
POS,194.3,VRF_UUID:f0be86a8-f2ca-5234-b0bd-f5980e7ef032,34.612956,-116.597153,1037.3
POS,194.3,VRF_UUID:f864e51f-e571-704f-92e4-108201ec1049,NaN,-90.000000,NaN
# t=194.3s reflected=13 readable=8
POS,199.4,VRF_UUID:0e260e7f-c8a1-52bb-b7c3-256454002955,34.612956,-116.597395,1037.6
POS,199.4,VRF_UUID:46f23295-9ede-5a0b-b8cf-5dd3eaf284dc,NaN,-90.000000,NaN
POS,199.4,VRF_UUID:8758a365-7839-5f5d-addd-8e37f4b4f8dd,34.612956,-116.596921,1037.1
POS,199.4,VRF_UUID:c284154a-3f9e-588f-afc9-66467b594b4c,34.612956,-116.596355,1036.4
POS,199.4,VRF_UUID:cde66adc-7a34-a14d-bd51-a3df4032e6a1,NaN,-90.000000,NaN
POS,199.4,VRF_UUID:d8e79056-a379-5fef-abcf-df0631b79d20,34.612956,-116.597939,1038.2
POS,199.4,VRF_UUID:f0be86a8-f2ca-5234-b0bd-f5980e7ef032,34.612956,-116.597153,1037.3
POS,199.4,VRF_UUID:f864e51f-e571-704f-92e4-108201ec1049,NaN,-90.000000,NaN
# t=199.4s reflected=13 readable=8
POS,204.4,VRF_UUID:0e260e7f-c8a1-52bb-b7c3-256454002955,34.612956,-116.597395,1037.6
POS,204.4,VRF_UUID:46f23295-9ede-5a0b-b8cf-5dd3eaf284dc,NaN,-90.000000,NaN
POS,204.4,VRF_UUID:8758a365-7839-5f5d-addd-8e37f4b4f8dd,34.612956,-116.596921,1037.1
POS,204.4,VRF_UUID:c284154a-3f9e-588f-afc9-66467b594b4c,34.612956,-116.596355,1036.4
POS,204.4,VRF_UUID:cde66adc-7a34-a14d-bd51-a3df4032e6a1,NaN,-90.000000,NaN
POS,204.4,VRF_UUID:d8e79056-a379-5fef-abcf-df0631b79d20,34.612956,-116.597939,1038.2
POS,204.4,VRF_UUID:f0be86a8-f2ca-5234-b0bd-f5980e7ef032,34.612956,-116.597153,1037.3
POS,204.4,VRF_UUID:f864e51f-e571-704f-92e4-108201ec1049,NaN,-90.000000,NaN
# t=204.4s reflected=13 readable=8
POS,209.4,VRF_UUID:0e260e7f-c8a1-52bb-b7c3-256454002955,34.612956,-116.597395,1037.6
POS,209.4,VRF_UUID:46f23295-9ede-5a0b-b8cf-5dd3eaf284dc,NaN,-90.000000,NaN
POS,209.4,VRF_UUID:8758a365-7839-5f5d-addd-8e37f4b4f8dd,34.612956,-116.596921,1037.1
POS,209.4,VRF_UUID:c284154a-3f9e-588f-afc9-66467b594b4c,34.612956,-116.596355,1036.4
POS,209.4,VRF_UUID:cde66adc-7a34-a14d-bd51-a3df4032e6a1,NaN,-90.000000,NaN
POS,209.4,VRF_UUID:d8e79056-a379-5fef-abcf-df0631b79d20,34.612956,-116.597939,1038.2
POS,209.4,VRF_UUID:f0be86a8-f2ca-5234-b0bd-f5980e7ef032,34.612956,-116.597153,1037.3
POS,209.4,VRF_UUID:f864e51f-e571-704f-92e4-108201ec1049,NaN,-90.000000,NaN
# t=209.4s reflected=13 readable=8
RPT,214.1,"POSITION ""M1A2 2"" 34.612956 -116.597939"
RPT,214.2,"POSITION ""M1A2 4"" 34.612956 -116.596355"
POS,214.4,VRF_UUID:0e260e7f-c8a1-52bb-b7c3-256454002955,34.612956,-116.597395,1037.6
POS,214.4,VRF_UUID:46f23295-9ede-5a0b-b8cf-5dd3eaf284dc,NaN,-90.000000,NaN
POS,214.4,VRF_UUID:8758a365-7839-5f5d-addd-8e37f4b4f8dd,34.612956,-116.596921,1037.1
POS,214.4,VRF_UUID:c284154a-3f9e-588f-afc9-66467b594b4c,34.612956,-116.596355,1036.4
POS,214.4,VRF_UUID:cde66adc-7a34-a14d-bd51-a3df4032e6a1,NaN,-90.000000,NaN
POS,214.4,VRF_UUID:d8e79056-a379-5fef-abcf-df0631b79d20,34.612956,-116.597939,1038.2
POS,214.4,VRF_UUID:f0be86a8-f2ca-5234-b0bd-f5980e7ef032,34.612956,-116.597153,1037.3
POS,214.4,VRF_UUID:f864e51f-e571-704f-92e4-108201ec1049,NaN,-90.000000,NaN
# t=214.4s reflected=13 readable=8
RPT,214.7,"POSITION ""M1A2 3"" 34.612956 -116.596921"
RPT,215.1,"POSITION ""M1A2 1"" 34.612956 -116.597395"
POS,219.4,VRF_UUID:0e260e7f-c8a1-52bb-b7c3-256454002955,34.612956,-116.597395,1037.6
POS,219.4,VRF_UUID:46f23295-9ede-5a0b-b8cf-5dd3eaf284dc,NaN,-90.000000,NaN
POS,219.4,VRF_UUID:8758a365-7839-5f5d-addd-8e37f4b4f8dd,34.612956,-116.596921,1037.1
POS,219.4,VRF_UUID:c284154a-3f9e-588f-afc9-66467b594b4c,34.612956,-116.596355,1036.4
POS,219.4,VRF_UUID:cde66adc-7a34-a14d-bd51-a3df4032e6a1,NaN,-90.000000,NaN
POS,219.4,VRF_UUID:d8e79056-a379-5fef-abcf-df0631b79d20,34.612956,-116.597939,1038.2
POS,219.4,VRF_UUID:f0be86a8-f2ca-5234-b0bd-f5980e7ef032,34.612956,-116.597153,1037.3
POS,219.4,VRF_UUID:f864e51f-e571-704f-92e4-108201ec1049,NaN,-90.000000,NaN
# t=219.4s reflected=13 readable=8
RPT,224.2,"POSITION ""AR Plt 1"" 34.612956 -116.597153"
POS,224.4,VRF_UUID:0e260e7f-c8a1-52bb-b7c3-256454002955,34.612956,-116.597395,1037.6
POS,224.4,VRF_UUID:46f23295-9ede-5a0b-b8cf-5dd3eaf284dc,NaN,-90.000000,NaN
POS,224.4,VRF_UUID:8758a365-7839-5f5d-addd-8e37f4b4f8dd,34.612956,-116.596921,1037.1
POS,224.4,VRF_UUID:c284154a-3f9e-588f-afc9-66467b594b4c,34.612956,-116.596355,1036.4
POS,224.4,VRF_UUID:cde66adc-7a34-a14d-bd51-a3df4032e6a1,NaN,-90.000000,NaN
POS,224.4,VRF_UUID:d8e79056-a379-5fef-abcf-df0631b79d20,34.612956,-116.597939,1038.2
POS,224.4,VRF_UUID:f0be86a8-f2ca-5234-b0bd-f5980e7ef032,34.612956,-116.597153,1037.3
POS,224.4,VRF_UUID:f864e51f-e571-704f-92e4-108201ec1049,NaN,-90.000000,NaN
# t=224.4s reflected=13 readable=8
POS,229.5,VRF_UUID:0e260e7f-c8a1-52bb-b7c3-256454002955,34.612956,-116.597395,1037.6
POS,229.5,VRF_UUID:46f23295-9ede-5a0b-b8cf-5dd3eaf284dc,NaN,-90.000000,NaN
POS,229.5,VRF_UUID:8758a365-7839-5f5d-addd-8e37f4b4f8dd,34.612956,-116.596921,1037.1
POS,229.5,VRF_UUID:c284154a-3f9e-588f-afc9-66467b594b4c,34.612956,-116.596355,1036.4
POS,229.5,VRF_UUID:cde66adc-7a34-a14d-bd51-a3df4032e6a1,NaN,-90.000000,NaN
POS,229.5,VRF_UUID:d8e79056-a379-5fef-abcf-df0631b79d20,34.612956,-116.597939,1038.2
POS,229.5,VRF_UUID:f0be86a8-f2ca-5234-b0bd-f5980e7ef032,34.612956,-116.597153,1037.3
POS,229.5,VRF_UUID:f864e51f-e571-704f-92e4-108201ec1049,NaN,-90.000000,NaN
# t=229.5s reflected=13 readable=8
POS,234.5,VRF_UUID:0e260e7f-c8a1-52bb-b7c3-256454002955,34.612956,-116.597395,1037.6
POS,234.5,VRF_UUID:46f23295-9ede-5a0b-b8cf-5dd3eaf284dc,NaN,-90.000000,NaN
POS,234.5,VRF_UUID:8758a365-7839-5f5d-addd-8e37f4b4f8dd,34.612956,-116.596921,1037.1
POS,234.5,VRF_UUID:c284154a-3f9e-588f-afc9-66467b594b4c,34.612956,-116.596355,1036.4
POS,234.5,VRF_UUID:cde66adc-7a34-a14d-bd51-a3df4032e6a1,NaN,-90.000000,NaN
POS,234.5,VRF_UUID:d8e79056-a379-5fef-abcf-df0631b79d20,34.612956,-116.597939,1038.2
POS,234.5,VRF_UUID:f0be86a8-f2ca-5234-b0bd-f5980e7ef032,34.612956,-116.597153,1037.3
POS,234.5,VRF_UUID:f864e51f-e571-704f-92e4-108201ec1049,NaN,-90.000000,NaN
# t=234.5s reflected=13 readable=8
POS,239.5,VRF_UUID:0e260e7f-c8a1-52bb-b7c3-256454002955,34.612956,-116.597395,1037.6
POS,239.5,VRF_UUID:46f23295-9ede-5a0b-b8cf-5dd3eaf284dc,NaN,-90.000000,NaN
POS,239.5,VRF_UUID:8758a365-7839-5f5d-addd-8e37f4b4f8dd,34.612956,-116.596921,1037.1
POS,239.5,VRF_UUID:c284154a-3f9e-588f-afc9-66467b594b4c,34.612956,-116.596355,1036.4
POS,239.5,VRF_UUID:cde66adc-7a34-a14d-bd51-a3df4032e6a1,NaN,-90.000000,NaN
POS,239.5,VRF_UUID:d8e79056-a379-5fef-abcf-df0631b79d20,34.612956,-116.597939,1038.2
POS,239.5,VRF_UUID:f0be86a8-f2ca-5234-b0bd-f5980e7ef032,34.612956,-116.597153,1037.3
POS,239.5,VRF_UUID:f864e51f-e571-704f-92e4-108201ec1049,NaN,-90.000000,NaN
# t=239.5s reflected=13 readable=8
POS,244.5,VRF_UUID:0e260e7f-c8a1-52bb-b7c3-256454002955,34.612956,-116.597395,1037.6
POS,244.5,VRF_UUID:46f23295-9ede-5a0b-b8cf-5dd3eaf284dc,NaN,-90.000000,NaN
POS,244.5,VRF_UUID:8758a365-7839-5f5d-addd-8e37f4b4f8dd,34.612956,-116.596921,1037.1
POS,244.5,VRF_UUID:c284154a-3f9e-588f-afc9-66467b594b4c,34.612956,-116.596355,1036.4
POS,244.5,VRF_UUID:cde66adc-7a34-a14d-bd51-a3df4032e6a1,NaN,-90.000000,NaN
POS,244.5,VRF_UUID:d8e79056-a379-5fef-abcf-df0631b79d20,34.612956,-116.597939,1038.2
POS,244.5,VRF_UUID:f0be86a8-f2ca-5234-b0bd-f5980e7ef032,34.612956,-116.597153,1037.3
POS,244.5,VRF_UUID:f864e51f-e571-704f-92e4-108201ec1049,NaN,-90.000000,NaN
# t=244.5s reflected=13 readable=8
POS,249.5,VRF_UUID:0e260e7f-c8a1-52bb-b7c3-256454002955,34.612956,-116.597395,1037.6
POS,249.5,VRF_UUID:46f23295-9ede-5a0b-b8cf-5dd3eaf284dc,NaN,-90.000000,NaN
POS,249.5,VRF_UUID:8758a365-7839-5f5d-addd-8e37f4b4f8dd,34.612956,-116.596921,1037.1
POS,249.5,VRF_UUID:c284154a-3f9e-588f-afc9-66467b594b4c,34.612956,-116.596355,1036.4
POS,249.5,VRF_UUID:cde66adc-7a34-a14d-bd51-a3df4032e6a1,NaN,-90.000000,NaN
POS,249.5,VRF_UUID:d8e79056-a379-5fef-abcf-df0631b79d20,34.612956,-116.597939,1038.2
POS,249.5,VRF_UUID:f0be86a8-f2ca-5234-b0bd-f5980e7ef032,34.612956,-116.597153,1037.3
POS,249.5,VRF_UUID:f864e51f-e571-704f-92e4-108201ec1049,NaN,-90.000000,NaN
# t=249.5s reflected=13 readable=8
POS,254.5,VRF_UUID:0e260e7f-c8a1-52bb-b7c3-256454002955,34.612956,-116.597395,1037.6
POS,254.5,VRF_UUID:46f23295-9ede-5a0b-b8cf-5dd3eaf284dc,NaN,-90.000000,NaN
POS,254.5,VRF_UUID:8758a365-7839-5f5d-addd-8e37f4b4f8dd,34.612956,-116.596921,1037.1
POS,254.5,VRF_UUID:c284154a-3f9e-588f-afc9-66467b594b4c,34.612956,-116.596355,1036.4
POS,254.5,VRF_UUID:cde66adc-7a34-a14d-bd51-a3df4032e6a1,NaN,-90.000000,NaN
POS,254.5,VRF_UUID:d8e79056-a379-5fef-abcf-df0631b79d20,34.612956,-116.597939,1038.2
POS,254.5,VRF_UUID:f0be86a8-f2ca-5234-b0bd-f5980e7ef032,34.612956,-116.597153,1037.3
POS,254.5,VRF_UUID:f864e51f-e571-704f-92e4-108201ec1049,NaN,-90.000000,NaN
# t=254.5s reflected=13 readable=8
POS,259.6,VRF_UUID:0e260e7f-c8a1-52bb-b7c3-256454002955,34.612956,-116.597395,1037.6
POS,259.6,VRF_UUID:46f23295-9ede-5a0b-b8cf-5dd3eaf284dc,NaN,-90.000000,NaN
POS,259.6,VRF_UUID:8758a365-7839-5f5d-addd-8e37f4b4f8dd,34.612956,-116.596921,1037.1
POS,259.6,VRF_UUID:c284154a-3f9e-588f-afc9-66467b594b4c,34.612956,-116.596355,1036.4
POS,259.6,VRF_UUID:cde66adc-7a34-a14d-bd51-a3df4032e6a1,NaN,-90.000000,NaN
POS,259.6,VRF_UUID:d8e79056-a379-5fef-abcf-df0631b79d20,34.612956,-116.597939,1038.2
POS,259.6,VRF_UUID:f0be86a8-f2ca-5234-b0bd-f5980e7ef032,34.612956,-116.597153,1037.3
POS,259.6,VRF_UUID:f864e51f-e571-704f-92e4-108201ec1049,NaN,-90.000000,NaN
# t=259.6s reflected=13 readable=8
POS,264.6,VRF_UUID:0e260e7f-c8a1-52bb-b7c3-256454002955,34.612956,-116.597395,1037.6
POS,264.6,VRF_UUID:46f23295-9ede-5a0b-b8cf-5dd3eaf284dc,NaN,-90.000000,NaN
POS,264.6,VRF_UUID:8758a365-7839-5f5d-addd-8e37f4b4f8dd,34.612956,-116.596921,1037.1
POS,264.6,VRF_UUID:c284154a-3f9e-588f-afc9-66467b594b4c,34.612956,-116.596355,1036.4
POS,264.6,VRF_UUID:cde66adc-7a34-a14d-bd51-a3df4032e6a1,NaN,-90.000000,NaN
POS,264.6,VRF_UUID:d8e79056-a379-5fef-abcf-df0631b79d20,34.612956,-116.597939,1038.2
POS,264.6,VRF_UUID:f0be86a8-f2ca-5234-b0bd-f5980e7ef032,34.612956,-116.597153,1037.3
POS,264.6,VRF_UUID:f864e51f-e571-704f-92e4-108201ec1049,NaN,-90.000000,NaN
# t=264.6s reflected=13 readable=8
POS,269.6,VRF_UUID:0e260e7f-c8a1-52bb-b7c3-256454002955,34.612956,-116.597395,1037.6
POS,269.6,VRF_UUID:46f23295-9ede-5a0b-b8cf-5dd3eaf284dc,NaN,-90.000000,NaN
POS,269.6,VRF_UUID:8758a365-7839-5f5d-addd-8e37f4b4f8dd,34.612956,-116.596921,1037.1
POS,269.6,VRF_UUID:c284154a-3f9e-588f-afc9-66467b594b4c,34.612956,-116.596355,1036.4
POS,269.6,VRF_UUID:cde66adc-7a34-a14d-bd51-a3df4032e6a1,NaN,-90.000000,NaN
POS,269.6,VRF_UUID:d8e79056-a379-5fef-abcf-df0631b79d20,34.612956,-116.597939,1038.2
POS,269.6,VRF_UUID:f0be86a8-f2ca-5234-b0bd-f5980e7ef032,34.612956,-116.597153,1037.3
POS,269.6,VRF_UUID:f864e51f-e571-704f-92e4-108201ec1049,NaN,-90.000000,NaN
# t=269.6s reflected=13 readable=8
POS,274.6,VRF_UUID:0e260e7f-c8a1-52bb-b7c3-256454002955,34.612956,-116.597395,1037.6
POS,274.6,VRF_UUID:46f23295-9ede-5a0b-b8cf-5dd3eaf284dc,NaN,-90.000000,NaN
POS,274.6,VRF_UUID:8758a365-7839-5f5d-addd-8e37f4b4f8dd,34.612956,-116.596921,1037.1
POS,274.6,VRF_UUID:c284154a-3f9e-588f-afc9-66467b594b4c,34.612956,-116.596355,1036.4
POS,274.6,VRF_UUID:cde66adc-7a34-a14d-bd51-a3df4032e6a1,NaN,-90.000000,NaN
POS,274.6,VRF_UUID:d8e79056-a379-5fef-abcf-df0631b79d20,34.612956,-116.597939,1038.2
POS,274.6,VRF_UUID:f0be86a8-f2ca-5234-b0bd-f5980e7ef032,34.612956,-116.597153,1037.3
POS,274.6,VRF_UUID:f864e51f-e571-704f-92e4-108201ec1049,NaN,-90.000000,NaN
# t=274.6s reflected=13 readable=8
RPT,274.8,"POSITION ""M1A2 2"" 34.612956 -116.597939"
RPT,276.4,"POSITION ""M1A2 4"" 34.612956 -116.596355"
RPT,276.8,"POSITION ""M1A2 3"" 34.612956 -116.596921"
RPT,277.4,"POSITION ""M1A2 1"" 34.612956 -116.597395"
POS,279.6,VRF_UUID:0e260e7f-c8a1-52bb-b7c3-256454002955,34.612956,-116.597395,1037.6
POS,279.6,VRF_UUID:46f23295-9ede-5a0b-b8cf-5dd3eaf284dc,NaN,-90.000000,NaN
POS,279.6,VRF_UUID:8758a365-7839-5f5d-addd-8e37f4b4f8dd,34.612956,-116.596921,1037.1
POS,279.6,VRF_UUID:c284154a-3f9e-588f-afc9-66467b594b4c,34.612956,-116.596355,1036.4
POS,279.6,VRF_UUID:cde66adc-7a34-a14d-bd51-a3df4032e6a1,NaN,-90.000000,NaN
POS,279.6,VRF_UUID:d8e79056-a379-5fef-abcf-df0631b79d20,34.612956,-116.597939,1038.2
POS,279.6,VRF_UUID:f0be86a8-f2ca-5234-b0bd-f5980e7ef032,34.612956,-116.597153,1037.3
POS,279.6,VRF_UUID:f864e51f-e571-704f-92e4-108201ec1049,NaN,-90.000000,NaN
# t=279.6s reflected=13 readable=8
POS,284.7,VRF_UUID:0e260e7f-c8a1-52bb-b7c3-256454002955,34.612956,-116.597395,1037.6
POS,284.7,VRF_UUID:46f23295-9ede-5a0b-b8cf-5dd3eaf284dc,NaN,-90.000000,NaN
POS,284.7,VRF_UUID:8758a365-7839-5f5d-addd-8e37f4b4f8dd,34.612956,-116.596921,1037.1
POS,284.7,VRF_UUID:c284154a-3f9e-588f-afc9-66467b594b4c,34.612956,-116.596355,1036.4
POS,284.7,VRF_UUID:cde66adc-7a34-a14d-bd51-a3df4032e6a1,NaN,-90.000000,NaN
POS,284.7,VRF_UUID:d8e79056-a379-5fef-abcf-df0631b79d20,34.612956,-116.597939,1038.2
POS,284.7,VRF_UUID:f0be86a8-f2ca-5234-b0bd-f5980e7ef032,34.612956,-116.597153,1037.3
POS,284.7,VRF_UUID:f864e51f-e571-704f-92e4-108201ec1049,NaN,-90.000000,NaN
# t=284.7s reflected=13 readable=8
RPT,284.7,"POSITION ""AR Plt 1"" 34.612956 -116.597153"
POS,289.7,VRF_UUID:0e260e7f-c8a1-52bb-b7c3-256454002955,34.612956,-116.597395,1037.6
POS,289.7,VRF_UUID:46f23295-9ede-5a0b-b8cf-5dd3eaf284dc,NaN,-90.000000,NaN
POS,289.7,VRF_UUID:8758a365-7839-5f5d-addd-8e37f4b4f8dd,34.612956,-116.596921,1037.1
POS,289.7,VRF_UUID:c284154a-3f9e-588f-afc9-66467b594b4c,34.612956,-116.596355,1036.4
POS,289.7,VRF_UUID:cde66adc-7a34-a14d-bd51-a3df4032e6a1,NaN,-90.000000,NaN
POS,289.7,VRF_UUID:d8e79056-a379-5fef-abcf-df0631b79d20,34.612956,-116.597939,1038.2
POS,289.7,VRF_UUID:f0be86a8-f2ca-5234-b0bd-f5980e7ef032,34.612956,-116.597153,1037.3
POS,289.7,VRF_UUID:f864e51f-e571-704f-92e4-108201ec1049,NaN,-90.000000,NaN
# t=289.7s reflected=13 readable=8
POS,294.7,VRF_UUID:0e260e7f-c8a1-52bb-b7c3-256454002955,34.612956,-116.597395,1037.6
POS,294.7,VRF_UUID:46f23295-9ede-5a0b-b8cf-5dd3eaf284dc,NaN,-90.000000,NaN
POS,294.7,VRF_UUID:8758a365-7839-5f5d-addd-8e37f4b4f8dd,34.612956,-116.596921,1037.1
POS,294.7,VRF_UUID:c284154a-3f9e-588f-afc9-66467b594b4c,34.612956,-116.596355,1036.4
POS,294.7,VRF_UUID:cde66adc-7a34-a14d-bd51-a3df4032e6a1,NaN,-90.000000,NaN
POS,294.7,VRF_UUID:d8e79056-a379-5fef-abcf-df0631b79d20,34.612956,-116.597939,1038.2
POS,294.7,VRF_UUID:f0be86a8-f2ca-5234-b0bd-f5980e7ef032,34.612956,-116.597153,1037.3
POS,294.7,VRF_UUID:f864e51f-e571-704f-92e4-108201ec1049,NaN,-90.000000,NaN
# t=294.7s reflected=13 readable=8
POS,299.8,VRF_UUID:0e260e7f-c8a1-52bb-b7c3-256454002955,34.612956,-116.597395,1037.6
POS,299.8,VRF_UUID:46f23295-9ede-5a0b-b8cf-5dd3eaf284dc,NaN,-90.000000,NaN
POS,299.8,VRF_UUID:8758a365-7839-5f5d-addd-8e37f4b4f8dd,34.612956,-116.596921,1037.1
POS,299.8,VRF_UUID:c284154a-3f9e-588f-afc9-66467b594b4c,34.612956,-116.596355,1036.4
POS,299.8,VRF_UUID:cde66adc-7a34-a14d-bd51-a3df4032e6a1,NaN,-90.000000,NaN
POS,299.8,VRF_UUID:d8e79056-a379-5fef-abcf-df0631b79d20,34.612956,-116.597939,1038.2
POS,299.8,VRF_UUID:f0be86a8-f2ca-5234-b0bd-f5980e7ef032,34.612956,-116.597153,1037.3
POS,299.8,VRF_UUID:f864e51f-e571-704f-92e4-108201ec1049,NaN,-90.000000,NaN
# t=299.8s reflected=13 readable=8
POS,304.8,VRF_UUID:0e260e7f-c8a1-52bb-b7c3-256454002955,34.612956,-116.597395,1037.6
POS,304.8,VRF_UUID:46f23295-9ede-5a0b-b8cf-5dd3eaf284dc,NaN,-90.000000,NaN
POS,304.8,VRF_UUID:8758a365-7839-5f5d-addd-8e37f4b4f8dd,34.612956,-116.596921,1037.1
POS,304.8,VRF_UUID:c284154a-3f9e-588f-afc9-66467b594b4c,34.612956,-116.596355,1036.4
POS,304.8,VRF_UUID:cde66adc-7a34-a14d-bd51-a3df4032e6a1,NaN,-90.000000,NaN
POS,304.8,VRF_UUID:d8e79056-a379-5fef-abcf-df0631b79d20,34.612956,-116.597939,1038.2
POS,304.8,VRF_UUID:f0be86a8-f2ca-5234-b0bd-f5980e7ef032,34.612956,-116.597153,1037.3
POS,304.8,VRF_UUID:f864e51f-e571-704f-92e4-108201ec1049,NaN,-90.000000,NaN
# t=304.8s reflected=13 readable=8
POS,309.8,VRF_UUID:0e260e7f-c8a1-52bb-b7c3-256454002955,34.612956,-116.597395,1037.6
POS,309.8,VRF_UUID:46f23295-9ede-5a0b-b8cf-5dd3eaf284dc,NaN,-90.000000,NaN
POS,309.8,VRF_UUID:8758a365-7839-5f5d-addd-8e37f4b4f8dd,34.612956,-116.596921,1037.1
POS,309.8,VRF_UUID:c284154a-3f9e-588f-afc9-66467b594b4c,34.612956,-116.596355,1036.4
POS,309.8,VRF_UUID:cde66adc-7a34-a14d-bd51-a3df4032e6a1,NaN,-90.000000,NaN
POS,309.8,VRF_UUID:d8e79056-a379-5fef-abcf-df0631b79d20,34.612956,-116.597939,1038.2
POS,309.8,VRF_UUID:f0be86a8-f2ca-5234-b0bd-f5980e7ef032,34.612956,-116.597153,1037.3
POS,309.8,VRF_UUID:f864e51f-e571-704f-92e4-108201ec1049,NaN,-90.000000,NaN
# t=309.8s reflected=13 readable=8
POS,314.9,VRF_UUID:0e260e7f-c8a1-52bb-b7c3-256454002955,34.612956,-116.597395,1037.6
POS,314.9,VRF_UUID:46f23295-9ede-5a0b-b8cf-5dd3eaf284dc,NaN,-90.000000,NaN
POS,314.9,VRF_UUID:8758a365-7839-5f5d-addd-8e37f4b4f8dd,34.612956,-116.596921,1037.1
POS,314.9,VRF_UUID:c284154a-3f9e-588f-afc9-66467b594b4c,34.612956,-116.596355,1036.4
POS,314.9,VRF_UUID:cde66adc-7a34-a14d-bd51-a3df4032e6a1,NaN,-90.000000,NaN
POS,314.9,VRF_UUID:d8e79056-a379-5fef-abcf-df0631b79d20,34.612956,-116.597939,1038.2
POS,314.9,VRF_UUID:f0be86a8-f2ca-5234-b0bd-f5980e7ef032,34.612956,-116.597153,1037.3
POS,314.9,VRF_UUID:f864e51f-e571-704f-92e4-108201ec1049,NaN,-90.000000,NaN
# t=314.9s reflected=13 readable=8
POS,319.9,VRF_UUID:0e260e7f-c8a1-52bb-b7c3-256454002955,34.612956,-116.597395,1037.6
POS,319.9,VRF_UUID:46f23295-9ede-5a0b-b8cf-5dd3eaf284dc,NaN,-90.000000,NaN
POS,319.9,VRF_UUID:8758a365-7839-5f5d-addd-8e37f4b4f8dd,34.612956,-116.596921,1037.1
POS,319.9,VRF_UUID:c284154a-3f9e-588f-afc9-66467b594b4c,34.612956,-116.596355,1036.4
POS,319.9,VRF_UUID:cde66adc-7a34-a14d-bd51-a3df4032e6a1,NaN,-90.000000,NaN
POS,319.9,VRF_UUID:d8e79056-a379-5fef-abcf-df0631b79d20,34.612956,-116.597939,1038.2
POS,319.9,VRF_UUID:f0be86a8-f2ca-5234-b0bd-f5980e7ef032,34.612956,-116.597153,1037.3
POS,319.9,VRF_UUID:f864e51f-e571-704f-92e4-108201ec1049,NaN,-90.000000,NaN
# t=319.9s reflected=13 readable=8
POS,324.9,VRF_UUID:0e260e7f-c8a1-52bb-b7c3-256454002955,34.612956,-116.597395,1037.6
POS,324.9,VRF_UUID:46f23295-9ede-5a0b-b8cf-5dd3eaf284dc,NaN,-90.000000,NaN
POS,324.9,VRF_UUID:8758a365-7839-5f5d-addd-8e37f4b4f8dd,34.612956,-116.596921,1037.1
POS,324.9,VRF_UUID:c284154a-3f9e-588f-afc9-66467b594b4c,34.612956,-116.596355,1036.4
POS,324.9,VRF_UUID:cde66adc-7a34-a14d-bd51-a3df4032e6a1,NaN,-90.000000,NaN
POS,324.9,VRF_UUID:d8e79056-a379-5fef-abcf-df0631b79d20,34.612956,-116.597939,1038.2
POS,324.9,VRF_UUID:f0be86a8-f2ca-5234-b0bd-f5980e7ef032,34.612956,-116.597153,1037.3
POS,324.9,VRF_UUID:f864e51f-e571-704f-92e4-108201ec1049,NaN,-90.000000,NaN
# t=324.9s reflected=13 readable=8
POS,330,VRF_UUID:0e260e7f-c8a1-52bb-b7c3-256454002955,34.612956,-116.597395,1037.6
POS,330,VRF_UUID:46f23295-9ede-5a0b-b8cf-5dd3eaf284dc,NaN,-90.000000,NaN
POS,330,VRF_UUID:8758a365-7839-5f5d-addd-8e37f4b4f8dd,34.612956,-116.596921,1037.1
POS,330,VRF_UUID:c284154a-3f9e-588f-afc9-66467b594b4c,34.612956,-116.596355,1036.4
POS,330,VRF_UUID:cde66adc-7a34-a14d-bd51-a3df4032e6a1,NaN,-90.000000,NaN
POS,330,VRF_UUID:d8e79056-a379-5fef-abcf-df0631b79d20,34.612956,-116.597939,1038.2
POS,330,VRF_UUID:f0be86a8-f2ca-5234-b0bd-f5980e7ef032,34.612956,-116.597153,1037.3
POS,330,VRF_UUID:f864e51f-e571-704f-92e4-108201ec1049,NaN,-90.000000,NaN
# t=330s reflected=13 readable=8
POS,335,VRF_UUID:0e260e7f-c8a1-52bb-b7c3-256454002955,34.612956,-116.597395,1037.6
POS,335,VRF_UUID:46f23295-9ede-5a0b-b8cf-5dd3eaf284dc,NaN,-90.000000,NaN
POS,335,VRF_UUID:8758a365-7839-5f5d-addd-8e37f4b4f8dd,34.612956,-116.596921,1037.1
POS,335,VRF_UUID:c284154a-3f9e-588f-afc9-66467b594b4c,34.612956,-116.596355,1036.4
POS,335,VRF_UUID:cde66adc-7a34-a14d-bd51-a3df4032e6a1,NaN,-90.000000,NaN
POS,335,VRF_UUID:d8e79056-a379-5fef-abcf-df0631b79d20,34.612956,-116.597939,1038.2
POS,335,VRF_UUID:f0be86a8-f2ca-5234-b0bd-f5980e7ef032,34.612956,-116.597153,1037.3
POS,335,VRF_UUID:f864e51f-e571-704f-92e4-108201ec1049,NaN,-90.000000,NaN
# t=335s reflected=13 readable=8
RPT,335.9,"POSITION ""M1A2 2"" 34.612956 -116.597939"
RPT,337.6,"POSITION ""M1A2 3"" 34.612956 -116.596921"
RPT,337.8,"POSITION ""M1A2 4"" 34.612956 -116.596355"
RPT,338.7,"POSITION ""M1A2 1"" 34.612956 -116.597395"
POS,340.1,VRF_UUID:0e260e7f-c8a1-52bb-b7c3-256454002955,34.612956,-116.597395,1037.6
POS,340.1,VRF_UUID:46f23295-9ede-5a0b-b8cf-5dd3eaf284dc,NaN,-90.000000,NaN
POS,340.1,VRF_UUID:8758a365-7839-5f5d-addd-8e37f4b4f8dd,34.612956,-116.596921,1037.1
POS,340.1,VRF_UUID:c284154a-3f9e-588f-afc9-66467b594b4c,34.612956,-116.596355,1036.4
POS,340.1,VRF_UUID:cde66adc-7a34-a14d-bd51-a3df4032e6a1,NaN,-90.000000,NaN
POS,340.1,VRF_UUID:d8e79056-a379-5fef-abcf-df0631b79d20,34.612956,-116.597939,1038.2
POS,340.1,VRF_UUID:f0be86a8-f2ca-5234-b0bd-f5980e7ef032,34.612956,-116.597153,1037.3
POS,340.1,VRF_UUID:f864e51f-e571-704f-92e4-108201ec1049,NaN,-90.000000,NaN
# t=340.1s reflected=13 readable=8
[..] bridge.Stop() - resigning...
[OK] resigned cleanly.
