checking for RDTSCP instruction...Success.  Using RDTSCP for time
RDTSCP Timing Probe: 2444111511 ticks per second
=== WatchVrf - position + Object Console telemetry (R3 / groundwork 0.6) ===
    federation=CWIX-2024 appNumber=3575 duration=30s sample=5s

[..] bridge.Start() - joining the federation...
Using MAK Technologies' RTI version 4.6.1 HLA 1516-2010 for Microsoft Visual C++ version 14.0 Release Mode.
Connected to RTI Assistant.
Loading Config File: C:\MAK\makRti4.6.1\rid.mtl
INFO[Util] 14:32:55.704 T:48024 MAK::DtInitializer::loadConfigScript: Loading config file: vrfLegion.lua
[OK] joined; discovering + sampling (POS,t,uuid,lat,lon,alt ; CON,t,uuid,level,msg ; TSK,t,marking,taskType ; RPT,t,text)...
POS,3,VRF_UUID:0e8b9d56-ea95-5c7c-ac1a-8444d532b1b3,34.612956,-116.600487,1041.0
POS,3,VRF_UUID:29c7ec8a-286e-55e8-a092-e46cb3d6f5a2,34.612866,-116.600105,1041.0
POS,3,VRF_UUID:7a42a73f-ccdf-5c4a-b51a-d46d8b6e2347,34.612595,-116.600487,1041.0
POS,3,VRF_UUID:9b1d408d-cb09-5e5a-aa33-a28c7f8d625f,34.612821,-116.600487,1041.0
POS,3,VRF_UUID:a36ca22e-f386-527a-bbec-961f79281285,34.612866,-116.600869,1041.0
POS,3,VRF_UUID:cde66adc-7a34-a14d-bd51-a3df4032e6a1,NaN,-90.000000,NaN
POS,3,VRF_UUID:d0e68297-a541-5552-b486-58d85437f9a2,NaN,-90.000000,NaN
POS,3,VRF_UUID:f864e51f-e571-704f-92e4-108201ec1049,NaN,-90.000000,NaN
# t=3s reflected=9 readable=8
POS,8,VRF_UUID:0e8b9d56-ea95-5c7c-ac1a-8444d532b1b3,34.612956,-116.600487,1041.0
POS,8,VRF_UUID:29c7ec8a-286e-55e8-a092-e46cb3d6f5a2,34.612866,-116.600105,1041.0
POS,8,VRF_UUID:7a42a73f-ccdf-5c4a-b51a-d46d8b6e2347,34.612595,-116.600487,1041.0
POS,8,VRF_UUID:9b1d408d-cb09-5e5a-aa33-a28c7f8d625f,34.612821,-116.600487,1041.0
POS,8,VRF_UUID:a36ca22e-f386-527a-bbec-961f79281285,34.612866,-116.600869,1041.0
POS,8,VRF_UUID:cde66adc-7a34-a14d-bd51-a3df4032e6a1,NaN,-90.000000,NaN
POS,8,VRF_UUID:d0e68297-a541-5552-b486-58d85437f9a2,NaN,-90.000000,NaN
POS,8,VRF_UUID:f864e51f-e571-704f-92e4-108201ec1049,NaN,-90.000000,NaN
# t=8s reflected=9 readable=8
POS,13.1,VRF_UUID:0e8b9d56-ea95-5c7c-ac1a-8444d532b1b3,34.612956,-116.600487,1041.0
POS,13.1,VRF_UUID:29c7ec8a-286e-55e8-a092-e46cb3d6f5a2,34.612866,-116.600105,1041.0
POS,13.1,VRF_UUID:7a42a73f-ccdf-5c4a-b51a-d46d8b6e2347,34.612595,-116.600487,1041.0
POS,13.1,VRF_UUID:9b1d408d-cb09-5e5a-aa33-a28c7f8d625f,34.612821,-116.600487,1041.0
POS,13.1,VRF_UUID:a36ca22e-f386-527a-bbec-961f79281285,34.612866,-116.600869,1041.0
POS,13.1,VRF_UUID:cde66adc-7a34-a14d-bd51-a3df4032e6a1,NaN,-90.000000,NaN
POS,13.1,VRF_UUID:d0e68297-a541-5552-b486-58d85437f9a2,NaN,-90.000000,NaN
POS,13.1,VRF_UUID:f864e51f-e571-704f-92e4-108201ec1049,NaN,-90.000000,NaN
# t=13.1s reflected=9 readable=8
POS,18.1,VRF_UUID:0e8b9d56-ea95-5c7c-ac1a-8444d532b1b3,34.612956,-116.600487,1041.0
POS,18.1,VRF_UUID:29c7ec8a-286e-55e8-a092-e46cb3d6f5a2,34.612866,-116.600105,1041.0
POS,18.1,VRF_UUID:7a42a73f-ccdf-5c4a-b51a-d46d8b6e2347,34.612595,-116.600487,1041.0
POS,18.1,VRF_UUID:9b1d408d-cb09-5e5a-aa33-a28c7f8d625f,34.612821,-116.600487,1041.0
POS,18.1,VRF_UUID:a36ca22e-f386-527a-bbec-961f79281285,34.612866,-116.600869,1041.0
POS,18.1,VRF_UUID:cde66adc-7a34-a14d-bd51-a3df4032e6a1,NaN,-90.000000,NaN
POS,18.1,VRF_UUID:d0e68297-a541-5552-b486-58d85437f9a2,NaN,-90.000000,NaN
POS,18.1,VRF_UUID:f864e51f-e571-704f-92e4-108201ec1049,NaN,-90.000000,NaN
# t=18.1s reflected=9 readable=8
POS,23.1,VRF_UUID:0e8b9d56-ea95-5c7c-ac1a-8444d532b1b3,34.612956,-116.600487,1041.0
POS,23.1,VRF_UUID:29c7ec8a-286e-55e8-a092-e46cb3d6f5a2,34.612866,-116.600105,1041.0
POS,23.1,VRF_UUID:7a42a73f-ccdf-5c4a-b51a-d46d8b6e2347,34.612595,-116.600487,1041.0
POS,23.1,VRF_UUID:9b1d408d-cb09-5e5a-aa33-a28c7f8d625f,34.612821,-116.600487,1041.0
POS,23.1,VRF_UUID:a36ca22e-f386-527a-bbec-961f79281285,34.612866,-116.600869,1041.0
POS,23.1,VRF_UUID:cde66adc-7a34-a14d-bd51-a3df4032e6a1,NaN,-90.000000,NaN
POS,23.1,VRF_UUID:d0e68297-a541-5552-b486-58d85437f9a2,NaN,-90.000000,NaN
POS,23.1,VRF_UUID:f864e51f-e571-704f-92e4-108201ec1049,NaN,-90.000000,NaN
# t=23.1s reflected=9 readable=8
POS,28.1,VRF_UUID:0e8b9d56-ea95-5c7c-ac1a-8444d532b1b3,34.612956,-116.600487,1041.0
POS,28.1,VRF_UUID:29c7ec8a-286e-55e8-a092-e46cb3d6f5a2,34.612866,-116.600105,1041.0
POS,28.1,VRF_UUID:7a42a73f-ccdf-5c4a-b51a-d46d8b6e2347,34.612595,-116.600487,1041.0
POS,28.1,VRF_UUID:9b1d408d-cb09-5e5a-aa33-a28c7f8d625f,34.612821,-116.600487,1041.0
POS,28.1,VRF_UUID:a36ca22e-f386-527a-bbec-961f79281285,34.612866,-116.600869,1041.0
POS,28.1,VRF_UUID:cde66adc-7a34-a14d-bd51-a3df4032e6a1,NaN,-90.000000,NaN
POS,28.1,VRF_UUID:d0e68297-a541-5552-b486-58d85437f9a2,NaN,-90.000000,NaN
POS,28.1,VRF_UUID:f864e51f-e571-704f-92e4-108201ec1049,NaN,-90.000000,NaN
# t=28.1s reflected=9 readable=8
[..] bridge.Stop() - resigning...
[OK] resigned cleanly.
