checking for RDTSCP instruction...Success.  Using RDTSCP for time
RDTSCP Timing Probe: 2426760224 ticks per second
=== WatchVrf - position + Object Console telemetry (R3 / groundwork 0.6) ===
    federation=CWIX-2024 appNumber=3576 duration=300s sample=5s

[..] bridge.Start() - joining the federation...
Using MAK Technologies' RTI version 4.6.1 HLA 1516-2010 for Microsoft Visual C++ version 14.0 Release Mode.
Connected to RTI Assistant.
Loading Config File: C:\MAK\makRti4.6.1\rid.mtl
INFO[Util] 14:34:07.698 T:45216 MAK::DtInitializer::loadConfigScript: Loading config file: vrfLegion.lua
[OK] joined; discovering + sampling (POS,t,uuid,lat,lon,alt ; CON,t,uuid,level,msg ; TSK,t,marking,taskType ; RPT,t,text)...
POS,3,VRF_UUID:0e8b9d56-ea95-5c7c-ac1a-8444d532b1b3,34.612956,-116.600487,1041.0
POS,3,VRF_UUID:29c7ec8a-286e-55e8-a092-e46cb3d6f5a2,34.612866,-116.600105,1041.0
POS,3,VRF_UUID:7a42a73f-ccdf-5c4a-b51a-d46d8b6e2347,34.612595,-116.600487,1041.0
POS,3,VRF_UUID:9b1d408d-cb09-5e5a-aa33-a28c7f8d625f,34.612821,-116.600487,1041.0
POS,3,VRF_UUID:a36ca22e-f386-527a-bbec-961f79281285,34.612866,-116.600869,1041.0
POS,3,VRF_UUID:cde66adc-7a34-a14d-bd51-a3df4032e6a1,NaN,-90.000000,NaN
POS,3,VRF_UUID:d0e68297-a541-5552-b486-58d85437f9a2,NaN,-90.000000,NaN
POS,3,VRF_UUID:f864e51f-e571-704f-92e4-108201ec1049,NaN,-90.000000,NaN
# t=3s reflected=9 readable=8
POS,8,VRF_UUID:0e8b9d56-ea95-5c7c-ac1a-8444d532b1b3,34.612956,-116.600487,1041.0
POS,8,VRF_UUID:29c7ec8a-286e-55e8-a092-e46cb3d6f5a2,34.612866,-116.600105,1041.0
POS,8,VRF_UUID:7a42a73f-ccdf-5c4a-b51a-d46d8b6e2347,34.612595,-116.600487,1041.0
POS,8,VRF_UUID:9b1d408d-cb09-5e5a-aa33-a28c7f8d625f,34.612821,-116.600487,1041.0
POS,8,VRF_UUID:a36ca22e-f386-527a-bbec-961f79281285,34.612866,-116.600869,1041.0
POS,8,VRF_UUID:cde66adc-7a34-a14d-bd51-a3df4032e6a1,NaN,-90.000000,NaN
POS,8,VRF_UUID:d0e68297-a541-5552-b486-58d85437f9a2,NaN,-90.000000,NaN
POS,8,VRF_UUID:f864e51f-e571-704f-92e4-108201ec1049,NaN,-90.000000,NaN
# t=8s reflected=9 readable=8
POS,13,VRF_UUID:0e8b9d56-ea95-5c7c-ac1a-8444d532b1b3,34.612956,-116.600487,1041.0
POS,13,VRF_UUID:29c7ec8a-286e-55e8-a092-e46cb3d6f5a2,34.612866,-116.600105,1041.0
POS,13,VRF_UUID:7a42a73f-ccdf-5c4a-b51a-d46d8b6e2347,34.612595,-116.600487,1041.0
POS,13,VRF_UUID:9b1d408d-cb09-5e5a-aa33-a28c7f8d625f,34.612821,-116.600487,1041.0
POS,13,VRF_UUID:a36ca22e-f386-527a-bbec-961f79281285,34.612866,-116.600869,1041.0
POS,13,VRF_UUID:cde66adc-7a34-a14d-bd51-a3df4032e6a1,NaN,-90.000000,NaN
POS,13,VRF_UUID:d0e68297-a541-5552-b486-58d85437f9a2,NaN,-90.000000,NaN
POS,13,VRF_UUID:f864e51f-e571-704f-92e4-108201ec1049,NaN,-90.000000,NaN
# t=13s reflected=9 readable=8
POS,18.1,VRF_UUID:0e8b9d56-ea95-5c7c-ac1a-8444d532b1b3,34.612956,-116.600487,1041.0
POS,18.1,VRF_UUID:29c7ec8a-286e-55e8-a092-e46cb3d6f5a2,34.612866,-116.600105,1041.0
POS,18.1,VRF_UUID:7a42a73f-ccdf-5c4a-b51a-d46d8b6e2347,34.612595,-116.600487,1041.0
POS,18.1,VRF_UUID:9b1d408d-cb09-5e5a-aa33-a28c7f8d625f,34.612821,-116.600487,1041.0
POS,18.1,VRF_UUID:a36ca22e-f386-527a-bbec-961f79281285,34.612866,-116.600869,1041.0
POS,18.1,VRF_UUID:cde66adc-7a34-a14d-bd51-a3df4032e6a1,NaN,-90.000000,NaN
POS,18.1,VRF_UUID:d0e68297-a541-5552-b486-58d85437f9a2,NaN,-90.000000,NaN
POS,18.1,VRF_UUID:f864e51f-e571-704f-92e4-108201ec1049,NaN,-90.000000,NaN
# t=18.1s reflected=9 readable=8
POS,23.1,VRF_UUID:0e8b9d56-ea95-5c7c-ac1a-8444d532b1b3,34.612956,-116.600487,1041.0
POS,23.1,VRF_UUID:29c7ec8a-286e-55e8-a092-e46cb3d6f5a2,34.612866,-116.600105,1041.0
POS,23.1,VRF_UUID:7a42a73f-ccdf-5c4a-b51a-d46d8b6e2347,34.612595,-116.600487,1041.0
POS,23.1,VRF_UUID:9b1d408d-cb09-5e5a-aa33-a28c7f8d625f,34.612821,-116.600487,1041.0
POS,23.1,VRF_UUID:a36ca22e-f386-527a-bbec-961f79281285,34.612866,-116.600869,1041.0
POS,23.1,VRF_UUID:cde66adc-7a34-a14d-bd51-a3df4032e6a1,NaN,-90.000000,NaN
POS,23.1,VRF_UUID:d0e68297-a541-5552-b486-58d85437f9a2,NaN,-90.000000,NaN
POS,23.1,VRF_UUID:f864e51f-e571-704f-92e4-108201ec1049,NaN,-90.000000,NaN
# t=23.1s reflected=9 readable=8
POS,28.1,VRF_UUID:0e8b9d56-ea95-5c7c-ac1a-8444d532b1b3,34.612956,-116.600487,1041.0
POS,28.1,VRF_UUID:29c7ec8a-286e-55e8-a092-e46cb3d6f5a2,34.612866,-116.600105,1041.0
POS,28.1,VRF_UUID:7a42a73f-ccdf-5c4a-b51a-d46d8b6e2347,34.612595,-116.600487,1041.0
POS,28.1,VRF_UUID:9b1d408d-cb09-5e5a-aa33-a28c7f8d625f,34.612821,-116.600487,1041.0
POS,28.1,VRF_UUID:a36ca22e-f386-527a-bbec-961f79281285,34.612866,-116.600869,1041.0
POS,28.1,VRF_UUID:cde66adc-7a34-a14d-bd51-a3df4032e6a1,NaN,-90.000000,NaN
POS,28.1,VRF_UUID:d0e68297-a541-5552-b486-58d85437f9a2,NaN,-90.000000,NaN
POS,28.1,VRF_UUID:f864e51f-e571-704f-92e4-108201ec1049,NaN,-90.000000,NaN
# t=28.1s reflected=9 readable=8
RPT,31,"POSITION ""AR Plt 1"" 34.612821 -116.600486"
RPT,31,"POSITION ""M1A2 1"" 34.612956 -116.600487"
RPT,31,"POSITION ""M1A2 3"" 34.612891 -116.600686"
RPT,31,"POSITION ""M1A2 4"" 34.612661 -116.600321"
POS,33.1,VRF_UUID:0e8b9d56-ea95-5c7c-ac1a-8444d532b1b3,34.612903,-116.558718,1002.7
POS,33.1,VRF_UUID:29c7ec8a-286e-55e8-a092-e46cb3d6f5a2,34.612861,-116.597893,1038.2
POS,33.1,VRF_UUID:356e33aa-eff1-3940-b9a2-95094f0b2781,NaN,-90.000000,NaN
POS,33.1,VRF_UUID:3890c1fe-247f-6444-a530-6a69327e0bad,NaN,-90.000000,NaN
POS,33.1,VRF_UUID:625c9231-8bd7-8c4a-9bdc-03dfbdbc65b3,NaN,-90.000000,NaN
POS,33.1,VRF_UUID:64a1476f-cb5d-fb43-834f-2ebbdb3cef96,NaN,-90.000000,NaN
POS,33.1,VRF_UUID:7a42a73f-ccdf-5c4a-b51a-d46d8b6e2347,34.611264,-116.603617,1043.1
POS,33.1,VRF_UUID:9b1d408d-cb09-5e5a-aa33-a28c7f8d625f,34.612240,-116.601731,1041.6
POS,33.1,VRF_UUID:a36ca22e-f386-527a-bbec-961f79281285,34.612443,-116.604380,1044.1
POS,33.1,VRF_UUID:cde66adc-7a34-a14d-bd51-a3df4032e6a1,NaN,-90.000000,NaN
POS,33.1,VRF_UUID:d0e68297-a541-5552-b486-58d85437f9a2,NaN,-90.000000,NaN
POS,33.1,VRF_UUID:f864e51f-e571-704f-92e4-108201ec1049,NaN,-90.000000,NaN
# t=33.1s reflected=13 readable=12
POS,38.2,VRF_UUID:0e8b9d56-ea95-5c7c-ac1a-8444d532b1b3,34.612958,-116.610616,1050.1
POS,38.2,VRF_UUID:29c7ec8a-286e-55e8-a092-e46cb3d6f5a2,34.601002,-116.556565,997.9
POS,38.2,VRF_UUID:356e33aa-eff1-3940-b9a2-95094f0b2781,NaN,-90.000000,NaN
POS,38.2,VRF_UUID:3890c1fe-247f-6444-a530-6a69327e0bad,NaN,-90.000000,NaN
POS,38.2,VRF_UUID:625c9231-8bd7-8c4a-9bdc-03dfbdbc65b3,NaN,-90.000000,NaN
POS,38.2,VRF_UUID:64a1476f-cb5d-fb43-834f-2ebbdb3cef96,NaN,-90.000000,NaN
POS,38.2,VRF_UUID:7a42a73f-ccdf-5c4a-b51a-d46d8b6e2347,34.586940,-116.661086,1093.7
POS,38.2,VRF_UUID:9b1d408d-cb09-5e5a-aa33-a28c7f8d625f,34.612621,-116.603615,1043.5
POS,38.2,VRF_UUID:a36ca22e-f386-527a-bbec-961f79281285,34.612954,-116.604339,1044.2
POS,38.2,VRF_UUID:cde66adc-7a34-a14d-bd51-a3df4032e6a1,NaN,-90.000000,NaN
POS,38.2,VRF_UUID:d0e68297-a541-5552-b486-58d85437f9a2,NaN,-90.000000,NaN
POS,38.2,VRF_UUID:f864e51f-e571-704f-92e4-108201ec1049,NaN,-90.000000,NaN
# t=38.2s reflected=13 readable=12
RPT,41.1,"POSITION ""M1A2 2"" 34.612966 -116.599914"
POS,43.2,VRF_UUID:0e8b9d56-ea95-5c7c-ac1a-8444d532b1b3,34.612950,-116.598185,1038.5
POS,43.2,VRF_UUID:29c7ec8a-286e-55e8-a092-e46cb3d6f5a2,34.613022,-116.627860,1066.7
POS,43.2,VRF_UUID:356e33aa-eff1-3940-b9a2-95094f0b2781,NaN,-90.000000,NaN
POS,43.2,VRF_UUID:3890c1fe-247f-6444-a530-6a69327e0bad,NaN,-90.000000,NaN
POS,43.2,VRF_UUID:625c9231-8bd7-8c4a-9bdc-03dfbdbc65b3,NaN,-90.000000,NaN
POS,43.2,VRF_UUID:64a1476f-cb5d-fb43-834f-2ebbdb3cef96,NaN,-90.000000,NaN
POS,43.2,VRF_UUID:7a42a73f-ccdf-5c4a-b51a-d46d8b6e2347,34.612526,-116.564979,1008.1
POS,43.2,VRF_UUID:9b1d408d-cb09-5e5a-aa33-a28c7f8d625f,34.613143,-116.604100,1044.0
POS,43.2,VRF_UUID:a36ca22e-f386-527a-bbec-961f79281285,34.612959,-116.604342,1044.2
POS,43.2,VRF_UUID:cde66adc-7a34-a14d-bd51-a3df4032e6a1,NaN,-90.000000,NaN
POS,43.2,VRF_UUID:d0e68297-a541-5552-b486-58d85437f9a2,NaN,-90.000000,NaN
POS,43.2,VRF_UUID:f864e51f-e571-704f-92e4-108201ec1049,NaN,-90.000000,NaN
# t=43.2s reflected=13 readable=12
POS,48.2,VRF_UUID:0e8b9d56-ea95-5c7c-ac1a-8444d532b1b3,34.612950,-116.543680,989.6
POS,48.2,VRF_UUID:29c7ec8a-286e-55e8-a092-e46cb3d6f5a2,34.612943,-116.540714,987.0
POS,48.2,VRF_UUID:356e33aa-eff1-3940-b9a2-95094f0b2781,NaN,-90.000000,NaN
POS,48.2,VRF_UUID:3890c1fe-247f-6444-a530-6a69327e0bad,NaN,-90.000000,NaN
POS,48.2,VRF_UUID:625c9231-8bd7-8c4a-9bdc-03dfbdbc65b3,NaN,-90.000000,NaN
POS,48.2,VRF_UUID:64a1476f-cb5d-fb43-834f-2ebbdb3cef96,NaN,-90.000000,NaN
POS,48.2,VRF_UUID:7a42a73f-ccdf-5c4a-b51a-d46d8b6e2347,34.612944,-116.543690,989.6
POS,48.2,VRF_UUID:9b1d408d-cb09-5e5a-aa33-a28c7f8d625f,34.612962,-116.604385,1044.3
POS,48.2,VRF_UUID:a36ca22e-f386-527a-bbec-961f79281285,34.612957,-116.604338,1044.2
POS,48.2,VRF_UUID:cde66adc-7a34-a14d-bd51-a3df4032e6a1,NaN,-90.000000,NaN
POS,48.2,VRF_UUID:d0e68297-a541-5552-b486-58d85437f9a2,NaN,-90.000000,NaN
POS,48.2,VRF_UUID:f864e51f-e571-704f-92e4-108201ec1049,NaN,-90.000000,NaN
# t=48.2s reflected=13 readable=12
POS,53.2,VRF_UUID:0e8b9d56-ea95-5c7c-ac1a-8444d532b1b3,34.613287,-116.557637,1001.8
POS,53.2,VRF_UUID:29c7ec8a-286e-55e8-a092-e46cb3d6f5a2,34.612953,-116.624059,1063.1
POS,53.2,VRF_UUID:356e33aa-eff1-3940-b9a2-95094f0b2781,NaN,-90.000000,NaN
POS,53.2,VRF_UUID:3890c1fe-247f-6444-a530-6a69327e0bad,NaN,-90.000000,NaN
POS,53.2,VRF_UUID:625c9231-8bd7-8c4a-9bdc-03dfbdbc65b3,NaN,-90.000000,NaN
POS,53.2,VRF_UUID:64a1476f-cb5d-fb43-834f-2ebbdb3cef96,NaN,-90.000000,NaN
POS,53.2,VRF_UUID:7a42a73f-ccdf-5c4a-b51a-d46d8b6e2347,34.612912,-116.608799,1048.4
POS,53.2,VRF_UUID:9b1d408d-cb09-5e5a-aa33-a28c7f8d625f,34.612959,-116.604429,1044.3
POS,53.2,VRF_UUID:a36ca22e-f386-527a-bbec-961f79281285,34.612957,-116.604338,1044.2
POS,53.2,VRF_UUID:cde66adc-7a34-a14d-bd51-a3df4032e6a1,NaN,-90.000000,NaN
POS,53.2,VRF_UUID:d0e68297-a541-5552-b486-58d85437f9a2,NaN,-90.000000,NaN
POS,53.2,VRF_UUID:f864e51f-e571-704f-92e4-108201ec1049,NaN,-90.000000,NaN
# t=53.2s reflected=13 readable=12
POS,58.2,VRF_UUID:0e8b9d56-ea95-5c7c-ac1a-8444d532b1b3,34.612950,-116.585143,1023.7
POS,58.2,VRF_UUID:29c7ec8a-286e-55e8-a092-e46cb3d6f5a2,34.612956,-116.597980,1038.3
POS,58.2,VRF_UUID:356e33aa-eff1-3940-b9a2-95094f0b2781,NaN,-90.000000,NaN
POS,58.2,VRF_UUID:3890c1fe-247f-6444-a530-6a69327e0bad,NaN,-90.000000,NaN
POS,58.2,VRF_UUID:625c9231-8bd7-8c4a-9bdc-03dfbdbc65b3,NaN,-90.000000,NaN
POS,58.2,VRF_UUID:7a42a73f-ccdf-5c4a-b51a-d46d8b6e2347,34.612980,-116.560094,995.9
POS,58.2,VRF_UUID:9b1d408d-cb09-5e5a-aa33-a28c7f8d625f,34.612940,-116.604507,1044.5
POS,58.2,VRF_UUID:a36ca22e-f386-527a-bbec-961f79281285,34.612958,-116.604350,1045.6
POS,58.2,VRF_UUID:cde66adc-7a34-a14d-bd51-a3df4032e6a1,NaN,-90.000000,NaN
POS,58.2,VRF_UUID:d0e68297-a541-5552-b486-58d85437f9a2,NaN,-90.000000,NaN
POS,58.2,VRF_UUID:f864e51f-e571-704f-92e4-108201ec1049,NaN,-90.000000,NaN
# t=58.2s reflected=13 readable=11
POS,63.2,VRF_UUID:0e8b9d56-ea95-5c7c-ac1a-8444d532b1b3,34.612956,-116.597438,1037.7
POS,63.2,VRF_UUID:29c7ec8a-286e-55e8-a092-e46cb3d6f5a2,34.612956,-116.597980,1038.3
POS,63.2,VRF_UUID:356e33aa-eff1-3940-b9a2-95094f0b2781,NaN,-90.000000,NaN
POS,63.2,VRF_UUID:625c9231-8bd7-8c4a-9bdc-03dfbdbc65b3,NaN,-90.000000,NaN
POS,63.2,VRF_UUID:7a42a73f-ccdf-5c4a-b51a-d46d8b6e2347,34.612928,-116.518433,951.5
POS,63.2,VRF_UUID:9b1d408d-cb09-5e5a-aa33-a28c7f8d625f,34.612962,-116.601188,1042.0
POS,63.2,VRF_UUID:a36ca22e-f386-527a-bbec-961f79281285,34.612952,-116.604336,1045.6
POS,63.2,VRF_UUID:cde66adc-7a34-a14d-bd51-a3df4032e6a1,NaN,-90.000000,NaN
POS,63.2,VRF_UUID:d0e68297-a541-5552-b486-58d85437f9a2,NaN,-90.000000,NaN
POS,63.2,VRF_UUID:f864e51f-e571-704f-92e4-108201ec1049,NaN,-90.000000,NaN
# t=63.2s reflected=13 readable=10
POS,68.2,VRF_UUID:0e8b9d56-ea95-5c7c-ac1a-8444d532b1b3,34.612956,-116.597438,1037.7
POS,68.2,VRF_UUID:29c7ec8a-286e-55e8-a092-e46cb3d6f5a2,34.612956,-116.597980,1038.3
POS,68.2,VRF_UUID:7a42a73f-ccdf-5c4a-b51a-d46d8b6e2347,34.612793,-116.799592,1295.8
POS,68.2,VRF_UUID:9b1d408d-cb09-5e5a-aa33-a28c7f8d625f,34.612955,-116.598162,1038.5
POS,68.2,VRF_UUID:a36ca22e-f386-527a-bbec-961f79281285,34.612953,-116.596923,1037.1
POS,68.2,VRF_UUID:cde66adc-7a34-a14d-bd51-a3df4032e6a1,NaN,-90.000000,NaN
POS,68.2,VRF_UUID:d0e68297-a541-5552-b486-58d85437f9a2,NaN,-90.000000,NaN
POS,68.2,VRF_UUID:f864e51f-e571-704f-92e4-108201ec1049,NaN,-90.000000,NaN
# t=68.2s reflected=13 readable=8
POS,73.3,VRF_UUID:0e8b9d56-ea95-5c7c-ac1a-8444d532b1b3,34.612956,-116.597438,1037.7
POS,73.3,VRF_UUID:29c7ec8a-286e-55e8-a092-e46cb3d6f5a2,34.612956,-116.597980,1038.3
POS,73.3,VRF_UUID:7a42a73f-ccdf-5c4a-b51a-d46d8b6e2347,34.612956,-116.596375,1036.5
POS,73.3,VRF_UUID:9b1d408d-cb09-5e5a-aa33-a28c7f8d625f,34.612955,-116.597179,1037.4
POS,73.3,VRF_UUID:a36ca22e-f386-527a-bbec-961f79281285,34.612953,-116.596923,1037.1
POS,73.3,VRF_UUID:cde66adc-7a34-a14d-bd51-a3df4032e6a1,NaN,-90.000000,NaN
POS,73.3,VRF_UUID:d0e68297-a541-5552-b486-58d85437f9a2,NaN,-90.000000,NaN
POS,73.3,VRF_UUID:f864e51f-e571-704f-92e4-108201ec1049,NaN,-90.000000,NaN
# t=73.3s reflected=13 readable=8
POS,78.3,VRF_UUID:0e8b9d56-ea95-5c7c-ac1a-8444d532b1b3,34.612956,-116.597438,1037.7
POS,78.3,VRF_UUID:29c7ec8a-286e-55e8-a092-e46cb3d6f5a2,34.612956,-116.597980,1038.3
POS,78.3,VRF_UUID:7a42a73f-ccdf-5c4a-b51a-d46d8b6e2347,34.612956,-116.596375,1036.5
POS,78.3,VRF_UUID:9b1d408d-cb09-5e5a-aa33-a28c7f8d625f,34.612955,-116.597179,1037.4
POS,78.3,VRF_UUID:a36ca22e-f386-527a-bbec-961f79281285,34.612953,-116.596923,1037.1
POS,78.3,VRF_UUID:cde66adc-7a34-a14d-bd51-a3df4032e6a1,NaN,-90.000000,NaN
POS,78.3,VRF_UUID:d0e68297-a541-5552-b486-58d85437f9a2,NaN,-90.000000,NaN
POS,78.3,VRF_UUID:f864e51f-e571-704f-92e4-108201ec1049,NaN,-90.000000,NaN
# t=78.3s reflected=13 readable=8
POS,83.3,VRF_UUID:0e8b9d56-ea95-5c7c-ac1a-8444d532b1b3,34.612956,-116.597438,1037.7
POS,83.3,VRF_UUID:29c7ec8a-286e-55e8-a092-e46cb3d6f5a2,34.612956,-116.597980,1038.3
POS,83.3,VRF_UUID:7a42a73f-ccdf-5c4a-b51a-d46d8b6e2347,34.612956,-116.596375,1036.5
POS,83.3,VRF_UUID:9b1d408d-cb09-5e5a-aa33-a28c7f8d625f,34.612955,-116.597179,1037.4
POS,83.3,VRF_UUID:a36ca22e-f386-527a-bbec-961f79281285,34.612953,-116.596923,1037.1
POS,83.3,VRF_UUID:cde66adc-7a34-a14d-bd51-a3df4032e6a1,NaN,-90.000000,NaN
POS,83.3,VRF_UUID:d0e68297-a541-5552-b486-58d85437f9a2,NaN,-90.000000,NaN
POS,83.3,VRF_UUID:f864e51f-e571-704f-92e4-108201ec1049,NaN,-90.000000,NaN
# t=83.3s reflected=13 readable=8
POS,88.3,VRF_UUID:0e8b9d56-ea95-5c7c-ac1a-8444d532b1b3,34.612956,-116.597438,1037.7
POS,88.3,VRF_UUID:29c7ec8a-286e-55e8-a092-e46cb3d6f5a2,34.612956,-116.597980,1038.3
POS,88.3,VRF_UUID:7a42a73f-ccdf-5c4a-b51a-d46d8b6e2347,34.612956,-116.596375,1036.5
POS,88.3,VRF_UUID:9b1d408d-cb09-5e5a-aa33-a28c7f8d625f,34.612955,-116.597179,1037.4
POS,88.3,VRF_UUID:a36ca22e-f386-527a-bbec-961f79281285,34.612953,-116.596923,1037.1
POS,88.3,VRF_UUID:cde66adc-7a34-a14d-bd51-a3df4032e6a1,NaN,-90.000000,NaN
POS,88.3,VRF_UUID:d0e68297-a541-5552-b486-58d85437f9a2,NaN,-90.000000,NaN
POS,88.3,VRF_UUID:f864e51f-e571-704f-92e4-108201ec1049,NaN,-90.000000,NaN
# t=88.3s reflected=13 readable=8
RPT,92.4,"POSITION ""AR Plt 1"" 34.612955 -116.597179"
RPT,92.6,"POSITION ""M1A2 3"" 34.612953 -116.596923"
RPT,92.8,"POSITION ""M1A2 1"" 34.612956 -116.597438"
RPT,92.8,"POSITION ""M1A2 4"" 34.612956 -116.596375"
POS,93.3,VRF_UUID:0e8b9d56-ea95-5c7c-ac1a-8444d532b1b3,34.612956,-116.597438,1037.7
POS,93.3,VRF_UUID:29c7ec8a-286e-55e8-a092-e46cb3d6f5a2,34.612956,-116.597980,1038.3
POS,93.3,VRF_UUID:7a42a73f-ccdf-5c4a-b51a-d46d8b6e2347,34.612956,-116.596375,1036.5
POS,93.3,VRF_UUID:9b1d408d-cb09-5e5a-aa33-a28c7f8d625f,34.612955,-116.597179,1037.4
POS,93.3,VRF_UUID:a36ca22e-f386-527a-bbec-961f79281285,34.612953,-116.596923,1037.1
POS,93.3,VRF_UUID:cde66adc-7a34-a14d-bd51-a3df4032e6a1,NaN,-90.000000,NaN
POS,93.3,VRF_UUID:d0e68297-a541-5552-b486-58d85437f9a2,NaN,-90.000000,NaN
POS,93.3,VRF_UUID:f864e51f-e571-704f-92e4-108201ec1049,NaN,-90.000000,NaN
# t=93.3s reflected=13 readable=8
POS,98.3,VRF_UUID:0e8b9d56-ea95-5c7c-ac1a-8444d532b1b3,34.612956,-116.597438,1037.7
POS,98.3,VRF_UUID:29c7ec8a-286e-55e8-a092-e46cb3d6f5a2,34.612956,-116.597980,1038.3
POS,98.3,VRF_UUID:7a42a73f-ccdf-5c4a-b51a-d46d8b6e2347,34.612956,-116.596375,1036.5
POS,98.3,VRF_UUID:9b1d408d-cb09-5e5a-aa33-a28c7f8d625f,34.612955,-116.597179,1037.4
POS,98.3,VRF_UUID:a36ca22e-f386-527a-bbec-961f79281285,34.612953,-116.596923,1037.1
POS,98.3,VRF_UUID:cde66adc-7a34-a14d-bd51-a3df4032e6a1,NaN,-90.000000,NaN
POS,98.3,VRF_UUID:d0e68297-a541-5552-b486-58d85437f9a2,NaN,-90.000000,NaN
POS,98.3,VRF_UUID:f864e51f-e571-704f-92e4-108201ec1049,NaN,-90.000000,NaN
# t=98.3s reflected=13 readable=8
RPT,102.3,"POSITION ""M1A2 2"" 34.612956 -116.597980"
POS,103.4,VRF_UUID:0e8b9d56-ea95-5c7c-ac1a-8444d532b1b3,34.612956,-116.597438,1037.7
POS,103.4,VRF_UUID:29c7ec8a-286e-55e8-a092-e46cb3d6f5a2,34.612956,-116.597980,1038.3
POS,103.4,VRF_UUID:7a42a73f-ccdf-5c4a-b51a-d46d8b6e2347,34.612956,-116.596375,1036.5
POS,103.4,VRF_UUID:9b1d408d-cb09-5e5a-aa33-a28c7f8d625f,34.612955,-116.597179,1037.4
POS,103.4,VRF_UUID:a36ca22e-f386-527a-bbec-961f79281285,34.612953,-116.596923,1037.1
POS,103.4,VRF_UUID:cde66adc-7a34-a14d-bd51-a3df4032e6a1,NaN,-90.000000,NaN
POS,103.4,VRF_UUID:d0e68297-a541-5552-b486-58d85437f9a2,NaN,-90.000000,NaN
POS,103.4,VRF_UUID:f864e51f-e571-704f-92e4-108201ec1049,NaN,-90.000000,NaN
# t=103.4s reflected=13 readable=8
POS,108.4,VRF_UUID:0e8b9d56-ea95-5c7c-ac1a-8444d532b1b3,34.612956,-116.597438,1037.7
POS,108.4,VRF_UUID:29c7ec8a-286e-55e8-a092-e46cb3d6f5a2,34.612956,-116.597980,1038.3
POS,108.4,VRF_UUID:7a42a73f-ccdf-5c4a-b51a-d46d8b6e2347,34.612956,-116.596375,1036.5
POS,108.4,VRF_UUID:9b1d408d-cb09-5e5a-aa33-a28c7f8d625f,34.612955,-116.597179,1037.4
POS,108.4,VRF_UUID:a36ca22e-f386-527a-bbec-961f79281285,34.612953,-116.596923,1037.1
POS,108.4,VRF_UUID:cde66adc-7a34-a14d-bd51-a3df4032e6a1,NaN,-90.000000,NaN
POS,108.4,VRF_UUID:d0e68297-a541-5552-b486-58d85437f9a2,NaN,-90.000000,NaN
POS,108.4,VRF_UUID:f864e51f-e571-704f-92e4-108201ec1049,NaN,-90.000000,NaN
# t=108.4s reflected=13 readable=8
POS,113.4,VRF_UUID:0e8b9d56-ea95-5c7c-ac1a-8444d532b1b3,34.612956,-116.597438,1037.7
POS,113.4,VRF_UUID:29c7ec8a-286e-55e8-a092-e46cb3d6f5a2,34.612956,-116.597980,1038.3
POS,113.4,VRF_UUID:7a42a73f-ccdf-5c4a-b51a-d46d8b6e2347,34.612956,-116.596375,1036.5
POS,113.4,VRF_UUID:9b1d408d-cb09-5e5a-aa33-a28c7f8d625f,34.612955,-116.597179,1037.4
POS,113.4,VRF_UUID:a36ca22e-f386-527a-bbec-961f79281285,34.612953,-116.596923,1037.1
POS,113.4,VRF_UUID:cde66adc-7a34-a14d-bd51-a3df4032e6a1,NaN,-90.000000,NaN
POS,113.4,VRF_UUID:d0e68297-a541-5552-b486-58d85437f9a2,NaN,-90.000000,NaN
POS,113.4,VRF_UUID:f864e51f-e571-704f-92e4-108201ec1049,NaN,-90.000000,NaN
# t=113.4s reflected=13 readable=8
POS,118.4,VRF_UUID:0e8b9d56-ea95-5c7c-ac1a-8444d532b1b3,34.612956,-116.597438,1037.7
POS,118.4,VRF_UUID:29c7ec8a-286e-55e8-a092-e46cb3d6f5a2,34.612956,-116.597980,1038.3
POS,118.4,VRF_UUID:7a42a73f-ccdf-5c4a-b51a-d46d8b6e2347,34.612956,-116.596375,1036.5
POS,118.4,VRF_UUID:9b1d408d-cb09-5e5a-aa33-a28c7f8d625f,34.612955,-116.597179,1037.4
POS,118.4,VRF_UUID:a36ca22e-f386-527a-bbec-961f79281285,34.612953,-116.596923,1037.1
POS,118.4,VRF_UUID:cde66adc-7a34-a14d-bd51-a3df4032e6a1,NaN,-90.000000,NaN
POS,118.4,VRF_UUID:d0e68297-a541-5552-b486-58d85437f9a2,NaN,-90.000000,NaN
POS,118.4,VRF_UUID:f864e51f-e571-704f-92e4-108201ec1049,NaN,-90.000000,NaN
# t=118.4s reflected=13 readable=8
POS,123.5,VRF_UUID:0e8b9d56-ea95-5c7c-ac1a-8444d532b1b3,34.612956,-116.597438,1037.7
POS,123.5,VRF_UUID:29c7ec8a-286e-55e8-a092-e46cb3d6f5a2,34.612956,-116.597980,1038.3
POS,123.5,VRF_UUID:7a42a73f-ccdf-5c4a-b51a-d46d8b6e2347,34.612956,-116.596375,1036.5
POS,123.5,VRF_UUID:9b1d408d-cb09-5e5a-aa33-a28c7f8d625f,34.612955,-116.597179,1037.4
POS,123.5,VRF_UUID:a36ca22e-f386-527a-bbec-961f79281285,34.612953,-116.596923,1037.1
POS,123.5,VRF_UUID:cde66adc-7a34-a14d-bd51-a3df4032e6a1,NaN,-90.000000,NaN
POS,123.5,VRF_UUID:d0e68297-a541-5552-b486-58d85437f9a2,NaN,-90.000000,NaN
POS,123.5,VRF_UUID:f864e51f-e571-704f-92e4-108201ec1049,NaN,-90.000000,NaN
# t=123.5s reflected=13 readable=8
POS,128.5,VRF_UUID:0e8b9d56-ea95-5c7c-ac1a-8444d532b1b3,34.612956,-116.597438,1037.7
POS,128.5,VRF_UUID:29c7ec8a-286e-55e8-a092-e46cb3d6f5a2,34.612956,-116.597980,1038.3
POS,128.5,VRF_UUID:7a42a73f-ccdf-5c4a-b51a-d46d8b6e2347,34.612956,-116.596375,1036.5
POS,128.5,VRF_UUID:9b1d408d-cb09-5e5a-aa33-a28c7f8d625f,34.612955,-116.597179,1037.4
POS,128.5,VRF_UUID:a36ca22e-f386-527a-bbec-961f79281285,34.612953,-116.596923,1037.1
POS,128.5,VRF_UUID:cde66adc-7a34-a14d-bd51-a3df4032e6a1,NaN,-90.000000,NaN
POS,128.5,VRF_UUID:d0e68297-a541-5552-b486-58d85437f9a2,NaN,-90.000000,NaN
POS,128.5,VRF_UUID:f864e51f-e571-704f-92e4-108201ec1049,NaN,-90.000000,NaN
# t=128.5s reflected=13 readable=8
POS,133.5,VRF_UUID:0e8b9d56-ea95-5c7c-ac1a-8444d532b1b3,34.612956,-116.597438,1037.7
POS,133.5,VRF_UUID:29c7ec8a-286e-55e8-a092-e46cb3d6f5a2,34.612956,-116.597980,1038.3
POS,133.5,VRF_UUID:7a42a73f-ccdf-5c4a-b51a-d46d8b6e2347,34.612956,-116.596375,1036.5
POS,133.5,VRF_UUID:9b1d408d-cb09-5e5a-aa33-a28c7f8d625f,34.612955,-116.597179,1037.4
POS,133.5,VRF_UUID:a36ca22e-f386-527a-bbec-961f79281285,34.612953,-116.596923,1037.1
POS,133.5,VRF_UUID:cde66adc-7a34-a14d-bd51-a3df4032e6a1,NaN,-90.000000,NaN
POS,133.5,VRF_UUID:d0e68297-a541-5552-b486-58d85437f9a2,NaN,-90.000000,NaN
POS,133.5,VRF_UUID:f864e51f-e571-704f-92e4-108201ec1049,NaN,-90.000000,NaN
# t=133.5s reflected=13 readable=8
POS,138.6,VRF_UUID:0e8b9d56-ea95-5c7c-ac1a-8444d532b1b3,34.612956,-116.597438,1037.7
POS,138.6,VRF_UUID:29c7ec8a-286e-55e8-a092-e46cb3d6f5a2,34.612956,-116.597980,1038.3
POS,138.6,VRF_UUID:7a42a73f-ccdf-5c4a-b51a-d46d8b6e2347,34.612956,-116.596375,1036.5
POS,138.6,VRF_UUID:9b1d408d-cb09-5e5a-aa33-a28c7f8d625f,34.612955,-116.597179,1037.4
POS,138.6,VRF_UUID:a36ca22e-f386-527a-bbec-961f79281285,34.612953,-116.596923,1037.1
POS,138.6,VRF_UUID:cde66adc-7a34-a14d-bd51-a3df4032e6a1,NaN,-90.000000,NaN
POS,138.6,VRF_UUID:d0e68297-a541-5552-b486-58d85437f9a2,NaN,-90.000000,NaN
POS,138.6,VRF_UUID:f864e51f-e571-704f-92e4-108201ec1049,NaN,-90.000000,NaN
# t=138.6s reflected=13 readable=8
POS,143.6,VRF_UUID:0e8b9d56-ea95-5c7c-ac1a-8444d532b1b3,34.612956,-116.597438,1037.7
POS,143.6,VRF_UUID:29c7ec8a-286e-55e8-a092-e46cb3d6f5a2,34.612956,-116.597980,1038.3
POS,143.6,VRF_UUID:7a42a73f-ccdf-5c4a-b51a-d46d8b6e2347,34.612956,-116.596375,1036.5
POS,143.6,VRF_UUID:9b1d408d-cb09-5e5a-aa33-a28c7f8d625f,34.612955,-116.597179,1037.4
POS,143.6,VRF_UUID:a36ca22e-f386-527a-bbec-961f79281285,34.612953,-116.596923,1037.1
POS,143.6,VRF_UUID:cde66adc-7a34-a14d-bd51-a3df4032e6a1,NaN,-90.000000,NaN
POS,143.6,VRF_UUID:d0e68297-a541-5552-b486-58d85437f9a2,NaN,-90.000000,NaN
POS,143.6,VRF_UUID:f864e51f-e571-704f-92e4-108201ec1049,NaN,-90.000000,NaN
# t=143.6s reflected=13 readable=8
POS,148.6,VRF_UUID:0e8b9d56-ea95-5c7c-ac1a-8444d532b1b3,34.612956,-116.597438,1037.7
POS,148.6,VRF_UUID:29c7ec8a-286e-55e8-a092-e46cb3d6f5a2,34.612956,-116.597980,1038.3
POS,148.6,VRF_UUID:7a42a73f-ccdf-5c4a-b51a-d46d8b6e2347,34.612956,-116.596375,1036.5
POS,148.6,VRF_UUID:9b1d408d-cb09-5e5a-aa33-a28c7f8d625f,34.612955,-116.597179,1037.4
POS,148.6,VRF_UUID:a36ca22e-f386-527a-bbec-961f79281285,34.612953,-116.596923,1037.1
POS,148.6,VRF_UUID:cde66adc-7a34-a14d-bd51-a3df4032e6a1,NaN,-90.000000,NaN
POS,148.6,VRF_UUID:d0e68297-a541-5552-b486-58d85437f9a2,NaN,-90.000000,NaN
POS,148.6,VRF_UUID:f864e51f-e571-704f-92e4-108201ec1049,NaN,-90.000000,NaN
# t=148.6s reflected=13 readable=8
RPT,153.2,"POSITION ""M1A2 3"" 34.612953 -116.596923"
POS,153.6,VRF_UUID:0e8b9d56-ea95-5c7c-ac1a-8444d532b1b3,34.612956,-116.597438,1037.7
POS,153.6,VRF_UUID:29c7ec8a-286e-55e8-a092-e46cb3d6f5a2,34.612956,-116.597980,1038.3
POS,153.6,VRF_UUID:7a42a73f-ccdf-5c4a-b51a-d46d8b6e2347,34.612956,-116.596375,1036.5
POS,153.6,VRF_UUID:9b1d408d-cb09-5e5a-aa33-a28c7f8d625f,34.612955,-116.597179,1037.4
POS,153.6,VRF_UUID:a36ca22e-f386-527a-bbec-961f79281285,34.612953,-116.596923,1037.1
POS,153.6,VRF_UUID:cde66adc-7a34-a14d-bd51-a3df4032e6a1,NaN,-90.000000,NaN
POS,153.6,VRF_UUID:d0e68297-a541-5552-b486-58d85437f9a2,NaN,-90.000000,NaN
POS,153.6,VRF_UUID:f864e51f-e571-704f-92e4-108201ec1049,NaN,-90.000000,NaN
# t=153.6s reflected=13 readable=8
RPT,154.8,"POSITION ""AR Plt 1"" 34.612955 -116.597179"
RPT,155.3,"POSITION ""M1A2 1"" 34.612956 -116.597438"
RPT,155.6,"POSITION ""M1A2 4"" 34.612956 -116.596375"
POS,158.6,VRF_UUID:0e8b9d56-ea95-5c7c-ac1a-8444d532b1b3,34.612956,-116.597438,1037.7
POS,158.6,VRF_UUID:29c7ec8a-286e-55e8-a092-e46cb3d6f5a2,34.612956,-116.597980,1038.3
POS,158.6,VRF_UUID:7a42a73f-ccdf-5c4a-b51a-d46d8b6e2347,34.612956,-116.596375,1036.5
POS,158.6,VRF_UUID:9b1d408d-cb09-5e5a-aa33-a28c7f8d625f,34.612955,-116.597179,1037.4
POS,158.6,VRF_UUID:a36ca22e-f386-527a-bbec-961f79281285,34.612953,-116.596923,1037.1
POS,158.6,VRF_UUID:cde66adc-7a34-a14d-bd51-a3df4032e6a1,NaN,-90.000000,NaN
POS,158.6,VRF_UUID:d0e68297-a541-5552-b486-58d85437f9a2,NaN,-90.000000,NaN
POS,158.6,VRF_UUID:f864e51f-e571-704f-92e4-108201ec1049,NaN,-90.000000,NaN
# t=158.6s reflected=13 readable=8
RPT,163.1,"POSITION ""M1A2 2"" 34.612956 -116.597980"
POS,163.7,VRF_UUID:0e8b9d56-ea95-5c7c-ac1a-8444d532b1b3,34.612956,-116.597438,1037.7
POS,163.7,VRF_UUID:29c7ec8a-286e-55e8-a092-e46cb3d6f5a2,34.612956,-116.597980,1038.3
POS,163.7,VRF_UUID:7a42a73f-ccdf-5c4a-b51a-d46d8b6e2347,34.612956,-116.596375,1036.5
POS,163.7,VRF_UUID:9b1d408d-cb09-5e5a-aa33-a28c7f8d625f,34.612955,-116.597179,1037.4
POS,163.7,VRF_UUID:a36ca22e-f386-527a-bbec-961f79281285,34.612953,-116.596923,1037.1
POS,163.7,VRF_UUID:cde66adc-7a34-a14d-bd51-a3df4032e6a1,NaN,-90.000000,NaN
POS,163.7,VRF_UUID:d0e68297-a541-5552-b486-58d85437f9a2,NaN,-90.000000,NaN
POS,163.7,VRF_UUID:f864e51f-e571-704f-92e4-108201ec1049,NaN,-90.000000,NaN
# t=163.7s reflected=13 readable=8
POS,168.7,VRF_UUID:0e8b9d56-ea95-5c7c-ac1a-8444d532b1b3,34.612956,-116.597438,1037.7
POS,168.7,VRF_UUID:29c7ec8a-286e-55e8-a092-e46cb3d6f5a2,34.612956,-116.597980,1038.3
POS,168.7,VRF_UUID:7a42a73f-ccdf-5c4a-b51a-d46d8b6e2347,34.612956,-116.596375,1036.5
POS,168.7,VRF_UUID:9b1d408d-cb09-5e5a-aa33-a28c7f8d625f,34.612955,-116.597179,1037.4
POS,168.7,VRF_UUID:a36ca22e-f386-527a-bbec-961f79281285,34.612953,-116.596923,1037.1
POS,168.7,VRF_UUID:cde66adc-7a34-a14d-bd51-a3df4032e6a1,NaN,-90.000000,NaN
POS,168.7,VRF_UUID:d0e68297-a541-5552-b486-58d85437f9a2,NaN,-90.000000,NaN
POS,168.7,VRF_UUID:f864e51f-e571-704f-92e4-108201ec1049,NaN,-90.000000,NaN
# t=168.7s reflected=13 readable=8
POS,173.7,VRF_UUID:0e8b9d56-ea95-5c7c-ac1a-8444d532b1b3,34.612956,-116.597438,1037.7
POS,173.7,VRF_UUID:29c7ec8a-286e-55e8-a092-e46cb3d6f5a2,34.612956,-116.597980,1038.3
POS,173.7,VRF_UUID:7a42a73f-ccdf-5c4a-b51a-d46d8b6e2347,34.612956,-116.596375,1036.5
POS,173.7,VRF_UUID:9b1d408d-cb09-5e5a-aa33-a28c7f8d625f,34.612955,-116.597179,1037.4
POS,173.7,VRF_UUID:a36ca22e-f386-527a-bbec-961f79281285,34.612953,-116.596923,1037.1
POS,173.7,VRF_UUID:cde66adc-7a34-a14d-bd51-a3df4032e6a1,NaN,-90.000000,NaN
POS,173.7,VRF_UUID:d0e68297-a541-5552-b486-58d85437f9a2,NaN,-90.000000,NaN
POS,173.7,VRF_UUID:f864e51f-e571-704f-92e4-108201ec1049,NaN,-90.000000,NaN
# t=173.7s reflected=13 readable=8
POS,178.7,VRF_UUID:0e8b9d56-ea95-5c7c-ac1a-8444d532b1b3,34.612956,-116.597438,1037.7
POS,178.7,VRF_UUID:29c7ec8a-286e-55e8-a092-e46cb3d6f5a2,34.612956,-116.597980,1038.3
POS,178.7,VRF_UUID:7a42a73f-ccdf-5c4a-b51a-d46d8b6e2347,34.612956,-116.596375,1036.5
POS,178.7,VRF_UUID:9b1d408d-cb09-5e5a-aa33-a28c7f8d625f,34.612955,-116.597179,1037.4
POS,178.7,VRF_UUID:a36ca22e-f386-527a-bbec-961f79281285,34.612953,-116.596923,1037.1
POS,178.7,VRF_UUID:cde66adc-7a34-a14d-bd51-a3df4032e6a1,NaN,-90.000000,NaN
POS,178.7,VRF_UUID:d0e68297-a541-5552-b486-58d85437f9a2,NaN,-90.000000,NaN
POS,178.7,VRF_UUID:f864e51f-e571-704f-92e4-108201ec1049,NaN,-90.000000,NaN
# t=178.7s reflected=13 readable=8
POS,183.7,VRF_UUID:0e8b9d56-ea95-5c7c-ac1a-8444d532b1b3,34.612956,-116.597438,1037.7
POS,183.7,VRF_UUID:29c7ec8a-286e-55e8-a092-e46cb3d6f5a2,34.612956,-116.597980,1038.3
POS,183.7,VRF_UUID:7a42a73f-ccdf-5c4a-b51a-d46d8b6e2347,34.612956,-116.596375,1036.5
POS,183.7,VRF_UUID:9b1d408d-cb09-5e5a-aa33-a28c7f8d625f,34.612955,-116.597179,1037.4
POS,183.7,VRF_UUID:a36ca22e-f386-527a-bbec-961f79281285,34.612953,-116.596923,1037.1
POS,183.7,VRF_UUID:cde66adc-7a34-a14d-bd51-a3df4032e6a1,NaN,-90.000000,NaN
POS,183.7,VRF_UUID:d0e68297-a541-5552-b486-58d85437f9a2,NaN,-90.000000,NaN
POS,183.7,VRF_UUID:f864e51f-e571-704f-92e4-108201ec1049,NaN,-90.000000,NaN
# t=183.7s reflected=13 readable=8
POS,188.7,VRF_UUID:0e8b9d56-ea95-5c7c-ac1a-8444d532b1b3,34.612956,-116.597438,1037.7
POS,188.7,VRF_UUID:29c7ec8a-286e-55e8-a092-e46cb3d6f5a2,34.612956,-116.597980,1038.3
POS,188.7,VRF_UUID:7a42a73f-ccdf-5c4a-b51a-d46d8b6e2347,34.612956,-116.596375,1036.5
POS,188.7,VRF_UUID:9b1d408d-cb09-5e5a-aa33-a28c7f8d625f,34.612955,-116.597179,1037.4
POS,188.7,VRF_UUID:a36ca22e-f386-527a-bbec-961f79281285,34.612953,-116.596923,1037.1
POS,188.7,VRF_UUID:cde66adc-7a34-a14d-bd51-a3df4032e6a1,NaN,-90.000000,NaN
POS,188.7,VRF_UUID:d0e68297-a541-5552-b486-58d85437f9a2,NaN,-90.000000,NaN
POS,188.7,VRF_UUID:f864e51f-e571-704f-92e4-108201ec1049,NaN,-90.000000,NaN
# t=188.7s reflected=13 readable=8
POS,193.7,VRF_UUID:0e8b9d56-ea95-5c7c-ac1a-8444d532b1b3,34.612956,-116.597438,1037.7
POS,193.7,VRF_UUID:29c7ec8a-286e-55e8-a092-e46cb3d6f5a2,34.612956,-116.597980,1038.3
POS,193.7,VRF_UUID:7a42a73f-ccdf-5c4a-b51a-d46d8b6e2347,34.612956,-116.596375,1036.5
POS,193.7,VRF_UUID:9b1d408d-cb09-5e5a-aa33-a28c7f8d625f,34.612955,-116.597179,1037.4
POS,193.7,VRF_UUID:a36ca22e-f386-527a-bbec-961f79281285,34.612953,-116.596923,1037.1
POS,193.7,VRF_UUID:cde66adc-7a34-a14d-bd51-a3df4032e6a1,NaN,-90.000000,NaN
POS,193.7,VRF_UUID:d0e68297-a541-5552-b486-58d85437f9a2,NaN,-90.000000,NaN
POS,193.7,VRF_UUID:f864e51f-e571-704f-92e4-108201ec1049,NaN,-90.000000,NaN
# t=193.7s reflected=13 readable=8
POS,198.7,VRF_UUID:0e8b9d56-ea95-5c7c-ac1a-8444d532b1b3,34.612956,-116.597438,1037.7
POS,198.7,VRF_UUID:29c7ec8a-286e-55e8-a092-e46cb3d6f5a2,34.612956,-116.597980,1038.3
POS,198.7,VRF_UUID:7a42a73f-ccdf-5c4a-b51a-d46d8b6e2347,34.612956,-116.596375,1036.5
POS,198.7,VRF_UUID:9b1d408d-cb09-5e5a-aa33-a28c7f8d625f,34.612955,-116.597179,1037.4
POS,198.7,VRF_UUID:a36ca22e-f386-527a-bbec-961f79281285,34.612953,-116.596923,1037.1
POS,198.7,VRF_UUID:cde66adc-7a34-a14d-bd51-a3df4032e6a1,NaN,-90.000000,NaN
POS,198.7,VRF_UUID:d0e68297-a541-5552-b486-58d85437f9a2,NaN,-90.000000,NaN
POS,198.7,VRF_UUID:f864e51f-e571-704f-92e4-108201ec1049,NaN,-90.000000,NaN
# t=198.7s reflected=13 readable=8
POS,203.7,VRF_UUID:0e8b9d56-ea95-5c7c-ac1a-8444d532b1b3,34.612956,-116.597438,1037.7
POS,203.7,VRF_UUID:29c7ec8a-286e-55e8-a092-e46cb3d6f5a2,34.612956,-116.597980,1038.3
POS,203.7,VRF_UUID:7a42a73f-ccdf-5c4a-b51a-d46d8b6e2347,34.612956,-116.596375,1036.5
POS,203.7,VRF_UUID:9b1d408d-cb09-5e5a-aa33-a28c7f8d625f,34.612955,-116.597179,1037.4
POS,203.7,VRF_UUID:a36ca22e-f386-527a-bbec-961f79281285,34.612953,-116.596923,1037.1
POS,203.7,VRF_UUID:cde66adc-7a34-a14d-bd51-a3df4032e6a1,NaN,-90.000000,NaN
POS,203.7,VRF_UUID:d0e68297-a541-5552-b486-58d85437f9a2,NaN,-90.000000,NaN
POS,203.7,VRF_UUID:f864e51f-e571-704f-92e4-108201ec1049,NaN,-90.000000,NaN
# t=203.7s reflected=13 readable=8
POS,208.8,VRF_UUID:0e8b9d56-ea95-5c7c-ac1a-8444d532b1b3,34.612956,-116.597438,1037.7
POS,208.8,VRF_UUID:29c7ec8a-286e-55e8-a092-e46cb3d6f5a2,34.612956,-116.597980,1038.3
POS,208.8,VRF_UUID:7a42a73f-ccdf-5c4a-b51a-d46d8b6e2347,34.612956,-116.596375,1036.5
POS,208.8,VRF_UUID:9b1d408d-cb09-5e5a-aa33-a28c7f8d625f,34.612955,-116.597179,1037.4
POS,208.8,VRF_UUID:a36ca22e-f386-527a-bbec-961f79281285,34.612953,-116.596923,1037.1
POS,208.8,VRF_UUID:cde66adc-7a34-a14d-bd51-a3df4032e6a1,NaN,-90.000000,NaN
POS,208.8,VRF_UUID:d0e68297-a541-5552-b486-58d85437f9a2,NaN,-90.000000,NaN
POS,208.8,VRF_UUID:f864e51f-e571-704f-92e4-108201ec1049,NaN,-90.000000,NaN
# t=208.8s reflected=13 readable=8
POS,213.9,VRF_UUID:0e8b9d56-ea95-5c7c-ac1a-8444d532b1b3,34.612956,-116.597438,1037.7
POS,213.9,VRF_UUID:29c7ec8a-286e-55e8-a092-e46cb3d6f5a2,34.612956,-116.597980,1038.3
POS,213.9,VRF_UUID:7a42a73f-ccdf-5c4a-b51a-d46d8b6e2347,34.612956,-116.596375,1036.5
POS,213.9,VRF_UUID:9b1d408d-cb09-5e5a-aa33-a28c7f8d625f,34.612955,-116.597179,1037.4
POS,213.9,VRF_UUID:a36ca22e-f386-527a-bbec-961f79281285,34.612953,-116.596923,1037.1
POS,213.9,VRF_UUID:cde66adc-7a34-a14d-bd51-a3df4032e6a1,NaN,-90.000000,NaN
POS,213.9,VRF_UUID:d0e68297-a541-5552-b486-58d85437f9a2,NaN,-90.000000,NaN
POS,213.9,VRF_UUID:f864e51f-e571-704f-92e4-108201ec1049,NaN,-90.000000,NaN
# t=213.9s reflected=13 readable=8
RPT,214,"POSITION ""M1A2 3"" 34.612953 -116.596923"
RPT,215,"POSITION ""AR Plt 1"" 34.612955 -116.597179"
RPT,216,"POSITION ""M1A2 1"" 34.612956 -116.597438"
RPT,216,"POSITION ""M1A2 4"" 34.612956 -116.596375"
POS,218.9,VRF_UUID:0e8b9d56-ea95-5c7c-ac1a-8444d532b1b3,34.612956,-116.597438,1037.7
POS,218.9,VRF_UUID:29c7ec8a-286e-55e8-a092-e46cb3d6f5a2,34.612956,-116.597980,1038.3
POS,218.9,VRF_UUID:7a42a73f-ccdf-5c4a-b51a-d46d8b6e2347,34.612956,-116.596375,1036.5
POS,218.9,VRF_UUID:9b1d408d-cb09-5e5a-aa33-a28c7f8d625f,34.612955,-116.597179,1037.4
POS,218.9,VRF_UUID:a36ca22e-f386-527a-bbec-961f79281285,34.612953,-116.596923,1037.1
POS,218.9,VRF_UUID:cde66adc-7a34-a14d-bd51-a3df4032e6a1,NaN,-90.000000,NaN
POS,218.9,VRF_UUID:d0e68297-a541-5552-b486-58d85437f9a2,NaN,-90.000000,NaN
POS,218.9,VRF_UUID:f864e51f-e571-704f-92e4-108201ec1049,NaN,-90.000000,NaN
# t=218.9s reflected=13 readable=8
POS,223.9,VRF_UUID:0e8b9d56-ea95-5c7c-ac1a-8444d532b1b3,34.612956,-116.597438,1037.7
POS,223.9,VRF_UUID:29c7ec8a-286e-55e8-a092-e46cb3d6f5a2,34.612956,-116.597980,1038.3
POS,223.9,VRF_UUID:7a42a73f-ccdf-5c4a-b51a-d46d8b6e2347,34.612956,-116.596375,1036.5
POS,223.9,VRF_UUID:9b1d408d-cb09-5e5a-aa33-a28c7f8d625f,34.612955,-116.597179,1037.4
POS,223.9,VRF_UUID:a36ca22e-f386-527a-bbec-961f79281285,34.612953,-116.596923,1037.1
POS,223.9,VRF_UUID:cde66adc-7a34-a14d-bd51-a3df4032e6a1,NaN,-90.000000,NaN
POS,223.9,VRF_UUID:d0e68297-a541-5552-b486-58d85437f9a2,NaN,-90.000000,NaN
POS,223.9,VRF_UUID:f864e51f-e571-704f-92e4-108201ec1049,NaN,-90.000000,NaN
# t=223.9s reflected=13 readable=8
RPT,224.2,"POSITION ""M1A2 2"" 34.612956 -116.597980"
POS,228.9,VRF_UUID:0e8b9d56-ea95-5c7c-ac1a-8444d532b1b3,34.612956,-116.597438,1037.7
POS,228.9,VRF_UUID:29c7ec8a-286e-55e8-a092-e46cb3d6f5a2,34.612956,-116.597980,1038.3
POS,228.9,VRF_UUID:7a42a73f-ccdf-5c4a-b51a-d46d8b6e2347,34.612956,-116.596375,1036.5
POS,228.9,VRF_UUID:9b1d408d-cb09-5e5a-aa33-a28c7f8d625f,34.612955,-116.597179,1037.4
POS,228.9,VRF_UUID:a36ca22e-f386-527a-bbec-961f79281285,34.612953,-116.596923,1037.1
POS,228.9,VRF_UUID:cde66adc-7a34-a14d-bd51-a3df4032e6a1,NaN,-90.000000,NaN
POS,228.9,VRF_UUID:d0e68297-a541-5552-b486-58d85437f9a2,NaN,-90.000000,NaN
POS,228.9,VRF_UUID:f864e51f-e571-704f-92e4-108201ec1049,NaN,-90.000000,NaN
# t=228.9s reflected=13 readable=8
POS,233.9,VRF_UUID:0e8b9d56-ea95-5c7c-ac1a-8444d532b1b3,34.612956,-116.597438,1037.7
POS,233.9,VRF_UUID:29c7ec8a-286e-55e8-a092-e46cb3d6f5a2,34.612956,-116.597980,1038.3
POS,233.9,VRF_UUID:7a42a73f-ccdf-5c4a-b51a-d46d8b6e2347,34.612956,-116.596375,1036.5
POS,233.9,VRF_UUID:9b1d408d-cb09-5e5a-aa33-a28c7f8d625f,34.612955,-116.597179,1037.4
POS,233.9,VRF_UUID:a36ca22e-f386-527a-bbec-961f79281285,34.612953,-116.596923,1037.1
POS,233.9,VRF_UUID:cde66adc-7a34-a14d-bd51-a3df4032e6a1,NaN,-90.000000,NaN
POS,233.9,VRF_UUID:d0e68297-a541-5552-b486-58d85437f9a2,NaN,-90.000000,NaN
POS,233.9,VRF_UUID:f864e51f-e571-704f-92e4-108201ec1049,NaN,-90.000000,NaN
# t=233.9s reflected=13 readable=8
POS,238.9,VRF_UUID:0e8b9d56-ea95-5c7c-ac1a-8444d532b1b3,34.612956,-116.597438,1037.7
POS,238.9,VRF_UUID:29c7ec8a-286e-55e8-a092-e46cb3d6f5a2,34.612956,-116.597980,1038.3
POS,238.9,VRF_UUID:7a42a73f-ccdf-5c4a-b51a-d46d8b6e2347,34.612956,-116.596375,1036.5
POS,238.9,VRF_UUID:9b1d408d-cb09-5e5a-aa33-a28c7f8d625f,34.612955,-116.597179,1037.4
POS,238.9,VRF_UUID:a36ca22e-f386-527a-bbec-961f79281285,34.612953,-116.596923,1037.1
POS,238.9,VRF_UUID:cde66adc-7a34-a14d-bd51-a3df4032e6a1,NaN,-90.000000,NaN
POS,238.9,VRF_UUID:d0e68297-a541-5552-b486-58d85437f9a2,NaN,-90.000000,NaN
POS,238.9,VRF_UUID:f864e51f-e571-704f-92e4-108201ec1049,NaN,-90.000000,NaN
# t=238.9s reflected=13 readable=8
POS,244,VRF_UUID:0e8b9d56-ea95-5c7c-ac1a-8444d532b1b3,34.612956,-116.597438,1037.7
POS,244,VRF_UUID:29c7ec8a-286e-55e8-a092-e46cb3d6f5a2,34.612956,-116.597980,1038.3
POS,244,VRF_UUID:7a42a73f-ccdf-5c4a-b51a-d46d8b6e2347,34.612956,-116.596375,1036.5
POS,244,VRF_UUID:9b1d408d-cb09-5e5a-aa33-a28c7f8d625f,34.612955,-116.597179,1037.4
POS,244,VRF_UUID:a36ca22e-f386-527a-bbec-961f79281285,34.612953,-116.596923,1037.1
POS,244,VRF_UUID:cde66adc-7a34-a14d-bd51-a3df4032e6a1,NaN,-90.000000,NaN
POS,244,VRF_UUID:d0e68297-a541-5552-b486-58d85437f9a2,NaN,-90.000000,NaN
POS,244,VRF_UUID:f864e51f-e571-704f-92e4-108201ec1049,NaN,-90.000000,NaN
# t=244s reflected=13 readable=8
POS,249,VRF_UUID:0e8b9d56-ea95-5c7c-ac1a-8444d532b1b3,34.612956,-116.597438,1037.7
POS,249,VRF_UUID:29c7ec8a-286e-55e8-a092-e46cb3d6f5a2,34.612956,-116.597980,1038.3
POS,249,VRF_UUID:7a42a73f-ccdf-5c4a-b51a-d46d8b6e2347,34.612956,-116.596375,1036.5
POS,249,VRF_UUID:9b1d408d-cb09-5e5a-aa33-a28c7f8d625f,34.612955,-116.597179,1037.4
POS,249,VRF_UUID:a36ca22e-f386-527a-bbec-961f79281285,34.612953,-116.596923,1037.1
POS,249,VRF_UUID:cde66adc-7a34-a14d-bd51-a3df4032e6a1,NaN,-90.000000,NaN
POS,249,VRF_UUID:d0e68297-a541-5552-b486-58d85437f9a2,NaN,-90.000000,NaN
POS,249,VRF_UUID:f864e51f-e571-704f-92e4-108201ec1049,NaN,-90.000000,NaN
# t=249s reflected=13 readable=8
POS,254,VRF_UUID:0e8b9d56-ea95-5c7c-ac1a-8444d532b1b3,34.612956,-116.597438,1037.7
POS,254,VRF_UUID:29c7ec8a-286e-55e8-a092-e46cb3d6f5a2,34.612956,-116.597980,1038.3
POS,254,VRF_UUID:7a42a73f-ccdf-5c4a-b51a-d46d8b6e2347,34.612956,-116.596375,1036.5
POS,254,VRF_UUID:9b1d408d-cb09-5e5a-aa33-a28c7f8d625f,34.612955,-116.597179,1037.4
POS,254,VRF_UUID:a36ca22e-f386-527a-bbec-961f79281285,34.612953,-116.596923,1037.1
POS,254,VRF_UUID:cde66adc-7a34-a14d-bd51-a3df4032e6a1,NaN,-90.000000,NaN
POS,254,VRF_UUID:d0e68297-a541-5552-b486-58d85437f9a2,NaN,-90.000000,NaN
POS,254,VRF_UUID:f864e51f-e571-704f-92e4-108201ec1049,NaN,-90.000000,NaN
# t=254s reflected=13 readable=8
POS,259,VRF_UUID:0e8b9d56-ea95-5c7c-ac1a-8444d532b1b3,34.612956,-116.597438,1037.7
POS,259,VRF_UUID:29c7ec8a-286e-55e8-a092-e46cb3d6f5a2,34.612956,-116.597980,1038.3
POS,259,VRF_UUID:7a42a73f-ccdf-5c4a-b51a-d46d8b6e2347,34.612956,-116.596375,1036.5
POS,259,VRF_UUID:9b1d408d-cb09-5e5a-aa33-a28c7f8d625f,34.612955,-116.597179,1037.4
POS,259,VRF_UUID:a36ca22e-f386-527a-bbec-961f79281285,34.612953,-116.596923,1037.1
POS,259,VRF_UUID:cde66adc-7a34-a14d-bd51-a3df4032e6a1,NaN,-90.000000,NaN
POS,259,VRF_UUID:d0e68297-a541-5552-b486-58d85437f9a2,NaN,-90.000000,NaN
POS,259,VRF_UUID:f864e51f-e571-704f-92e4-108201ec1049,NaN,-90.000000,NaN
# t=259s reflected=13 readable=8
POS,264,VRF_UUID:0e8b9d56-ea95-5c7c-ac1a-8444d532b1b3,34.612956,-116.597438,1037.7
POS,264,VRF_UUID:29c7ec8a-286e-55e8-a092-e46cb3d6f5a2,34.612956,-116.597980,1038.3
POS,264,VRF_UUID:7a42a73f-ccdf-5c4a-b51a-d46d8b6e2347,34.612956,-116.596375,1036.5
POS,264,VRF_UUID:9b1d408d-cb09-5e5a-aa33-a28c7f8d625f,34.612955,-116.597179,1037.4
POS,264,VRF_UUID:a36ca22e-f386-527a-bbec-961f79281285,34.612953,-116.596923,1037.1
POS,264,VRF_UUID:cde66adc-7a34-a14d-bd51-a3df4032e6a1,NaN,-90.000000,NaN
POS,264,VRF_UUID:d0e68297-a541-5552-b486-58d85437f9a2,NaN,-90.000000,NaN
POS,264,VRF_UUID:f864e51f-e571-704f-92e4-108201ec1049,NaN,-90.000000,NaN
# t=264s reflected=13 readable=8
POS,269.1,VRF_UUID:0e8b9d56-ea95-5c7c-ac1a-8444d532b1b3,34.612956,-116.597438,1037.7
POS,269.1,VRF_UUID:29c7ec8a-286e-55e8-a092-e46cb3d6f5a2,34.612956,-116.597980,1038.3
POS,269.1,VRF_UUID:7a42a73f-ccdf-5c4a-b51a-d46d8b6e2347,34.612956,-116.596375,1036.5
POS,269.1,VRF_UUID:9b1d408d-cb09-5e5a-aa33-a28c7f8d625f,34.612955,-116.597179,1037.4
POS,269.1,VRF_UUID:a36ca22e-f386-527a-bbec-961f79281285,34.612953,-116.596923,1037.1
POS,269.1,VRF_UUID:cde66adc-7a34-a14d-bd51-a3df4032e6a1,NaN,-90.000000,NaN
POS,269.1,VRF_UUID:d0e68297-a541-5552-b486-58d85437f9a2,NaN,-90.000000,NaN
POS,269.1,VRF_UUID:f864e51f-e571-704f-92e4-108201ec1049,NaN,-90.000000,NaN
# t=269.1s reflected=13 readable=8
POS,274.1,VRF_UUID:0e8b9d56-ea95-5c7c-ac1a-8444d532b1b3,34.612956,-116.597438,1037.7
POS,274.1,VRF_UUID:29c7ec8a-286e-55e8-a092-e46cb3d6f5a2,34.612956,-116.597980,1038.3
POS,274.1,VRF_UUID:7a42a73f-ccdf-5c4a-b51a-d46d8b6e2347,34.612956,-116.596375,1036.5
POS,274.1,VRF_UUID:9b1d408d-cb09-5e5a-aa33-a28c7f8d625f,34.612955,-116.597179,1037.4
POS,274.1,VRF_UUID:a36ca22e-f386-527a-bbec-961f79281285,34.612953,-116.596923,1037.1
POS,274.1,VRF_UUID:cde66adc-7a34-a14d-bd51-a3df4032e6a1,NaN,-90.000000,NaN
POS,274.1,VRF_UUID:d0e68297-a541-5552-b486-58d85437f9a2,NaN,-90.000000,NaN
POS,274.1,VRF_UUID:f864e51f-e571-704f-92e4-108201ec1049,NaN,-90.000000,NaN
# t=274.1s reflected=13 readable=8
RPT,276,"POSITION ""M1A2 3"" 34.612953 -116.596923"
RPT,276,"POSITION ""M1A2 1"" 34.612956 -116.597438"
RPT,276.1,"POSITION ""AR Plt 1"" 34.612955 -116.597179"
RPT,277.8,"POSITION ""M1A2 4"" 34.612956 -116.596375"
POS,279.1,VRF_UUID:0e8b9d56-ea95-5c7c-ac1a-8444d532b1b3,34.612956,-116.597438,1037.7
POS,279.1,VRF_UUID:29c7ec8a-286e-55e8-a092-e46cb3d6f5a2,34.612956,-116.597980,1038.3
POS,279.1,VRF_UUID:7a42a73f-ccdf-5c4a-b51a-d46d8b6e2347,34.612956,-116.596375,1036.5
POS,279.1,VRF_UUID:9b1d408d-cb09-5e5a-aa33-a28c7f8d625f,34.612955,-116.597179,1037.4
POS,279.1,VRF_UUID:a36ca22e-f386-527a-bbec-961f79281285,34.612953,-116.596923,1037.1
POS,279.1,VRF_UUID:cde66adc-7a34-a14d-bd51-a3df4032e6a1,NaN,-90.000000,NaN
POS,279.1,VRF_UUID:d0e68297-a541-5552-b486-58d85437f9a2,NaN,-90.000000,NaN
POS,279.1,VRF_UUID:f864e51f-e571-704f-92e4-108201ec1049,NaN,-90.000000,NaN
# t=279.1s reflected=13 readable=8
POS,284.1,VRF_UUID:0e8b9d56-ea95-5c7c-ac1a-8444d532b1b3,34.612956,-116.597438,1037.7
POS,284.1,VRF_UUID:29c7ec8a-286e-55e8-a092-e46cb3d6f5a2,34.612956,-116.597980,1038.3
POS,284.1,VRF_UUID:7a42a73f-ccdf-5c4a-b51a-d46d8b6e2347,34.612956,-116.596375,1036.5
POS,284.1,VRF_UUID:9b1d408d-cb09-5e5a-aa33-a28c7f8d625f,34.612955,-116.597179,1037.4
POS,284.1,VRF_UUID:a36ca22e-f386-527a-bbec-961f79281285,34.612953,-116.596923,1037.1
POS,284.1,VRF_UUID:cde66adc-7a34-a14d-bd51-a3df4032e6a1,NaN,-90.000000,NaN
POS,284.1,VRF_UUID:d0e68297-a541-5552-b486-58d85437f9a2,NaN,-90.000000,NaN
POS,284.1,VRF_UUID:f864e51f-e571-704f-92e4-108201ec1049,NaN,-90.000000,NaN
# t=284.1s reflected=13 readable=8
RPT,285.6,"POSITION ""M1A2 2"" 34.612956 -116.597980"
POS,289.1,VRF_UUID:0e8b9d56-ea95-5c7c-ac1a-8444d532b1b3,34.612956,-116.597438,1037.7
POS,289.1,VRF_UUID:29c7ec8a-286e-55e8-a092-e46cb3d6f5a2,34.612956,-116.597980,1038.3
POS,289.1,VRF_UUID:7a42a73f-ccdf-5c4a-b51a-d46d8b6e2347,34.612956,-116.596375,1036.5
POS,289.1,VRF_UUID:9b1d408d-cb09-5e5a-aa33-a28c7f8d625f,34.612955,-116.597179,1037.4
POS,289.1,VRF_UUID:a36ca22e-f386-527a-bbec-961f79281285,34.612953,-116.596923,1037.1
POS,289.1,VRF_UUID:cde66adc-7a34-a14d-bd51-a3df4032e6a1,NaN,-90.000000,NaN
POS,289.1,VRF_UUID:d0e68297-a541-5552-b486-58d85437f9a2,NaN,-90.000000,NaN
POS,289.1,VRF_UUID:f864e51f-e571-704f-92e4-108201ec1049,NaN,-90.000000,NaN
# t=289.1s reflected=13 readable=8
POS,294.2,VRF_UUID:0e8b9d56-ea95-5c7c-ac1a-8444d532b1b3,34.612956,-116.597438,1037.7
POS,294.2,VRF_UUID:29c7ec8a-286e-55e8-a092-e46cb3d6f5a2,34.612956,-116.597980,1038.3
POS,294.2,VRF_UUID:7a42a73f-ccdf-5c4a-b51a-d46d8b6e2347,34.612956,-116.596375,1036.5
POS,294.2,VRF_UUID:9b1d408d-cb09-5e5a-aa33-a28c7f8d625f,34.612955,-116.597179,1037.4
POS,294.2,VRF_UUID:a36ca22e-f386-527a-bbec-961f79281285,34.612953,-116.596923,1037.1
POS,294.2,VRF_UUID:cde66adc-7a34-a14d-bd51-a3df4032e6a1,NaN,-90.000000,NaN
POS,294.2,VRF_UUID:d0e68297-a541-5552-b486-58d85437f9a2,NaN,-90.000000,NaN
POS,294.2,VRF_UUID:f864e51f-e571-704f-92e4-108201ec1049,NaN,-90.000000,NaN
# t=294.2s reflected=13 readable=8
POS,299.2,VRF_UUID:0e8b9d56-ea95-5c7c-ac1a-8444d532b1b3,34.612956,-116.597438,1037.7
POS,299.2,VRF_UUID:29c7ec8a-286e-55e8-a092-e46cb3d6f5a2,34.612956,-116.597980,1038.3
POS,299.2,VRF_UUID:7a42a73f-ccdf-5c4a-b51a-d46d8b6e2347,34.612956,-116.596375,1036.5
POS,299.2,VRF_UUID:9b1d408d-cb09-5e5a-aa33-a28c7f8d625f,34.612955,-116.597179,1037.4
POS,299.2,VRF_UUID:a36ca22e-f386-527a-bbec-961f79281285,34.612953,-116.596923,1037.1
POS,299.2,VRF_UUID:cde66adc-7a34-a14d-bd51-a3df4032e6a1,NaN,-90.000000,NaN
POS,299.2,VRF_UUID:d0e68297-a541-5552-b486-58d85437f9a2,NaN,-90.000000,NaN
POS,299.2,VRF_UUID:f864e51f-e571-704f-92e4-108201ec1049,NaN,-90.000000,NaN
# t=299.2s reflected=13 readable=8
[..] bridge.Stop() - resigning...
[OK] resigned cleanly.
